#
# A fatal error has been detected by the Java Runtime Environment:
#
#  EXCEPTION_ACCESS_VIOLATION (0xc0000005) at pc=0x00007ffbf8f6d9aa, pid=17340, tid=23444
#
# JRE version: OpenJDK Runtime Environment (14.0.1+7) (build 14.0.1+7)
# Java VM: OpenJDK 64-Bit Server VM (14.0.1+7, mixed mode, sharing, tiered, compressed oops, g1 gc, windows-amd64)
# Problematic frame:
# V  [jvm.dll+0x29d9aa]
#
# No core dump will be written. Minidumps are not enabled by default on client versions of Windows
#
# If you would like to submit a bug report, please visit:
#   https://bugreport.java.com/bugreport/crash.jsp
#

---------------  S U M M A R Y ------------

Command Line: -Dclassworlds.conf=C:\apache-maven-3.3.9\bin\..\bin\m2.conf -Dmaven.home=C:\apache-maven-3.3.9\bin\.. -Dmaven.multiModuleProjectDirectory=c:\dependencies\nova\core org.codehaus.plexus.classworlds.launcher.Launcher clean install

Host: Intel(R) Core(TM) i7-7700HQ CPU @ 2.80GHz, 8 cores, 15G,  Windows 10 , 64 bit Build 18362 (10.0.18362.1350)
Time: Sat May  8 00:55:18 2021 Coordinated Universal Time elapsed time: 0 seconds (0d 0h 0m 0s)

---------------  T H R E A D  ---------------

Current thread (0x000001e7c95f1800):  GCTaskThread "GC Thread#0" [stack: 0x000000567e200000,0x000000567e300000] [id=23444]

Stack: [0x000000567e200000,0x000000567e300000],  sp=0x000000567e2ff5b0,  free space=1021k
Native frames: (J=compiled Java code, j=interpreted, Vv=VM code, C=native code)
V  [jvm.dll+0x29d9aa]
V  [jvm.dll+0x2c9ee8]
V  [jvm.dll+0x29ffd7]
V  [jvm.dll+0x2a0259]
V  [jvm.dll+0x2a0357]
V  [jvm.dll+0x2a5de7]
V  [jvm.dll+0x76e5d0]
V  [jvm.dll+0x6ff8ba]
V  [jvm.dll+0x5f72c6]
C  [ucrtbase.dll+0x210b2]
C  [KERNEL32.DLL+0x17c24]
C  [ntdll.dll+0x6d721]


siginfo: EXCEPTION_ACCESS_VIOLATION (0xc0000005), reading address 0x0000000000080000


Register to memory mapping:

RIP=0x00007ffbf8f6d9aa jvm.dll
RAX=0x0 is NULL
RBX=0x000000070f7114c8 is pointing into object: [Ljava.util.HashMap$Node; 
{0x000000070f7113e0} - klass: 'java/util/HashMap$Node'[]
 - length: 128
RCX=0x0000000000000014 is an unknown value
RDX=0x0 is NULL
RSP=0x000000567e2ff5b0 points into unknown readable memory: 1a 4e b9 0f 07 00 00 00
RBP=0x000000567e2ff6b0 points into unknown readable memory: 30 70 59 c9 e7 01 00 00
RSI=0x000001e7eea62c90 points into unknown readable memory: 08 12 52 f9 fb 7f 00 00
RDI=0x000001e7eea62c90 points into unknown readable memory: 08 12 52 f9 fb 7f 00 00
R8 =0x0000000000080000 is an unknown value
R9 =0x000000070f710a88 is an oop: com.google.inject.spi.InjectionPoint 
{0x000000070f710a88} - klass: 'com/google/inject/spi/InjectionPoint'
R10=0x000000000000000c is an unknown value
R11=0x0000000000000001 is an unknown value
R12=0x00007ffbf951f4b8 jvm.dll
R13=0x00000000000003d8 is an unknown value
R14=0x000001e7c95a4f68 points into unknown readable memory: 9b 00 00 00 58 02 00 00
R15=0x0 is NULL


Registers:
RAX=0x0000000000000000, RBX=0x000000070f7114c8, RCX=0x0000000000000014, RDX=0x0000000000000000
RSP=0x000000567e2ff5b0, RBP=0x000000567e2ff6b0, RSI=0x000001e7eea62c90, RDI=0x000001e7eea62c90
R8 =0x0000000000080000, R9 =0x000000070f710a88, R10=0x000000000000000c, R11=0x0000000000000001
R12=0x00007ffbf951f4b8, R13=0x00000000000003d8, R14=0x000001e7c95a4f68, R15=0x0000000000000000
RIP=0x00007ffbf8f6d9aa, EFLAGS=0x0000000000010246

Top of Stack: (sp=0x000000567e2ff5b0)
0x000000567e2ff5b0:   000000070fb94e1a 000001e7eea60001
0x000000567e2ff5c0:   000001e7eea62c90 00007ffbf8f74a7f
0x000000567e2ff5d0:   000002580000009b 00007ffbf8f99ee8
0x000000567e2ff5e0:   000002570000009b 000001e7ed1f6720
0x000000567e2ff5f0:   0000000000000000 000000567e2ff720
0x000000567e2ff600:   000002570000009b 000002580000009b
0x000000567e2ff610:   000001e7eea62c90 000000567e2ff6b0
0x000000567e2ff620:   000000070f90f0bc 000000567e2ff720
0x000000567e2ff630:   0000000000000000 000001e7eea62c90
0x000000567e2ff640:   000001e7c9589710 000000567e2ff6b0
0x000000567e2ff650:   0000000000000000 00007ffbf8f6ffd7
0x000000567e2ff660:   000002570000009b 000002580000009b
0x000000567e2ff670:   000000567e7fedf0 000000070f7114c9
0x000000567e2ff680:   0000000000000000 0000000000000000
0x000000567e2ff690:   0000000000000000 0000000000000000
0x000000567e2ff6a0:   0000000000000001 00007ffbf93df407 

Instructions: (pc=0x00007ffbf8f6d9aa)
0x00007ffbf8f6d8aa:   00 00 00 e8 ae 07 03 00 48 8b 4c 24 38 4c 8b cf
0x00007ffbf8f6d8ba:   48 89 4c 24 28 4c 8b c5 48 8b 4c 24 30 48 8b d6
0x00007ffbf8f6d8ca:   48 89 4c 24 20 48 8b d8 49 8b ce e8 a6 01 35 00
0x00007ffbf8f6d8da:   4c 8d 9c 24 90 00 00 00 48 8b c3 49 8b 5b 10 49
0x00007ffbf8f6d8ea:   8b 6b 18 49 8b 73 20 49 8b 7b 28 49 8b e3 41 5e
0x00007ffbf8f6d8fa:   c3 cc cc cc cc cc 48 8b 81 18 01 00 00 48 2b c2
0x00007ffbf8f6d90a:   48 89 81 18 01 00 00 c3 cc cc cc cc cc cc cc cc
0x00007ffbf8f6d91a:   cc cc cc cc cc cc 80 3d 21 d6 7b 00 00 74 08 48
0x00007ffbf8f6d92a:   8b ca e9 6f 44 3e 00 c3 cc cc cc cc cc cc cc cc
0x00007ffbf8f6d93a:   cc cc cc cc cc cc 66 c7 02 00 ff 48 8b c2 c3 cc
0x00007ffbf8f6d94a:   cc cc cc cc cc cc 48 89 5c 24 08 57 48 83 ec 20
0x00007ffbf8f6d95a:   48 8b da 48 8b f9 f6 c2 01 0f 84 00 01 00 00 8b
0x00007ffbf8f6d96a:   0d 21 1a 72 00 48 83 e3 fe 48 8b 47 08 44 8b 03
0x00007ffbf8f6d97a:   49 d3 e0 8b 88 48 04 00 00 48 8b 80 38 04 00 00
0x00007ffbf8f6d98a:   4c 03 05 f7 19 72 00 49 8b d0 48 d3 ea 0f b7 14
0x00007ffbf8f6d99a:   50 0f b7 c2 66 c1 e8 08 84 c0 0f 88 a3 01 00 00
0x00007ffbf8f6d9aa:   4d 8b 08 41 0f b6 c1 24 03 3c 03 75 1e 80 3d ca
0x00007ffbf8f6d9ba:   2c 72 00 00 74 0f 41 0f b6 c1 24 07 3c 05 75 05
0x00007ffbf8f6d9ca:   45 33 c9 eb 11 49 83 e1 fc eb 0b 48 8b cf e8 53
0x00007ffbf8f6d9da:   b8 02 00 4c 8b c8 8b 0d aa 19 72 00 49 8b c1 48
0x00007ffbf8f6d9ea:   2b 05 98 19 72 00 48 d3 e8 89 03 49 8b c1 8b 0d
0x00007ffbf8f6d9fa:   f2 30 7a 00 48 33 c3 48 d3 e8 48 85 c0 0f 84 40
0x00007ffbf8f6da0a:   01 00 00 48 8b 47 08 48 8b d3 48 8b 80 00 01 00
0x00007ffbf8f6da1a:   00 8b 48 68 48 8b 40 58 48 d3 ea 48 8b 0c d0 8b
0x00007ffbf8f6da2a:   81 cc 00 00 00 d1 e8 a8 01 0f 85 14 01 00 00 48
0x00007ffbf8f6da3a:   8b 47 08 49 8b d1 4c 8b c3 8b 88 48 04 00 00 48
0x00007ffbf8f6da4a:   8b 80 38 04 00 00 48 d3 ea 48 8b cf 0f b7 14 50
0x00007ffbf8f6da5a:   48 8b 5c 24 30 48 83 c4 20 5f e9 b7 d4 ff ff 0f
0x00007ffbf8f6da6a:   b6 c3 d0 e8 a8 01 0f 85 d2 00 00 00 4c 8b 02 48
0x00007ffbf8f6da7a:   8b 41 08 49 8b d0 8b 88 48 04 00 00 48 8b 80 38
0x00007ffbf8f6da8a:   04 00 00 48 d3 ea 0f b7 14 50 0f b7 c2 66 c1 e8
0x00007ffbf8f6da9a:   08 84 c0 0f 88 aa 00 00 00 4d 8b 08 41 0f b6 c1 


Stack slot to memory mapping:
stack at sp + 0 slots: 0x000000070fb94e1a is pointing into object: [Ljava.util.HashMap$Node; 
{0x000000070fb94e18} - klass: 'java/util/HashMap$Node'[]
 - length: 128
stack at sp + 1 slots: 0x000001e7eea60001 points into unknown readable memory: 63 74 69 6f 6e 3c 4c
stack at sp + 2 slots: 0x000001e7eea62c90 points into unknown readable memory: 08 12 52 f9 fb 7f 00 00
stack at sp + 3 slots: 0x00007ffbf8f74a7f jvm.dll
stack at sp + 4 slots: 0x000002580000009b is an unknown value
stack at sp + 5 slots: 0x00007ffbf8f99ee8 jvm.dll
stack at sp + 6 slots: 0x000002570000009b is an unknown value
stack at sp + 7 slots: 0x000001e7ed1f6720 points into unknown readable memory: 00 00 10 10 07 00 00 00


---------------  P R O C E S S  ---------------

Threads class SMR info:
_java_thread_list=0x000001e7ee3d2330, length=13, elements={
0x000001e7c958a800, 0x000001e7ed2cc800, 0x000001e7ed2cd800, 0x000001e7ed2ee800,
0x000001e7ed2f3800, 0x000001e7ed2f5000, 0x000001e7ed2f6000, 0x000001e7ed2fc800,
0x000001e7edbe5000, 0x000001e7edd17800, 0x000001e7edd16800, 0x000001e7ee4cd800,
0x000001e7ee58f000
}

Java Threads: ( => current thread )
  0x000001e7c958a800 JavaThread "main" [_thread_blocked, id=1064, stack(0x000000567e100000,0x000000567e200000)]
  0x000001e7ed2cc800 JavaThread "Reference Handler" daemon [_thread_blocked, id=1596, stack(0x000000567e800000,0x000000567e900000)]
  0x000001e7ed2cd800 JavaThread "Finalizer" daemon [_thread_blocked, id=12696, stack(0x000000567e900000,0x000000567ea00000)]
  0x000001e7ed2ee800 JavaThread "Signal Dispatcher" daemon [_thread_blocked, id=1504, stack(0x000000567ea00000,0x000000567eb00000)]
  0x000001e7ed2f3800 JavaThread "Attach Listener" daemon [_thread_blocked, id=4668, stack(0x000000567eb00000,0x000000567ec00000)]
  0x000001e7ed2f5000 JavaThread "Service Thread" daemon [_thread_blocked, id=292, stack(0x000000567ec00000,0x000000567ed00000)]
  0x000001e7ed2f6000 JavaThread "C2 CompilerThread0" daemon [_thread_blocked, id=19288, stack(0x000000567ed00000,0x000000567ee00000)]
  0x000001e7ed2fc800 JavaThread "C1 CompilerThread0" daemon [_thread_blocked, id=26352, stack(0x000000567ee00000,0x000000567ef00000)]
  0x000001e7edbe5000 JavaThread "Sweeper thread" daemon [_thread_blocked, id=19400, stack(0x000000567ef00000,0x000000567f000000)]
  0x000001e7edd17800 JavaThread "Notification Thread" daemon [_thread_blocked, id=4896, stack(0x000000567f000000,0x000000567f100000)]
  0x000001e7edd16800 JavaThread "Common-Cleaner" daemon [_thread_blocked, id=21020, stack(0x000000567f200000,0x000000567f300000)]
  0x000001e7ee4cd800 JavaThread "C2 CompilerThread1" daemon [_thread_blocked, id=22456, stack(0x000000567f300000,0x000000567f400000)]
  0x000001e7ee58f000 JavaThread "C2 CompilerThread2" daemon [_thread_blocked, id=22812, stack(0x000000567f400000,0x000000567f500000)]

Other Threads:
  0x000001e7ed2c9000 VMThread "VM Thread" [stack: 0x000000567e700000,0x000000567e800000] [id=22208]
  0x000001e7edd24800 WatcherThread [stack: 0x000000567f100000,0x000000567f200000] [id=10392]
=>0x000001e7c95f1800 GCTaskThread "GC Thread#0" [stack: 0x000000567e200000,0x000000567e300000] [id=23444]
  0x000001e7ee1c7800 GCTaskThread "GC Thread#1" [stack: 0x000000567f500000,0x000000567f600000] [id=14824]
  0x000001e7ee1c5000 GCTaskThread "GC Thread#2" [stack: 0x000000567f600000,0x000000567f700000] [id=1216]
  0x000001e7ee1c8000 GCTaskThread "GC Thread#3" [stack: 0x000000567f700000,0x000000567f800000] [id=21356]
  0x000001e7ee1c8800 GCTaskThread "GC Thread#4" [stack: 0x000000567f800000,0x000000567f900000] [id=25740]
  0x000001e7ee1c9800 GCTaskThread "GC Thread#5" [stack: 0x000000567f900000,0x000000567fa00000] [id=21304]
  0x000001e7c9613000 ConcurrentGCThread "G1 Main Marker" [stack: 0x000000567e300000,0x000000567e400000] [id=928]
  0x000001e7c9614800 ConcurrentGCThread "G1 Conc#0" [stack: 0x000000567e400000,0x000000567e500000] [id=16932]
  0x000001e7ed216800 ConcurrentGCThread "G1 Refine#0" [stack: 0x000000567e500000,0x000000567e600000] [id=24700]
  0x000001e7ed217800 ConcurrentGCThread "G1 Young RemSet Sampling" [stack: 0x000000567e600000,0x000000567e700000] [id=23092]

Threads with active compile tasks:

VM state:at safepoint (normal execution)

VM Mutex/Monitor currently owned by a thread:  ([mutex/lock_event])
[0x000001e7c9586180] Threads_lock - owner thread: 0x000001e7ed2c9000
[0x000001e7c95852e0] Heap_lock - owner thread: 0x000001e7c958a800

Heap address: 0x0000000701c00000, size: 4068 MB, Compressed Oops mode: Zero based, Oop shift amount: 3
Narrow klass base: 0x0000000800000000, Narrow klass shift: 3
Compressed class space size: 1073741824 Address: 0x0000000800b30000

Heap:
 garbage-first heap   total 262144K, used 35163K [0x0000000701c00000, 0x0000000800000000)
  region size 1024K, 34 young (34816K), 3 survivors (3072K)
 Metaspace       used 10461K, capacity 12538K, committed 12672K, reserved 1060864K
  class space    used 1316K, capacity 1593K, committed 1664K, reserved 1048576K
Heap Regions: E=young(eden), S=young(survivor), O=old, HS=humongous(starts), HC=humongous(continues), CS=collection set, F=free, OA=open archive, CA=closed archive, TAMS=top-at-mark-start (previous, next)
|   0|0x0000000701c00000, 0x0000000701d00000, 0x0000000701d00000|100%| O|  |TAMS 0x0000000701c00000, 0x0000000701c00000| Untracked 
|   1|0x0000000701d00000, 0x0000000701e00000, 0x0000000701e00000|100%| O|  |TAMS 0x0000000701d00000, 0x0000000701d00000| Untracked 
|   2|0x0000000701e00000, 0x0000000701f00000, 0x0000000701f00000|100%| O|  |TAMS 0x0000000701e00000, 0x0000000701e00000| Untracked 
|   3|0x0000000701f00000, 0x0000000701f16760, 0x0000000702000000|  8%| O|  |TAMS 0x0000000701f00000, 0x0000000701f00000| Untracked 
|   4|0x0000000702000000, 0x0000000702000000, 0x0000000702100000|  0%| F|  |TAMS 0x0000000702000000, 0x0000000702000000| Untracked 
|   5|0x0000000702100000, 0x0000000702100000, 0x0000000702200000|  0%| F|  |TAMS 0x0000000702100000, 0x0000000702100000| Untracked 
|   6|0x0000000702200000, 0x0000000702200000, 0x0000000702300000|  0%| F|  |TAMS 0x0000000702200000, 0x0000000702200000| Untracked 
|   7|0x0000000702300000, 0x0000000702300000, 0x0000000702400000|  0%| F|  |TAMS 0x0000000702300000, 0x0000000702300000| Untracked 
|   8|0x0000000702400000, 0x0000000702400000, 0x0000000702500000|  0%| F|  |TAMS 0x0000000702400000, 0x0000000702400000| Untracked 
|   9|0x0000000702500000, 0x0000000702500000, 0x0000000702600000|  0%| F|  |TAMS 0x0000000702500000, 0x0000000702500000| Untracked 
|  10|0x0000000702600000, 0x0000000702600000, 0x0000000702700000|  0%| F|  |TAMS 0x0000000702600000, 0x0000000702600000| Untracked 
|  11|0x0000000702700000, 0x0000000702700000, 0x0000000702800000|  0%| F|  |TAMS 0x0000000702700000, 0x0000000702700000| Untracked 
|  12|0x0000000702800000, 0x0000000702800000, 0x0000000702900000|  0%| F|  |TAMS 0x0000000702800000, 0x0000000702800000| Untracked 
|  13|0x0000000702900000, 0x0000000702900000, 0x0000000702a00000|  0%| F|  |TAMS 0x0000000702900000, 0x0000000702900000| Untracked 
|  14|0x0000000702a00000, 0x0000000702a00000, 0x0000000702b00000|  0%| F|  |TAMS 0x0000000702a00000, 0x0000000702a00000| Untracked 
|  15|0x0000000702b00000, 0x0000000702b00000, 0x0000000702c00000|  0%| F|  |TAMS 0x0000000702b00000, 0x0000000702b00000| Untracked 
|  16|0x0000000702c00000, 0x0000000702c00000, 0x0000000702d00000|  0%| F|  |TAMS 0x0000000702c00000, 0x0000000702c00000| Untracked 
|  17|0x0000000702d00000, 0x0000000702d00000, 0x0000000702e00000|  0%| F|  |TAMS 0x0000000702d00000, 0x0000000702d00000| Untracked 
|  18|0x0000000702e00000, 0x0000000702e00000, 0x0000000702f00000|  0%| F|  |TAMS 0x0000000702e00000, 0x0000000702e00000| Untracked 
|  19|0x0000000702f00000, 0x0000000702f00000, 0x0000000703000000|  0%| F|  |TAMS 0x0000000702f00000, 0x0000000702f00000| Untracked 
|  20|0x0000000703000000, 0x0000000703000000, 0x0000000703100000|  0%| F|  |TAMS 0x0000000703000000, 0x0000000703000000| Untracked 
|  21|0x0000000703100000, 0x0000000703100000, 0x0000000703200000|  0%| F|  |TAMS 0x0000000703100000, 0x0000000703100000| Untracked 
|  22|0x0000000703200000, 0x0000000703200000, 0x0000000703300000|  0%| F|  |TAMS 0x0000000703200000, 0x0000000703200000| Untracked 
|  23|0x0000000703300000, 0x0000000703300000, 0x0000000703400000|  0%| F|  |TAMS 0x0000000703300000, 0x0000000703300000| Untracked 
|  24|0x0000000703400000, 0x0000000703400000, 0x0000000703500000|  0%| F|  |TAMS 0x0000000703400000, 0x0000000703400000| Untracked 
|  25|0x0000000703500000, 0x0000000703500000, 0x0000000703600000|  0%| F|  |TAMS 0x0000000703500000, 0x0000000703500000| Untracked 
|  26|0x0000000703600000, 0x0000000703600000, 0x0000000703700000|  0%| F|  |TAMS 0x0000000703600000, 0x0000000703600000| Untracked 
|  27|0x0000000703700000, 0x0000000703700000, 0x0000000703800000|  0%| F|  |TAMS 0x0000000703700000, 0x0000000703700000| Untracked 
|  28|0x0000000703800000, 0x0000000703800000, 0x0000000703900000|  0%| F|  |TAMS 0x0000000703800000, 0x0000000703800000| Untracked 
|  29|0x0000000703900000, 0x0000000703900000, 0x0000000703a00000|  0%| F|  |TAMS 0x0000000703900000, 0x0000000703900000| Untracked 
|  30|0x0000000703a00000, 0x0000000703a00000, 0x0000000703b00000|  0%| F|  |TAMS 0x0000000703a00000, 0x0000000703a00000| Untracked 
|  31|0x0000000703b00000, 0x0000000703b00000, 0x0000000703c00000|  0%| F|  |TAMS 0x0000000703b00000, 0x0000000703b00000| Untracked 
|  32|0x0000000703c00000, 0x0000000703c00000, 0x0000000703d00000|  0%| F|  |TAMS 0x0000000703c00000, 0x0000000703c00000| Untracked 
|  33|0x0000000703d00000, 0x0000000703d00000, 0x0000000703e00000|  0%| F|  |TAMS 0x0000000703d00000, 0x0000000703d00000| Untracked 
|  34|0x0000000703e00000, 0x0000000703e00000, 0x0000000703f00000|  0%| F|  |TAMS 0x0000000703e00000, 0x0000000703e00000| Untracked 
|  35|0x0000000703f00000, 0x0000000703f00000, 0x0000000704000000|  0%| F|  |TAMS 0x0000000703f00000, 0x0000000703f00000| Untracked 
|  36|0x0000000704000000, 0x0000000704000000, 0x0000000704100000|  0%| F|  |TAMS 0x0000000704000000, 0x0000000704000000| Untracked 
|  37|0x0000000704100000, 0x0000000704100000, 0x0000000704200000|  0%| F|  |TAMS 0x0000000704100000, 0x0000000704100000| Untracked 
|  38|0x0000000704200000, 0x0000000704200000, 0x0000000704300000|  0%| F|  |TAMS 0x0000000704200000, 0x0000000704200000| Untracked 
|  39|0x0000000704300000, 0x0000000704300000, 0x0000000704400000|  0%| F|  |TAMS 0x0000000704300000, 0x0000000704300000| Untracked 
|  40|0x0000000704400000, 0x0000000704400000, 0x0000000704500000|  0%| F|  |TAMS 0x0000000704400000, 0x0000000704400000| Untracked 
|  41|0x0000000704500000, 0x0000000704500000, 0x0000000704600000|  0%| F|  |TAMS 0x0000000704500000, 0x0000000704500000| Untracked 
|  42|0x0000000704600000, 0x0000000704600000, 0x0000000704700000|  0%| F|  |TAMS 0x0000000704600000, 0x0000000704600000| Untracked 
|  43|0x0000000704700000, 0x0000000704700000, 0x0000000704800000|  0%| F|  |TAMS 0x0000000704700000, 0x0000000704700000| Untracked 
|  44|0x0000000704800000, 0x0000000704800000, 0x0000000704900000|  0%| F|  |TAMS 0x0000000704800000, 0x0000000704800000| Untracked 
|  45|0x0000000704900000, 0x0000000704900000, 0x0000000704a00000|  0%| F|  |TAMS 0x0000000704900000, 0x0000000704900000| Untracked 
|  46|0x0000000704a00000, 0x0000000704a00000, 0x0000000704b00000|  0%| F|  |TAMS 0x0000000704a00000, 0x0000000704a00000| Untracked 
|  47|0x0000000704b00000, 0x0000000704b00000, 0x0000000704c00000|  0%| F|  |TAMS 0x0000000704b00000, 0x0000000704b00000| Untracked 
|  48|0x0000000704c00000, 0x0000000704c00000, 0x0000000704d00000|  0%| F|  |TAMS 0x0000000704c00000, 0x0000000704c00000| Untracked 
|  49|0x0000000704d00000, 0x0000000704d00000, 0x0000000704e00000|  0%| F|  |TAMS 0x0000000704d00000, 0x0000000704d00000| Untracked 
|  50|0x0000000704e00000, 0x0000000704e00000, 0x0000000704f00000|  0%| F|  |TAMS 0x0000000704e00000, 0x0000000704e00000| Untracked 
|  51|0x0000000704f00000, 0x0000000704f00000, 0x0000000705000000|  0%| F|  |TAMS 0x0000000704f00000, 0x0000000704f00000| Untracked 
|  52|0x0000000705000000, 0x0000000705000000, 0x0000000705100000|  0%| F|  |TAMS 0x0000000705000000, 0x0000000705000000| Untracked 
|  53|0x0000000705100000, 0x0000000705100000, 0x0000000705200000|  0%| F|  |TAMS 0x0000000705100000, 0x0000000705100000| Untracked 
|  54|0x0000000705200000, 0x0000000705200000, 0x0000000705300000|  0%| F|  |TAMS 0x0000000705200000, 0x0000000705200000| Untracked 
|  55|0x0000000705300000, 0x0000000705300000, 0x0000000705400000|  0%| F|  |TAMS 0x0000000705300000, 0x0000000705300000| Untracked 
|  56|0x0000000705400000, 0x0000000705400000, 0x0000000705500000|  0%| F|  |TAMS 0x0000000705400000, 0x0000000705400000| Untracked 
|  57|0x0000000705500000, 0x0000000705500000, 0x0000000705600000|  0%| F|  |TAMS 0x0000000705500000, 0x0000000705500000| Untracked 
|  58|0x0000000705600000, 0x0000000705600000, 0x0000000705700000|  0%| F|  |TAMS 0x0000000705600000, 0x0000000705600000| Untracked 
|  59|0x0000000705700000, 0x0000000705700000, 0x0000000705800000|  0%| F|  |TAMS 0x0000000705700000, 0x0000000705700000| Untracked 
|  60|0x0000000705800000, 0x0000000705800000, 0x0000000705900000|  0%| F|  |TAMS 0x0000000705800000, 0x0000000705800000| Untracked 
|  61|0x0000000705900000, 0x0000000705900000, 0x0000000705a00000|  0%| F|  |TAMS 0x0000000705900000, 0x0000000705900000| Untracked 
|  62|0x0000000705a00000, 0x0000000705a00000, 0x0000000705b00000|  0%| F|  |TAMS 0x0000000705a00000, 0x0000000705a00000| Untracked 
|  63|0x0000000705b00000, 0x0000000705b00000, 0x0000000705c00000|  0%| F|  |TAMS 0x0000000705b00000, 0x0000000705b00000| Untracked 
|  64|0x0000000705c00000, 0x0000000705c00000, 0x0000000705d00000|  0%| F|  |TAMS 0x0000000705c00000, 0x0000000705c00000| Untracked 
|  65|0x0000000705d00000, 0x0000000705d00000, 0x0000000705e00000|  0%| F|  |TAMS 0x0000000705d00000, 0x0000000705d00000| Untracked 
|  66|0x0000000705e00000, 0x0000000705e00000, 0x0000000705f00000|  0%| F|  |TAMS 0x0000000705e00000, 0x0000000705e00000| Untracked 
|  67|0x0000000705f00000, 0x0000000705f00000, 0x0000000706000000|  0%| F|  |TAMS 0x0000000705f00000, 0x0000000705f00000| Untracked 
|  68|0x0000000706000000, 0x0000000706000000, 0x0000000706100000|  0%| F|  |TAMS 0x0000000706000000, 0x0000000706000000| Untracked 
|  69|0x0000000706100000, 0x0000000706100000, 0x0000000706200000|  0%| F|  |TAMS 0x0000000706100000, 0x0000000706100000| Untracked 
|  70|0x0000000706200000, 0x0000000706200000, 0x0000000706300000|  0%| F|  |TAMS 0x0000000706200000, 0x0000000706200000| Untracked 
|  71|0x0000000706300000, 0x0000000706300000, 0x0000000706400000|  0%| F|  |TAMS 0x0000000706300000, 0x0000000706300000| Untracked 
|  72|0x0000000706400000, 0x0000000706400000, 0x0000000706500000|  0%| F|  |TAMS 0x0000000706400000, 0x0000000706400000| Untracked 
|  73|0x0000000706500000, 0x0000000706500000, 0x0000000706600000|  0%| F|  |TAMS 0x0000000706500000, 0x0000000706500000| Untracked 
|  74|0x0000000706600000, 0x0000000706600000, 0x0000000706700000|  0%| F|  |TAMS 0x0000000706600000, 0x0000000706600000| Untracked 
|  75|0x0000000706700000, 0x0000000706700000, 0x0000000706800000|  0%| F|  |TAMS 0x0000000706700000, 0x0000000706700000| Untracked 
|  76|0x0000000706800000, 0x0000000706800000, 0x0000000706900000|  0%| F|  |TAMS 0x0000000706800000, 0x0000000706800000| Untracked 
|  77|0x0000000706900000, 0x0000000706900000, 0x0000000706a00000|  0%| F|  |TAMS 0x0000000706900000, 0x0000000706900000| Untracked 
|  78|0x0000000706a00000, 0x0000000706a00000, 0x0000000706b00000|  0%| F|  |TAMS 0x0000000706a00000, 0x0000000706a00000| Untracked 
|  79|0x0000000706b00000, 0x0000000706b00000, 0x0000000706c00000|  0%| F|  |TAMS 0x0000000706b00000, 0x0000000706b00000| Untracked 
|  80|0x0000000706c00000, 0x0000000706c00000, 0x0000000706d00000|  0%| F|  |TAMS 0x0000000706c00000, 0x0000000706c00000| Untracked 
|  81|0x0000000706d00000, 0x0000000706d00000, 0x0000000706e00000|  0%| F|  |TAMS 0x0000000706d00000, 0x0000000706d00000| Untracked 
|  82|0x0000000706e00000, 0x0000000706e00000, 0x0000000706f00000|  0%| F|  |TAMS 0x0000000706e00000, 0x0000000706e00000| Untracked 
|  83|0x0000000706f00000, 0x0000000706f00000, 0x0000000707000000|  0%| F|  |TAMS 0x0000000706f00000, 0x0000000706f00000| Untracked 
|  84|0x0000000707000000, 0x0000000707000000, 0x0000000707100000|  0%| F|  |TAMS 0x0000000707000000, 0x0000000707000000| Untracked 
|  85|0x0000000707100000, 0x0000000707100000, 0x0000000707200000|  0%| F|  |TAMS 0x0000000707100000, 0x0000000707100000| Untracked 
|  86|0x0000000707200000, 0x0000000707200000, 0x0000000707300000|  0%| F|  |TAMS 0x0000000707200000, 0x0000000707200000| Untracked 
|  87|0x0000000707300000, 0x0000000707300000, 0x0000000707400000|  0%| F|  |TAMS 0x0000000707300000, 0x0000000707300000| Untracked 
|  88|0x0000000707400000, 0x0000000707400000, 0x0000000707500000|  0%| F|  |TAMS 0x0000000707400000, 0x0000000707400000| Untracked 
|  89|0x0000000707500000, 0x0000000707500000, 0x0000000707600000|  0%| F|  |TAMS 0x0000000707500000, 0x0000000707500000| Untracked 
|  90|0x0000000707600000, 0x0000000707600000, 0x0000000707700000|  0%| F|  |TAMS 0x0000000707600000, 0x0000000707600000| Untracked 
|  91|0x0000000707700000, 0x0000000707700000, 0x0000000707800000|  0%| F|  |TAMS 0x0000000707700000, 0x0000000707700000| Untracked 
|  92|0x0000000707800000, 0x0000000707800000, 0x0000000707900000|  0%| F|  |TAMS 0x0000000707800000, 0x0000000707800000| Untracked 
|  93|0x0000000707900000, 0x0000000707900000, 0x0000000707a00000|  0%| F|  |TAMS 0x0000000707900000, 0x0000000707900000| Untracked 
|  94|0x0000000707a00000, 0x0000000707a00000, 0x0000000707b00000|  0%| F|  |TAMS 0x0000000707a00000, 0x0000000707a00000| Untracked 
|  95|0x0000000707b00000, 0x0000000707b00000, 0x0000000707c00000|  0%| F|  |TAMS 0x0000000707b00000, 0x0000000707b00000| Untracked 
|  96|0x0000000707c00000, 0x0000000707c00000, 0x0000000707d00000|  0%| F|  |TAMS 0x0000000707c00000, 0x0000000707c00000| Untracked 
|  97|0x0000000707d00000, 0x0000000707d00000, 0x0000000707e00000|  0%| F|  |TAMS 0x0000000707d00000, 0x0000000707d00000| Untracked 
|  98|0x0000000707e00000, 0x0000000707e00000, 0x0000000707f00000|  0%| F|  |TAMS 0x0000000707e00000, 0x0000000707e00000| Untracked 
|  99|0x0000000707f00000, 0x0000000707f00000, 0x0000000708000000|  0%| F|  |TAMS 0x0000000707f00000, 0x0000000707f00000| Untracked 
| 100|0x0000000708000000, 0x0000000708000000, 0x0000000708100000|  0%| F|  |TAMS 0x0000000708000000, 0x0000000708000000| Untracked 
| 101|0x0000000708100000, 0x0000000708100000, 0x0000000708200000|  0%| F|  |TAMS 0x0000000708100000, 0x0000000708100000| Untracked 
| 102|0x0000000708200000, 0x0000000708200000, 0x0000000708300000|  0%| F|  |TAMS 0x0000000708200000, 0x0000000708200000| Untracked 
| 103|0x0000000708300000, 0x0000000708300000, 0x0000000708400000|  0%| F|  |TAMS 0x0000000708300000, 0x0000000708300000| Untracked 
| 104|0x0000000708400000, 0x0000000708400000, 0x0000000708500000|  0%| F|  |TAMS 0x0000000708400000, 0x0000000708400000| Untracked 
| 105|0x0000000708500000, 0x0000000708500000, 0x0000000708600000|  0%| F|  |TAMS 0x0000000708500000, 0x0000000708500000| Untracked 
| 106|0x0000000708600000, 0x0000000708600000, 0x0000000708700000|  0%| F|  |TAMS 0x0000000708600000, 0x0000000708600000| Untracked 
| 107|0x0000000708700000, 0x0000000708700000, 0x0000000708800000|  0%| F|  |TAMS 0x0000000708700000, 0x0000000708700000| Untracked 
| 108|0x0000000708800000, 0x0000000708800000, 0x0000000708900000|  0%| F|  |TAMS 0x0000000708800000, 0x0000000708800000| Untracked 
| 109|0x0000000708900000, 0x0000000708900000, 0x0000000708a00000|  0%| F|  |TAMS 0x0000000708900000, 0x0000000708900000| Untracked 
| 110|0x0000000708a00000, 0x0000000708a00000, 0x0000000708b00000|  0%| F|  |TAMS 0x0000000708a00000, 0x0000000708a00000| Untracked 
| 111|0x0000000708b00000, 0x0000000708b00000, 0x0000000708c00000|  0%| F|  |TAMS 0x0000000708b00000, 0x0000000708b00000| Untracked 
| 112|0x0000000708c00000, 0x0000000708c00000, 0x0000000708d00000|  0%| F|  |TAMS 0x0000000708c00000, 0x0000000708c00000| Untracked 
| 113|0x0000000708d00000, 0x0000000708d00000, 0x0000000708e00000|  0%| F|  |TAMS 0x0000000708d00000, 0x0000000708d00000| Untracked 
| 114|0x0000000708e00000, 0x0000000708e00000, 0x0000000708f00000|  0%| F|  |TAMS 0x0000000708e00000, 0x0000000708e00000| Untracked 
| 115|0x0000000708f00000, 0x0000000708f00000, 0x0000000709000000|  0%| F|  |TAMS 0x0000000708f00000, 0x0000000708f00000| Untracked 
| 116|0x0000000709000000, 0x0000000709000000, 0x0000000709100000|  0%| F|  |TAMS 0x0000000709000000, 0x0000000709000000| Untracked 
| 117|0x0000000709100000, 0x0000000709100000, 0x0000000709200000|  0%| F|  |TAMS 0x0000000709100000, 0x0000000709100000| Untracked 
| 118|0x0000000709200000, 0x0000000709200000, 0x0000000709300000|  0%| F|  |TAMS 0x0000000709200000, 0x0000000709200000| Untracked 
| 119|0x0000000709300000, 0x0000000709300000, 0x0000000709400000|  0%| F|  |TAMS 0x0000000709300000, 0x0000000709300000| Untracked 
| 120|0x0000000709400000, 0x0000000709400000, 0x0000000709500000|  0%| F|  |TAMS 0x0000000709400000, 0x0000000709400000| Untracked 
| 121|0x0000000709500000, 0x0000000709500000, 0x0000000709600000|  0%| F|  |TAMS 0x0000000709500000, 0x0000000709500000| Untracked 
| 122|0x0000000709600000, 0x0000000709600000, 0x0000000709700000|  0%| F|  |TAMS 0x0000000709600000, 0x0000000709600000| Untracked 
| 123|0x0000000709700000, 0x0000000709700000, 0x0000000709800000|  0%| F|  |TAMS 0x0000000709700000, 0x0000000709700000| Untracked 
| 124|0x0000000709800000, 0x0000000709800000, 0x0000000709900000|  0%| F|  |TAMS 0x0000000709800000, 0x0000000709800000| Untracked 
| 125|0x0000000709900000, 0x0000000709900000, 0x0000000709a00000|  0%| F|  |TAMS 0x0000000709900000, 0x0000000709900000| Untracked 
| 126|0x0000000709a00000, 0x0000000709a00000, 0x0000000709b00000|  0%| F|  |TAMS 0x0000000709a00000, 0x0000000709a00000| Untracked 
| 127|0x0000000709b00000, 0x0000000709b00000, 0x0000000709c00000|  0%| F|  |TAMS 0x0000000709b00000, 0x0000000709b00000| Untracked 
| 128|0x0000000709c00000, 0x0000000709c00000, 0x0000000709d00000|  0%| F|  |TAMS 0x0000000709c00000, 0x0000000709c00000| Untracked 
| 129|0x0000000709d00000, 0x0000000709d00000, 0x0000000709e00000|  0%| F|  |TAMS 0x0000000709d00000, 0x0000000709d00000| Untracked 
| 130|0x0000000709e00000, 0x0000000709e00000, 0x0000000709f00000|  0%| F|  |TAMS 0x0000000709e00000, 0x0000000709e00000| Untracked 
| 131|0x0000000709f00000, 0x0000000709f00000, 0x000000070a000000|  0%| F|  |TAMS 0x0000000709f00000, 0x0000000709f00000| Untracked 
| 132|0x000000070a000000, 0x000000070a000000, 0x000000070a100000|  0%| F|  |TAMS 0x000000070a000000, 0x000000070a000000| Untracked 
| 133|0x000000070a100000, 0x000000070a100000, 0x000000070a200000|  0%| F|  |TAMS 0x000000070a100000, 0x000000070a100000| Untracked 
| 134|0x000000070a200000, 0x000000070a200000, 0x000000070a300000|  0%| F|  |TAMS 0x000000070a200000, 0x000000070a200000| Untracked 
| 135|0x000000070a300000, 0x000000070a300000, 0x000000070a400000|  0%| F|  |TAMS 0x000000070a300000, 0x000000070a300000| Untracked 
| 136|0x000000070a400000, 0x000000070a400000, 0x000000070a500000|  0%| F|  |TAMS 0x000000070a400000, 0x000000070a400000| Untracked 
| 137|0x000000070a500000, 0x000000070a500000, 0x000000070a600000|  0%| F|  |TAMS 0x000000070a500000, 0x000000070a500000| Untracked 
| 138|0x000000070a600000, 0x000000070a600000, 0x000000070a700000|  0%| F|  |TAMS 0x000000070a600000, 0x000000070a600000| Untracked 
| 139|0x000000070a700000, 0x000000070a700000, 0x000000070a800000|  0%| F|  |TAMS 0x000000070a700000, 0x000000070a700000| Untracked 
| 140|0x000000070a800000, 0x000000070a800000, 0x000000070a900000|  0%| F|  |TAMS 0x000000070a800000, 0x000000070a800000| Untracked 
| 141|0x000000070a900000, 0x000000070a900000, 0x000000070aa00000|  0%| F|  |TAMS 0x000000070a900000, 0x000000070a900000| Untracked 
| 142|0x000000070aa00000, 0x000000070aa00000, 0x000000070ab00000|  0%| F|  |TAMS 0x000000070aa00000, 0x000000070aa00000| Untracked 
| 143|0x000000070ab00000, 0x000000070ab00000, 0x000000070ac00000|  0%| F|  |TAMS 0x000000070ab00000, 0x000000070ab00000| Untracked 
| 144|0x000000070ac00000, 0x000000070ac00000, 0x000000070ad00000|  0%| F|  |TAMS 0x000000070ac00000, 0x000000070ac00000| Untracked 
| 145|0x000000070ad00000, 0x000000070ad00000, 0x000000070ae00000|  0%| F|  |TAMS 0x000000070ad00000, 0x000000070ad00000| Untracked 
| 146|0x000000070ae00000, 0x000000070ae00000, 0x000000070af00000|  0%| F|  |TAMS 0x000000070ae00000, 0x000000070ae00000| Untracked 
| 147|0x000000070af00000, 0x000000070af00000, 0x000000070b000000|  0%| F|  |TAMS 0x000000070af00000, 0x000000070af00000| Untracked 
| 148|0x000000070b000000, 0x000000070b000000, 0x000000070b100000|  0%| F|  |TAMS 0x000000070b000000, 0x000000070b000000| Untracked 
| 149|0x000000070b100000, 0x000000070b100000, 0x000000070b200000|  0%| F|  |TAMS 0x000000070b100000, 0x000000070b100000| Untracked 
| 150|0x000000070b200000, 0x000000070b200000, 0x000000070b300000|  0%| F|  |TAMS 0x000000070b200000, 0x000000070b200000| Untracked 
| 151|0x000000070b300000, 0x000000070b300000, 0x000000070b400000|  0%| F|  |TAMS 0x000000070b300000, 0x000000070b300000| Untracked 
| 152|0x000000070b400000, 0x000000070b400000, 0x000000070b500000|  0%| F|  |TAMS 0x000000070b400000, 0x000000070b400000| Untracked 
| 153|0x000000070b500000, 0x000000070b500000, 0x000000070b600000|  0%| F|  |TAMS 0x000000070b500000, 0x000000070b500000| Untracked 
| 154|0x000000070b600000, 0x000000070b600000, 0x000000070b700000|  0%| F|  |TAMS 0x000000070b600000, 0x000000070b600000| Untracked 
| 155|0x000000070b700000, 0x000000070b700000, 0x000000070b800000|  0%| F|  |TAMS 0x000000070b700000, 0x000000070b700000| Untracked 
| 156|0x000000070b800000, 0x000000070b800000, 0x000000070b900000|  0%| F|  |TAMS 0x000000070b800000, 0x000000070b800000| Untracked 
| 157|0x000000070b900000, 0x000000070b900000, 0x000000070ba00000|  0%| F|  |TAMS 0x000000070b900000, 0x000000070b900000| Untracked 
| 158|0x000000070ba00000, 0x000000070ba00000, 0x000000070bb00000|  0%| F|  |TAMS 0x000000070ba00000, 0x000000070ba00000| Untracked 
| 159|0x000000070bb00000, 0x000000070bb00000, 0x000000070bc00000|  0%| F|  |TAMS 0x000000070bb00000, 0x000000070bb00000| Untracked 
| 160|0x000000070bc00000, 0x000000070bc00000, 0x000000070bd00000|  0%| F|  |TAMS 0x000000070bc00000, 0x000000070bc00000| Untracked 
| 161|0x000000070bd00000, 0x000000070bd00000, 0x000000070be00000|  0%| F|  |TAMS 0x000000070bd00000, 0x000000070bd00000| Untracked 
| 162|0x000000070be00000, 0x000000070be00000, 0x000000070bf00000|  0%| F|  |TAMS 0x000000070be00000, 0x000000070be00000| Untracked 
| 163|0x000000070bf00000, 0x000000070bf00000, 0x000000070c000000|  0%| F|  |TAMS 0x000000070bf00000, 0x000000070bf00000| Untracked 
| 164|0x000000070c000000, 0x000000070c000000, 0x000000070c100000|  0%| F|  |TAMS 0x000000070c000000, 0x000000070c000000| Untracked 
| 165|0x000000070c100000, 0x000000070c100000, 0x000000070c200000|  0%| F|  |TAMS 0x000000070c100000, 0x000000070c100000| Untracked 
| 166|0x000000070c200000, 0x000000070c200000, 0x000000070c300000|  0%| F|  |TAMS 0x000000070c200000, 0x000000070c200000| Untracked 
| 167|0x000000070c300000, 0x000000070c300000, 0x000000070c400000|  0%| F|  |TAMS 0x000000070c300000, 0x000000070c300000| Untracked 
| 168|0x000000070c400000, 0x000000070c400000, 0x000000070c500000|  0%| F|  |TAMS 0x000000070c400000, 0x000000070c400000| Untracked 
| 169|0x000000070c500000, 0x000000070c500000, 0x000000070c600000|  0%| F|  |TAMS 0x000000070c500000, 0x000000070c500000| Untracked 
| 170|0x000000070c600000, 0x000000070c600000, 0x000000070c700000|  0%| F|  |TAMS 0x000000070c600000, 0x000000070c600000| Untracked 
| 171|0x000000070c700000, 0x000000070c700000, 0x000000070c800000|  0%| F|  |TAMS 0x000000070c700000, 0x000000070c700000| Untracked 
| 172|0x000000070c800000, 0x000000070c800000, 0x000000070c900000|  0%| F|  |TAMS 0x000000070c800000, 0x000000070c800000| Untracked 
| 173|0x000000070c900000, 0x000000070c900000, 0x000000070ca00000|  0%| F|  |TAMS 0x000000070c900000, 0x000000070c900000| Untracked 
| 174|0x000000070ca00000, 0x000000070ca00000, 0x000000070cb00000|  0%| F|  |TAMS 0x000000070ca00000, 0x000000070ca00000| Untracked 
| 175|0x000000070cb00000, 0x000000070cb00000, 0x000000070cc00000|  0%| F|  |TAMS 0x000000070cb00000, 0x000000070cb00000| Untracked 
| 176|0x000000070cc00000, 0x000000070cc00000, 0x000000070cd00000|  0%| F|  |TAMS 0x000000070cc00000, 0x000000070cc00000| Untracked 
| 177|0x000000070cd00000, 0x000000070cd00000, 0x000000070ce00000|  0%| F|  |TAMS 0x000000070cd00000, 0x000000070cd00000| Untracked 
| 178|0x000000070ce00000, 0x000000070ce00000, 0x000000070cf00000|  0%| F|  |TAMS 0x000000070ce00000, 0x000000070ce00000| Untracked 
| 179|0x000000070cf00000, 0x000000070cf00000, 0x000000070d000000|  0%| F|  |TAMS 0x000000070cf00000, 0x000000070cf00000| Untracked 
| 180|0x000000070d000000, 0x000000070d000000, 0x000000070d100000|  0%| F|  |TAMS 0x000000070d000000, 0x000000070d000000| Untracked 
| 181|0x000000070d100000, 0x000000070d100000, 0x000000070d200000|  0%| F|  |TAMS 0x000000070d100000, 0x000000070d100000| Untracked 
| 182|0x000000070d200000, 0x000000070d200000, 0x000000070d300000|  0%| F|  |TAMS 0x000000070d200000, 0x000000070d200000| Untracked 
| 183|0x000000070d300000, 0x000000070d300000, 0x000000070d400000|  0%| F|  |TAMS 0x000000070d300000, 0x000000070d300000| Untracked 
| 184|0x000000070d400000, 0x000000070d400000, 0x000000070d500000|  0%| F|  |TAMS 0x000000070d400000, 0x000000070d400000| Untracked 
| 185|0x000000070d500000, 0x000000070d500000, 0x000000070d600000|  0%| F|  |TAMS 0x000000070d500000, 0x000000070d500000| Untracked 
| 186|0x000000070d600000, 0x000000070d600000, 0x000000070d700000|  0%| F|  |TAMS 0x000000070d600000, 0x000000070d600000| Untracked 
| 187|0x000000070d700000, 0x000000070d700000, 0x000000070d800000|  0%| F|  |TAMS 0x000000070d700000, 0x000000070d700000| Untracked 
| 188|0x000000070d800000, 0x000000070d800000, 0x000000070d900000|  0%| F|  |TAMS 0x000000070d800000, 0x000000070d800000| Untracked 
| 189|0x000000070d900000, 0x000000070d900000, 0x000000070da00000|  0%| F|  |TAMS 0x000000070d900000, 0x000000070d900000| Untracked 
| 190|0x000000070da00000, 0x000000070da00000, 0x000000070db00000|  0%| F|  |TAMS 0x000000070da00000, 0x000000070da00000| Untracked 
| 191|0x000000070db00000, 0x000000070db00000, 0x000000070dc00000|  0%| F|  |TAMS 0x000000070db00000, 0x000000070db00000| Untracked 
| 192|0x000000070dc00000, 0x000000070dc00000, 0x000000070dd00000|  0%| F|  |TAMS 0x000000070dc00000, 0x000000070dc00000| Untracked 
| 193|0x000000070dd00000, 0x000000070dd00000, 0x000000070de00000|  0%| F|  |TAMS 0x000000070dd00000, 0x000000070dd00000| Untracked 
| 194|0x000000070de00000, 0x000000070de00000, 0x000000070df00000|  0%| F|  |TAMS 0x000000070de00000, 0x000000070de00000| Untracked 
| 195|0x000000070df00000, 0x000000070df00000, 0x000000070e000000|  0%| F|  |TAMS 0x000000070df00000, 0x000000070df00000| Untracked 
| 196|0x000000070e000000, 0x000000070e000000, 0x000000070e100000|  0%| F|  |TAMS 0x000000070e000000, 0x000000070e000000| Untracked 
| 197|0x000000070e100000, 0x000000070e100000, 0x000000070e200000|  0%| F|  |TAMS 0x000000070e100000, 0x000000070e100000| Untracked 
| 198|0x000000070e200000, 0x000000070e200000, 0x000000070e300000|  0%| F|  |TAMS 0x000000070e200000, 0x000000070e200000| Untracked 
| 199|0x000000070e300000, 0x000000070e300000, 0x000000070e400000|  0%| F|  |TAMS 0x000000070e300000, 0x000000070e300000| Untracked 
| 200|0x000000070e400000, 0x000000070e400000, 0x000000070e500000|  0%| F|  |TAMS 0x000000070e400000, 0x000000070e400000| Untracked 
| 201|0x000000070e500000, 0x000000070e500000, 0x000000070e600000|  0%| F|  |TAMS 0x000000070e500000, 0x000000070e500000| Untracked 
| 202|0x000000070e600000, 0x000000070e600000, 0x000000070e700000|  0%| F|  |TAMS 0x000000070e600000, 0x000000070e600000| Untracked 
| 203|0x000000070e700000, 0x000000070e700000, 0x000000070e800000|  0%| F|  |TAMS 0x000000070e700000, 0x000000070e700000| Untracked 
| 204|0x000000070e800000, 0x000000070e800000, 0x000000070e900000|  0%| F|  |TAMS 0x000000070e800000, 0x000000070e800000| Untracked 
| 205|0x000000070e900000, 0x000000070e900000, 0x000000070ea00000|  0%| F|  |TAMS 0x000000070e900000, 0x000000070e900000| Untracked 
| 206|0x000000070ea00000, 0x000000070ea00000, 0x000000070eb00000|  0%| F|  |TAMS 0x000000070ea00000, 0x000000070ea00000| Untracked 
| 207|0x000000070eb00000, 0x000000070eb00000, 0x000000070ec00000|  0%| F|  |TAMS 0x000000070eb00000, 0x000000070eb00000| Untracked 
| 208|0x000000070ec00000, 0x000000070ec00000, 0x000000070ed00000|  0%| F|  |TAMS 0x000000070ec00000, 0x000000070ec00000| Untracked 
| 209|0x000000070ed00000, 0x000000070ed00000, 0x000000070ee00000|  0%| F|  |TAMS 0x000000070ed00000, 0x000000070ed00000| Untracked 
| 210|0x000000070ee00000, 0x000000070ee00000, 0x000000070ef00000|  0%| F|  |TAMS 0x000000070ee00000, 0x000000070ee00000| Untracked 
| 211|0x000000070ef00000, 0x000000070ef00000, 0x000000070f000000|  0%| F|  |TAMS 0x000000070ef00000, 0x000000070ef00000| Untracked 
| 212|0x000000070f000000, 0x000000070f000000, 0x000000070f100000|  0%| F|  |TAMS 0x000000070f000000, 0x000000070f000000| Untracked 
| 213|0x000000070f100000, 0x000000070f100000, 0x000000070f200000|  0%| F|  |TAMS 0x000000070f100000, 0x000000070f100000| Untracked 
| 214|0x000000070f200000, 0x000000070f200000, 0x000000070f300000|  0%| F|  |TAMS 0x000000070f200000, 0x000000070f200000| Untracked 
| 215|0x000000070f300000, 0x000000070f300000, 0x000000070f400000|  0%| F|  |TAMS 0x000000070f300000, 0x000000070f300000| Untracked 
| 216|0x000000070f400000, 0x000000070f400000, 0x000000070f500000|  0%| F|  |TAMS 0x000000070f400000, 0x000000070f400000| Untracked 
| 217|0x000000070f500000, 0x000000070f500000, 0x000000070f600000|  0%| F|  |TAMS 0x000000070f500000, 0x000000070f500000| Untracked 
| 218|0x000000070f600000, 0x000000070f600000, 0x000000070f700000|  0%| F|  |TAMS 0x000000070f600000, 0x000000070f600000| Untracked 
| 219|0x000000070f700000, 0x000000070f7402e0, 0x000000070f800000| 25%| S|  |TAMS 0x000000070f700000, 0x000000070f700000| Complete 
| 220|0x000000070f800000, 0x000000070f900000, 0x000000070f900000|100%| S|  |TAMS 0x000000070f800000, 0x000000070f800000| Complete 
| 221|0x000000070f900000, 0x000000070fa00000, 0x000000070fa00000|100%| S|  |TAMS 0x000000070f900000, 0x000000070f900000| Complete 
| 222|0x000000070fa00000, 0x000000070fb00000, 0x000000070fb00000|100%| E|CS|TAMS 0x000000070fa00000, 0x000000070fa00000| Complete 
| 223|0x000000070fb00000, 0x000000070fc00000, 0x000000070fc00000|100%| E|CS|TAMS 0x000000070fb00000, 0x000000070fb00000| Complete 
| 224|0x000000070fc00000, 0x000000070fd00000, 0x000000070fd00000|100%| E|CS|TAMS 0x000000070fc00000, 0x000000070fc00000| Complete 
| 225|0x000000070fd00000, 0x000000070fe00000, 0x000000070fe00000|100%| E|CS|TAMS 0x000000070fd00000, 0x000000070fd00000| Complete 
| 226|0x000000070fe00000, 0x000000070ff00000, 0x000000070ff00000|100%| E|CS|TAMS 0x000000070fe00000, 0x000000070fe00000| Complete 
| 227|0x000000070ff00000, 0x0000000710000000, 0x0000000710000000|100%| E|CS|TAMS 0x000000070ff00000, 0x000000070ff00000| Complete 
| 228|0x0000000710000000, 0x0000000710100000, 0x0000000710100000|100%| E|CS|TAMS 0x0000000710000000, 0x0000000710000000| Complete 
| 229|0x0000000710100000, 0x0000000710200000, 0x0000000710200000|100%| E|CS|TAMS 0x0000000710100000, 0x0000000710100000| Complete 
| 230|0x0000000710200000, 0x0000000710300000, 0x0000000710300000|100%| E|CS|TAMS 0x0000000710200000, 0x0000000710200000| Complete 
| 231|0x0000000710300000, 0x0000000710400000, 0x0000000710400000|100%| E|CS|TAMS 0x0000000710300000, 0x0000000710300000| Complete 
| 232|0x0000000710400000, 0x0000000710500000, 0x0000000710500000|100%| E|CS|TAMS 0x0000000710400000, 0x0000000710400000| Complete 
| 233|0x0000000710500000, 0x0000000710600000, 0x0000000710600000|100%| E|CS|TAMS 0x0000000710500000, 0x0000000710500000| Complete 
| 234|0x0000000710600000, 0x0000000710700000, 0x0000000710700000|100%| E|CS|TAMS 0x0000000710600000, 0x0000000710600000| Complete 
| 235|0x0000000710700000, 0x0000000710800000, 0x0000000710800000|100%| E|CS|TAMS 0x0000000710700000, 0x0000000710700000| Complete 
| 236|0x0000000710800000, 0x0000000710900000, 0x0000000710900000|100%| E|CS|TAMS 0x0000000710800000, 0x0000000710800000| Complete 
| 237|0x0000000710900000, 0x0000000710a00000, 0x0000000710a00000|100%| E|CS|TAMS 0x0000000710900000, 0x0000000710900000| Complete 
| 238|0x0000000710a00000, 0x0000000710b00000, 0x0000000710b00000|100%| E|CS|TAMS 0x0000000710a00000, 0x0000000710a00000| Complete 
| 239|0x0000000710b00000, 0x0000000710c00000, 0x0000000710c00000|100%| E|CS|TAMS 0x0000000710b00000, 0x0000000710b00000| Complete 
| 240|0x0000000710c00000, 0x0000000710d00000, 0x0000000710d00000|100%| E|CS|TAMS 0x0000000710c00000, 0x0000000710c00000| Complete 
| 241|0x0000000710d00000, 0x0000000710e00000, 0x0000000710e00000|100%| E|CS|TAMS 0x0000000710d00000, 0x0000000710d00000| Complete 
| 242|0x0000000710e00000, 0x0000000710f00000, 0x0000000710f00000|100%| E|CS|TAMS 0x0000000710e00000, 0x0000000710e00000| Complete 
| 243|0x0000000710f00000, 0x0000000711000000, 0x0000000711000000|100%| E|CS|TAMS 0x0000000710f00000, 0x0000000710f00000| Complete 
| 244|0x0000000711000000, 0x0000000711100000, 0x0000000711100000|100%| E|CS|TAMS 0x0000000711000000, 0x0000000711000000| Complete 
| 245|0x0000000711100000, 0x0000000711200000, 0x0000000711200000|100%| E|CS|TAMS 0x0000000711100000, 0x0000000711100000| Complete 
| 246|0x0000000711200000, 0x0000000711300000, 0x0000000711300000|100%| E|CS|TAMS 0x0000000711200000, 0x0000000711200000| Complete 
| 247|0x0000000711300000, 0x0000000711400000, 0x0000000711400000|100%| E|CS|TAMS 0x0000000711300000, 0x0000000711300000| Complete 
| 248|0x0000000711400000, 0x0000000711500000, 0x0000000711500000|100%| E|CS|TAMS 0x0000000711400000, 0x0000000711400000| Complete 
| 249|0x0000000711500000, 0x0000000711600000, 0x0000000711600000|100%| E|CS|TAMS 0x0000000711500000, 0x0000000711500000| Complete 
| 250|0x0000000711600000, 0x0000000711700000, 0x0000000711700000|100%| E|CS|TAMS 0x0000000711600000, 0x0000000711600000| Complete 
| 251|0x0000000711700000, 0x0000000711800000, 0x0000000711800000|100%| E|CS|TAMS 0x0000000711700000, 0x0000000711700000| Complete 
| 252|0x0000000711800000, 0x0000000711900000, 0x0000000711900000|100%| E|CS|TAMS 0x0000000711800000, 0x0000000711800000| Complete 
| 253|0x0000000711900000, 0x0000000711a00000, 0x0000000711a00000|100%| E|CS|TAMS 0x0000000711900000, 0x0000000711900000| Complete 
| 254|0x0000000711a00000, 0x0000000711b00000, 0x0000000711b00000|100%| E|CS|TAMS 0x0000000711a00000, 0x0000000711a00000| Complete 
| 255|0x0000000711b00000, 0x0000000711c00000, 0x0000000711c00000|100%| E|CS|TAMS 0x0000000711b00000, 0x0000000711b00000| Complete 

Card table byte_map: [0x000001e7e1850000,0x000001e7e2050000] _byte_map_base: 0x000001e7de042000

Marking Bits (Prev, Next): (CMBitMap*) 0x000001e7c95f2458, (CMBitMap*) 0x000001e7c95f2498
 Prev Bits: [0x000001e7e2850000, 0x000001e7e67e0000)
 Next Bits: [0x000001e7e67e0000, 0x000001e7ea770000)

Polling page: 0x000001e7c7540000

Metaspace:

Usage:
  Non-class:     10.69 MB capacity,     8.93 MB ( 84%) used,     1.74 MB ( 16%) free+waste,    14.13 KB ( <1%) overhead. 
      Class:      1.56 MB capacity,     1.29 MB ( 83%) used,   269.02 KB ( 17%) free+waste,     7.00 KB ( <1%) overhead. 
       Both:     12.24 MB capacity,    10.22 MB ( 83%) used,     2.01 MB ( 16%) free+waste,    21.13 KB ( <1%) overhead. 

Virtual space:
  Non-class space:       12.00 MB reserved,      10.75 MB ( 90%) committed 
      Class space:        1.00 GB reserved,       1.63 MB ( <1%) committed 
             Both:        1.01 GB reserved,      12.38 MB (  1%) committed 

Chunk freelists:
   Non-Class:  3.00 KB
       Class:  7.00 KB
        Both:  10.00 KB

MaxMetaspaceSize: 17179869184.00 GB
CompressedClassSpaceSize: 1.00 GB

CodeHeap 'non-profiled nmethods': size=120000Kb used=672Kb max_used=672Kb free=119327Kb
 bounds [0x000001e7d97f0000, 0x000001e7d9a60000, 0x000001e7e0d20000]
CodeHeap 'profiled nmethods': size=120000Kb used=3814Kb max_used=3814Kb free=116185Kb
 bounds [0x000001e7d22c0000, 0x000001e7d2680000, 0x000001e7d97f0000]
CodeHeap 'non-nmethods': size=5760Kb used=1174Kb max_used=1199Kb free=4585Kb
 bounds [0x000001e7d1d20000, 0x000001e7d1f90000, 0x000001e7d22c0000]
 total_blobs=2926 nmethods=1833 adapters=333
 compilation: enabled
              stopped_count=0, restarted_count=0
 full_count=0

Compilation events (20 events):
Event: 0.835 Thread 0x000001e7ed2fc800 1824       3       org.eclipse.sisu.plexus.RealmFilteredBeans$FilteredItr::hasNext (81 bytes)
Event: 0.836 Thread 0x000001e7ed2fc800 nmethod 1824 0x000001e7d2672910 code [0x000001e7d2672b80, 0x000001e7d2673948]
Event: 0.836 Thread 0x000001e7ed2fc800 1825       3       org.eclipse.sisu.bean.BeanPropertyField::getType (11 bytes)
Event: 0.837 Thread 0x000001e7ed2fc800 nmethod 1825 0x000001e7d2673c90 code [0x000001e7d2673fa0, 0x000001e7d26755e8]
Event: 0.837 Thread 0x000001e7ed2fc800 1826       3       org.eclipse.sisu.inject.MildKeys$Weak::<init> (15 bytes)
Event: 0.837 Thread 0x000001e7ed2fc800 nmethod 1826 0x000001e7d2675d10 code [0x000001e7d2675ee0, 0x000001e7d2676308]
Event: 0.837 Thread 0x000001e7ed2fc800 1828       3       org.eclipse.sisu.space.NamedClass::load (14 bytes)
Event: 0.837 Thread 0x000001e7ed2fc800 nmethod 1828 0x000001e7d2676490 code [0x000001e7d2676680, 0x000001e7d2676be8]
Event: 0.837 Thread 0x000001e7ed2fc800 1827       3       com.google.inject.internal.Annotations::isRetainedAtRuntime (33 bytes)
Event: 0.838 Thread 0x000001e7ed2fc800 nmethod 1827 0x000001e7d2676e10 code [0x000001e7d2677040, 0x000001e7d26779b8]
Event: 0.838 Thread 0x000001e7ed2fc800 1831       3       java.util.HashSet::<init> (16 bytes)
Event: 0.838 Thread 0x000001e7ed2fc800 nmethod 1831 0x000001e7d2677d10 code [0x000001e7d2677ee0, 0x000001e7d2678318]
Event: 0.838 Thread 0x000001e7ed2fc800 1829       3       org.eclipse.sisu.inject.Sources::getAnnotation (38 bytes)
Event: 0.838 Thread 0x000001e7ed2fc800 nmethod 1829 0x000001e7d2678490 code [0x000001e7d2678680, 0x000001e7d2678f38]
Event: 0.838 Thread 0x000001e7ed2fc800 1830   !   3       com.google.inject.internal.FailableCache$1::load (48 bytes)
Event: 0.838 Thread 0x000001e7ed2fc800 nmethod 1830 0x000001e7d2679110 code [0x000001e7d2679300, 0x000001e7d2679988]
Event: 0.838 Thread 0x000001e7ed2fc800 1832       1       java.util.concurrent.ConcurrentHashMap$MapEntry::getKey (5 bytes)
Event: 0.838 Thread 0x000001e7ed2fc800 nmethod 1832 0x000001e7d9897b10 code [0x000001e7d9897ca0, 0x000001e7d9897d78]
Event: 0.838 Thread 0x000001e7ed2fc800 1833       1       java.util.concurrent.ConcurrentHashMap$MapEntry::getValue (5 bytes)
Event: 0.838 Thread 0x000001e7ed2fc800 nmethod 1833 0x000001e7d9897e10 code [0x000001e7d9897fa0, 0x000001e7d9898078]

GC Heap History (3 events):
Event: 0.390 GC heap before
{Heap before GC invocations=0 (full 0):
 garbage-first heap   total 262144K, used 23552K [0x0000000701c00000, 0x0000000800000000)
  region size 1024K, 23 young (23552K), 0 survivors (0K)
 Metaspace       used 4740K, capacity 7515K, committed 7552K, reserved 1056768K
  class space    used 602K, capacity 892K, committed 896K, reserved 1048576K
}
Event: 0.394 GC heap after
{Heap after GC invocations=1 (full 0):
 garbage-first heap   total 262144K, used 3419K [0x0000000701c00000, 0x0000000800000000)
  region size 1024K, 3 young (3072K), 3 survivors (3072K)
 Metaspace       used 4740K, capacity 7515K, committed 7552K, reserved 1056768K
  class space    used 602K, capacity 892K, committed 896K, reserved 1048576K
}
Event: 0.839 GC heap before
{Heap before GC invocations=1 (full 0):
 garbage-first heap   total 262144K, used 35163K [0x0000000701c00000, 0x0000000800000000)
  region size 1024K, 34 young (34816K), 3 survivors (3072K)
 Metaspace       used 10461K, capacity 12538K, committed 12672K, reserved 1060864K
  class space    used 1316K, capacity 1593K, committed 1664K, reserved 1048576K
}

Deoptimization events (20 events):
Event: 0.690 Thread 0x000001e7c958a800 Uncommon trap: trap_request=0xffffffde fr.pc=0x000001e7d9875508 relative=0x0000000000000128
Event: 0.690 Thread 0x000001e7c958a800 Uncommon trap: reason=class_check action=maybe_recompile pc=0x000001e7d9875508 method=jdk.internal.misc.Unsafe.allocateUninitializedArray(Ljava/lang/Class;I)Ljava/lang/Object; @ 51 c2
Event: 0.690 Thread 0x000001e7c958a800 DEOPT PACKING pc=0x000001e7d9875508 sp=0x000000567e1fd720
Event: 0.690 Thread 0x000001e7c958a800 DEOPT UNPACKING pc=0x000001e7d1d6912f sp=0x000000567e1fd6a8 mode 2
Event: 0.760 Thread 0x000001e7c958a800 Uncommon trap: trap_request=0xffffffde fr.pc=0x000001e7d982ff20 relative=0x0000000000000a80
Event: 0.760 Thread 0x000001e7c958a800 Uncommon trap: reason=class_check action=maybe_recompile pc=0x000001e7d982ff20 method=java.util.HashMap.putVal(ILjava/lang/Object;Ljava/lang/Object;ZZ)Ljava/lang/Object; @ 203 c2
Event: 0.760 Thread 0x000001e7c958a800 DEOPT PACKING pc=0x000001e7d982ff20 sp=0x000000567e1fa300
Event: 0.760 Thread 0x000001e7c958a800 DEOPT UNPACKING pc=0x000001e7d1d6912f sp=0x000000567e1fa2a0 mode 2
Event: 0.760 Thread 0x000001e7c958a800 Uncommon trap: trap_request=0xffffffde fr.pc=0x000001e7d982ff20 relative=0x0000000000000a80
Event: 0.760 Thread 0x000001e7c958a800 Uncommon trap: reason=class_check action=maybe_recompile pc=0x000001e7d982ff20 method=java.util.HashMap.putVal(ILjava/lang/Object;Ljava/lang/Object;ZZ)Ljava/lang/Object; @ 203 c2
Event: 0.760 Thread 0x000001e7c958a800 DEOPT PACKING pc=0x000001e7d982ff20 sp=0x000000567e1fa300
Event: 0.760 Thread 0x000001e7c958a800 DEOPT UNPACKING pc=0x000001e7d1d6912f sp=0x000000567e1fa2a0 mode 2
Event: 0.782 Thread 0x000001e7c958a800 Uncommon trap: trap_request=0xffffff45 fr.pc=0x000001e7d9883b0c relative=0x000000000000006c
Event: 0.782 Thread 0x000001e7c958a800 Uncommon trap: reason=unstable_if action=reinterpret pc=0x000001e7d9883b0c method=java.lang.reflect.Modifier.isSynthetic(I)Z @ 5 c2
Event: 0.782 Thread 0x000001e7c958a800 DEOPT PACKING pc=0x000001e7d9883b0c sp=0x000000567e1f6e00
Event: 0.782 Thread 0x000001e7c958a800 DEOPT UNPACKING pc=0x000001e7d1d6912f sp=0x000000567e1f6cc8 mode 2
Event: 0.804 Thread 0x000001e7c958a800 Uncommon trap: trap_request=0xffffff45 fr.pc=0x000001e7d982ef40 relative=0x00000000000001e0
Event: 0.804 Thread 0x000001e7c958a800 Uncommon trap: reason=unstable_if action=reinterpret pc=0x000001e7d982ef40 method=java.lang.String.startsWith(Ljava/lang/String;I)Z @ 1 c2
Event: 0.804 Thread 0x000001e7c958a800 DEOPT PACKING pc=0x000001e7d982ef40 sp=0x000000567e1f4330
Event: 0.804 Thread 0x000001e7c958a800 DEOPT UNPACKING pc=0x000001e7d1d6912f sp=0x000000567e1f4298 mode 2

Classes unloaded (0 events):
No events

Classes redefined (0 events):
No events

Internal exceptions (4 events):
Event: 0.172 Thread 0x000001e7c958a800 Exception <a 'java/lang/NoSuchMethodError'{0x000000071168e300}: 'int java.lang.invoke.DirectMethodHandle$Holder.invokeSpecialIFC(java.lang.Object, java.lang.Object, int)'> (0x000000071168e300) 
thrown [./open/src/hotspot/share/interpreter/linkResolver.cpp, line 766]
Event: 0.755 Thread 0x000001e7c958a800 Exception <a 'java/lang/NoClassDefFoundError'{0x000000070fdfdff0}: com/google/inject/servlet/ServletModuleTargetVisitor> (0x000000070fdfdff0) 
thrown [./open/src/hotspot/share/classfile/systemDictionary.cpp, line 215]
Event: 0.755 Thread 0x000001e7c958a800 Exception <a 'java/lang/NoClassDefFoundError'{0x000000070fc01428}: javax/annotation/Priority> (0x000000070fc01428) 
thrown [./open/src/hotspot/share/classfile/systemDictionary.cpp, line 215]
Event: 0.809 Thread 0x000001e7c958a800 Exception <a 'java/lang/NoSuchMethodError'{0x000000070fbc69e0}: 'java.lang.Object java.lang.invoke.DirectMethodHandle$Holder.invokeStaticInit(java.lang.Object, int, int, int, int)'> (0x000000070fbc69e0) 
thrown [./open/src/hotspot/share/interpreter/linkResolver.cpp, line 766]

Events (20 events):
Event: 0.808 loading class java/security/DrbgParameters$Capability done
Event: 0.808 loading class sun/security/provider/MoreDrbgParameters
Event: 0.808 loading class sun/security/provider/MoreDrbgParameters done
Event: 0.808 loading class java/security/DrbgParameters
Event: 0.808 loading class java/security/DrbgParameters done
Event: 0.808 loading class java/security/DrbgParameters$Instantiation
Event: 0.808 loading class java/security/DrbgParameters$Instantiation done
Event: 0.808 loading class sun/security/provider/HashDrbg
Event: 0.808 loading class sun/security/provider/AbstractHashDrbg
Event: 0.808 loading class sun/security/provider/AbstractDrbg
Event: 0.808 loading class sun/security/provider/AbstractDrbg done
Event: 0.808 loading class sun/security/provider/AbstractHashDrbg done
Event: 0.808 loading class sun/security/provider/HashDrbg done
Event: 0.809 loading class sun/security/provider/EntropySource
Event: 0.809 loading class sun/security/provider/EntropySource done
Event: 0.819 Executing VM operation: HandshakeAllThreads
Event: 0.819 Executing VM operation: HandshakeAllThreads done
Event: 0.820 loading class java/util/regex/Pattern$Dollar
Event: 0.820 loading class java/util/regex/Pattern$Dollar done
Event: 0.839 Executing VM operation: G1CollectForAllocation


Dynamic libraries:
0x00007ff7897f0000 - 0x00007ff7897fd000 	C:\jdk-14.0.1\bin\java.exe
0x00007ffc6cce0000 - 0x00007ffc6ced0000 	C:\Windows\SYSTEM32\ntdll.dll
0x00007ffc6bb70000 - 0x00007ffc6bc22000 	C:\Windows\System32\KERNEL32.DLL
0x00007ffc69f90000 - 0x00007ffc6a235000 	C:\Windows\System32\KERNELBASE.dll
0x00007ffc69ca0000 - 0x00007ffc69d9a000 	C:\Windows\System32\ucrtbase.dll
0x00007ffc66db0000 - 0x00007ffc66dc8000 	C:\jdk-14.0.1\bin\jli.dll
0x00007ffc66d90000 - 0x00007ffc66da5000 	C:\jdk-14.0.1\bin\VCRUNTIME140.dll
0x00007ffc6c240000 - 0x00007ffc6c3d4000 	C:\Windows\System32\USER32.dll
0x00007ffc6a240000 - 0x00007ffc6a261000 	C:\Windows\System32\win32u.dll
0x00007ffc59af0000 - 0x00007ffc59d74000 	C:\Windows\WinSxS\amd64_microsoft.windows.common-controls_6595b64144ccf1df_6.0.18362.1440_none_9e7dbfb9e45e8e67\COMCTL32.dll
0x00007ffc6c740000 - 0x00007ffc6c766000 	C:\Windows\System32\GDI32.dll
0x00007ffc6ba20000 - 0x00007ffc6babe000 	C:\Windows\System32\msvcrt.dll
0x00007ffc6a3c0000 - 0x00007ffc6a558000 	C:\Windows\System32\gdi32full.dll
0x00007ffc6c8f0000 - 0x00007ffc6cc26000 	C:\Windows\System32\combase.dll
0x00007ffc6a320000 - 0x00007ffc6a3be000 	C:\Windows\System32\msvcp_win.dll
0x00007ffc6c7d0000 - 0x00007ffc6c8ef000 	C:\Windows\System32\RPCRT4.dll
0x00007ffc6a290000 - 0x00007ffc6a311000 	C:\Windows\System32\bcryptPrimitives.dll
0x00007ffc6c060000 - 0x00007ffc6c08e000 	C:\Windows\System32\IMM32.DLL
0x00007ffc5a670000 - 0x00007ffc5a70b000 	C:\jdk-14.0.1\bin\msvcp140.dll
0x00007ffbf8cd0000 - 0x00007ffbf97ee000 	C:\jdk-14.0.1\bin\server\jvm.dll
0x00007ffc6c540000 - 0x00007ffc6c5e3000 	C:\Windows\System32\ADVAPI32.dll
0x00007ffc6bac0000 - 0x00007ffc6bb57000 	C:\Windows\System32\sechost.dll
0x00007ffc6bb60000 - 0x00007ffc6bb68000 	C:\Windows\System32\PSAPI.DLL
0x00007ffc66e60000 - 0x00007ffc66e69000 	C:\Windows\SYSTEM32\WSOCK32.dll
0x00007ffc678b0000 - 0x00007ffc678d4000 	C:\Windows\SYSTEM32\WINMM.dll
0x00007ffc60d70000 - 0x00007ffc60d7a000 	C:\Windows\SYSTEM32\VERSION.dll
0x00007ffc6bd00000 - 0x00007ffc6bd6f000 	C:\Windows\System32\WS2_32.dll
0x00007ffc67880000 - 0x00007ffc678ad000 	C:\Windows\SYSTEM32\winmmbase.dll
0x00007ffc69c50000 - 0x00007ffc69c9a000 	C:\Windows\System32\cfgmgr32.dll
0x00007ffc69bc0000 - 0x00007ffc69bd1000 	C:\Windows\System32\kernel.appcore.dll
0x00007ffc66d50000 - 0x00007ffc66d5a000 	C:\jdk-14.0.1\bin\jimage.dll
0x00007ffc649d0000 - 0x00007ffc64bc4000 	C:\Windows\SYSTEM32\DBGHELP.DLL
0x00007ffc4d750000 - 0x00007ffc4d77a000 	C:\Windows\SYSTEM32\dbgcore.DLL
0x00007ffc63ed0000 - 0x00007ffc63ef5000 	C:\jdk-14.0.1\bin\java.dll
0x00007ffc63e70000 - 0x00007ffc63e86000 	C:\jdk-14.0.1\bin\zip.dll
0x00007ffc6ad90000 - 0x00007ffc6b478000 	C:\Windows\System32\SHELL32.dll
0x00007ffc6b480000 - 0x00007ffc6b527000 	C:\Windows\System32\shcore.dll
0x00007ffc6a610000 - 0x00007ffc6ad8b000 	C:\Windows\System32\windows.storage.dll
0x00007ffc69be0000 - 0x00007ffc69bfe000 	C:\Windows\System32\profapi.dll
0x00007ffc69c00000 - 0x00007ffc69c4a000 	C:\Windows\System32\powrprof.dll
0x00007ffc69b90000 - 0x00007ffc69ba0000 	C:\Windows\System32\UMPDC.dll
0x00007ffc6c770000 - 0x00007ffc6c7c2000 	C:\Windows\System32\shlwapi.dll
0x00007ffc6a270000 - 0x00007ffc6a287000 	C:\Windows\System32\cryptsp.dll
0x00007ffc5aa10000 - 0x00007ffc5aa29000 	C:\jdk-14.0.1\bin\net.dll
0x00007ffc60c30000 - 0x00007ffc60d2a000 	C:\Windows\SYSTEM32\WINHTTP.dll
0x00007ffc693d0000 - 0x00007ffc69437000 	C:\Windows\system32\mswsock.dll
0x00007ffc5a640000 - 0x00007ffc5a652000 	C:\jdk-14.0.1\bin\nio.dll
0x00007ffc63e60000 - 0x00007ffc63e70000 	C:\jdk-14.0.1\bin\verify.dll

dbghelp: loaded successfully - version: 4.0.5 - missing functions: none
symbol engine: initialized successfully - sym options: 0x614 - pdb path: .;C:\jdk-14.0.1\bin;C:\Windows\SYSTEM32;C:\Windows\WinSxS\amd64_microsoft.windows.common-controls_6595b64144ccf1df_6.0.18362.1440_none_9e7dbfb9e45e8e67;C:\jdk-14.0.1\bin\server

VM Arguments:
jvm_args: -Dclassworlds.conf=C:\apache-maven-3.3.9\bin\..\bin\m2.conf -Dmaven.home=C:\apache-maven-3.3.9\bin\.. -Dmaven.multiModuleProjectDirectory=c:\dependencies\nova\core 
java_command: org.codehaus.plexus.classworlds.launcher.Launcher clean install
java_class_path (initial): C:\apache-maven-3.3.9\bin\..\boot\plexus-classworlds-2.5.2.jar
Launcher Type: SUN_STANDARD

[Global flags]
     intx CICompilerCount                          = 4                                         {product} {ergonomic}
     uint ConcGCThreads                            = 2                                         {product} {ergonomic}
     uint G1ConcRefinementThreads                  = 8                                         {product} {ergonomic}
   size_t G1HeapRegionSize                         = 1048576                                   {product} {ergonomic}
    uintx GCDrainStackTargetSize                   = 64                                        {product} {ergonomic}
   size_t InitialHeapSize                          = 268435456                                 {product} {ergonomic}
   size_t MarkStackSize                            = 4194304                                   {product} {ergonomic}
   size_t MaxHeapSize                              = 4265607168                                {product} {ergonomic}
   size_t MaxNewSize                               = 2558525440                                {product} {ergonomic}
   size_t MinHeapDeltaBytes                        = 1048576                                   {product} {ergonomic}
   size_t MinHeapSize                              = 8388608                                   {product} {ergonomic}
    uintx NonNMethodCodeHeapSize                   = 5839372                                {pd product} {ergonomic}
    uintx NonProfiledCodeHeapSize                  = 122909434                              {pd product} {ergonomic}
    uintx ProfiledCodeHeapSize                     = 122909434                              {pd product} {ergonomic}
    uintx ReservedCodeCacheSize                    = 251658240                              {pd product} {ergonomic}
     bool SegmentedCodeCache                       = true                                      {product} {ergonomic}
   size_t SoftMaxHeapSize                          = 4265607168                             {manageable} {ergonomic}
     bool UseCompressedClassPointers               = true                                 {lp64_product} {ergonomic}
     bool UseCompressedOops                        = true                                 {lp64_product} {ergonomic}
     bool UseG1GC                                  = true                                      {product} {ergonomic}
     bool UseLargePagesIndividualAllocation        = false                                  {pd product} {ergonomic}

Logging:
Log output configuration:
 #0: stdout all=warning uptime,level,tags
 #1: stderr all=off uptime,level,tags

Environment Variables:
JAVA_HOME=C:\jdk-14.0.1
PATH=C:/jdk-14.0.1/bin/server;C:/jdk-14.0.1/bin;Z:\Program Files\ImageMagick-7.0.11-Q8;Z:\Program Files\dotnet\;C:\Program Files (x86)\dotnet\;C:\jdk-14.0.1\bin;C:\apache-maven-3.3.9\bin;Z:\Program Files\Git\bin;C:\evolve\tools;C:\Program Files\nodejs\;c:\windows;c:\windows\system32;c:\windows\system;Z:\Program Files\7-Zip;Z:\Programs\OpenSSL-Win64\bin;C:\Users\Andrew\AppData\Local\Microsoft\WindowsApps;z:\Programs Files\Microsoft VS Code\bin;C:\Users\Andrew\AppData\Roaming\npm;C:\Users\Andrew\AppData\Local\GitHubDesktop\bin;C:\Windows\system32;
USERNAME=Andrew
OS=Windows_NT
PROCESSOR_IDENTIFIER=Intel64 Family 6 Model 158 Stepping 9, GenuineIntel



---------------  S Y S T E M  ---------------

OS: Windows 10 , 64 bit Build 18362 (10.0.18362.1350)
OS uptime: 2 days 6:46 hours

CPU:total 8 (initial active 8) (4 cores per cpu, 2 threads per core) family 6 model 158 stepping 9, cmov, cx8, fxsr, mmx, sse, sse2, sse3, ssse3, sse4.1, sse4.2, popcnt, avx, avx2, aes, clmul, erms, 3dnowpref, lzcnt, ht, tsc, tscinvbit, bmi1, bmi2, adx, fma

Memory: 4k page, system-wide physical 16271M (6475M free)
TotalPageFile size 33679M (AvailPageFile size 15773M)
current process WorkingSet (physical memory assigned to process): 103M, peak: 103M
current process commit charge ("private bytes"): 374M, peak: 376M

vm_info: OpenJDK 64-Bit Server VM (14.0.1+7) for windows-amd64 JRE (14.0.1+7), built on Mar  5 2020 10:30:04 by "mach5one" with MS VC++ 15.9 (VS2017)

END.
