#
# A fatal error has been detected by the Java Runtime Environment:
#
#  EXCEPTION_ACCESS_VIOLATION (0xc0000005) at pc=0x00007ffa1a15f88c, pid=35364, tid=26124
#
# JRE version: OpenJDK Runtime Environment (14.0.1+7) (build 14.0.1+7)
# Java VM: OpenJDK 64-Bit Server VM (14.0.1+7, mixed mode, sharing, tiered, compressed oops, g1 gc, windows-amd64)
# Problematic frame:
# V  [jvm.dll+0x51f88c]
#
# No core dump will be written. Minidumps are not enabled by default on client versions of Windows
#
# If you would like to submit a bug report, please visit:
#   https://bugreport.java.com/bugreport/crash.jsp
#

---------------  S U M M A R Y ------------

Command Line: -Dclassworlds.conf=C:\apache-maven-3.3.9\bin\..\bin\m2.conf -Dmaven.home=C:\apache-maven-3.3.9\bin\.. -Dmaven.multiModuleProjectDirectory=c:\dependencies\nova\components org.codehaus.plexus.classworlds.launcher.Launcher clean install

Host: Intel(R) Core(TM) i7-7700HQ CPU @ 2.80GHz, 8 cores, 15G,  Windows 10 , 64 bit Build 18362 (10.0.18362.1110)
Time: Thu Dec  3 22:45:12 2020 Coordinated Universal Time elapsed time: 17 seconds (0d 0h 0m 17s)

---------------  T H R E A D  ---------------

Current thread (0x000001dd9b606800):  JavaThread "C2 CompilerThread0" daemon [_thread_in_native, id=26124, stack(0x0000000865300000,0x0000000865400000)]


Current CompileTask:
C2:  17083 10251   !   4       com.google.inject.spi.InjectionPoint::getInjectionPoints (495 bytes)

Stack: [0x0000000865300000,0x0000000865400000],  sp=0x00000008653fb5b0,  free space=1005k
Native frames: (J=compiled Java code, j=interpreted, Vv=VM code, C=native code)
V  [jvm.dll+0x51f88c]
V  [jvm.dll+0x18f23f]
V  [jvm.dll+0x18cc1a]
V  [jvm.dll+0x1e5efa]
V  [jvm.dll+0x1e50b8]
V  [jvm.dll+0x1779cc]
V  [jvm.dll+0x1f4105]
V  [jvm.dll+0x1f22eb]
V  [jvm.dll+0x706a9d]
V  [jvm.dll+0x6ff8ba]
V  [jvm.dll+0x5f72c6]
C  [ucrtbase.dll+0x210b2]
C  [KERNEL32.DLL+0x17c24]
C  [ntdll.dll+0x6d4d1]


siginfo: EXCEPTION_ACCESS_VIOLATION (0xc0000005), reading address 0xffffffffffffffff


Register to memory mapping:

RIP=0x00007ffa1a15f88c jvm.dll
RAX=0x00007ffa19cdb720 jvm.dll
RBX=0x000001dda1a0fef8 points into unknown readable memory: 48 50 3f 1a fa 7f 00 00
RCX=0x00007ffa1a3fe4f0 jvm.dll
RDX=0x000000000000044f is an unknown value
RSP=0x00000008653fb5b0 is pointing into the stack for thread: 0x000001dd9b606800
RBP=0x000001dd9baa61a0 points into unknown readable memory: 00 7e 45 1a fa 7f 00 00
RSI=0x00000008653fbae0 is pointing into the stack for thread: 0x000001dd9b606800
RDI=0xffffffffffffffff is an unknown value
R8 =0x00000000ffffffff is an unknown value
R9 =0x0000000000000001 is an unknown value
R10=0x0000000000000001 is an unknown value
R11=0x000001dda31fe3b8 points into unknown readable memory: 00 04 00 00 00 00 00 00
R12=0x0000000000000001 is an unknown value
R13=0x0000000000000001 is an unknown value
R14=0x000001dda1a0fef8 points into unknown readable memory: 48 50 3f 1a fa 7f 00 00
R15=0x000001dd9b64edf0 points into unknown readable memory: 48 d3 4e 1a fa 7f 00 00


Registers:
RAX=0x00007ffa19cdb720, RBX=0x000001dda1a0fef8, RCX=0x00007ffa1a3fe4f0, RDX=0x000000000000044f
RSP=0x00000008653fb5b0, RBP=0x000001dd9baa61a0, RSI=0x00000008653fbae0, RDI=0xffffffffffffffff
R8 =0x00000000ffffffff, R9 =0x0000000000000001, R10=0x0000000000000001, R11=0x000001dda31fe3b8
R12=0x0000000000000001, R13=0x0000000000000001, R14=0x000001dda1a0fef8, R15=0x000001dd9b64edf0
RIP=0x00007ffa1a15f88c, EFLAGS=0x0000000000010297

Top of Stack: (sp=0x00000008653fb5b0)
0x00000008653fb5b0:   000001dda31fe3b8 000001dd9f504060
0x00000008653fb5c0:   000001dd9b657c00 0000000000000000
0x00000008653fb5d0:   000001dda31fe428 00007ffa19dcf23f
0x00000008653fb5e0:   000001dda31fe380 000001dda1a0fe68
0x00000008653fb5f0:   0000000000000003 000001dd9baa61a0
0x00000008653fb600:   000002f500000004 00007ffa00000001
0x00000008653fb610:   000001dd9baa61a0 0000000000000150
0x00000008653fb620:   0000000000000000 0000000000000000
0x00000008653fb630:   00000008653fb740 000001dd9be28d80
0x00000008653fb640:   000001dd9be28d90 00000000000003d8
0x00000008653fb650:   000001dd9be29168 00000008653fb780
0x00000008653fb660:   0000000000000000 00000008653fbbc0
0x00000008653fb670:   00000008653fbae0 00007ffa19dccc1a
0x00000008653fb680:   00000008653fbae0 00000008653fb701
0x00000008653fb690:   00000008653fbb00 00000000ffffffff
0x00000008653fb6a0:   000000000000eb00 0000000000000000 

Instructions: (pc=0x00007ffa1a15f88c)
0x00007ffa1a15f78c:   85 c9 74 13 39 1d fa fb 49 00 75 0b 48 8b c8 e8
0x00007ffa1a15f79c:   b0 b6 c6 ff 4c 8b c0 41 83 78 10 07 48 8b c3 49
0x00007ffa1a15f7ac:   0f 44 c0 48 85 c0 74 13 39 1d e6 fb 49 00 75 0b
0x00007ffa1a15f7bc:   49 8b c8 e8 8c b6 c6 ff 4c 8b c0 41 8b 40 10 83
0x00007ffa1a15f7cc:   f8 04 48 8b 54 24 38 49 0f 44 d8 48 85 db 74 1b
0x00007ffa1a15f7dc:   48 85 d2 74 16 48 81 fa ff 6b ca 88 74 0d 48 8b
0x00007ffa1a15f7ec:   05 67 3d 56 00 48 83 c4 20 5b c3 83 c0 f1 83 f8
0x00007ffa1a15f7fc:   06 0f 87 61 ff ff ff 49 8b 00 49 8b c8 48 83 c4
0x00007ffa1a15f80c:   20 5b 48 ff a0 b8 00 00 00 cc cc cc cc cc cc cc
0x00007ffa1a15f81c:   cc cc cc cc 40 53 48 83 ec 20 48 8b 01 48 8b d9
0x00007ffa1a15f82c:   ff 50 28 48 3b 05 12 3a 56 00 75 18 48 8b 43 08
0x00007ffa1a15f83c:   48 8b 08 48 85 c9 74 0c 48 8b 01 48 83 c4 20 5b
0x00007ffa1a15f84c:   48 ff 60 30 33 c0 48 83 c4 20 5b c3 cc cc cc cc
0x00007ffa1a15f85c:   cc cc cc cc 40 53 48 83 ec 20 81 b9 98 00 00 00
0x00007ffa1a15f86c:   e7 03 00 00 48 8b d9 75 0d 48 8b 05 a4 39 56 00
0x00007ffa1a15f87c:   48 83 c4 20 5b c3 48 8b 41 08 48 8b 08 48 8b 01
0x00007ffa1a15f88c:   ff 50 28 83 78 10 08 75 16 8b 4b 30 3b 48 18 73
0x00007ffa1a15f89c:   0e 48 8b 40 20 48 8b 04 c8 48 83 c4 20 5b c3 8b
0x00007ffa1a15f8ac:   83 98 00 00 00 48 8d 0d f8 38 56 00 48 8b 04 c1
0x00007ffa1a15f8bc:   48 83 c4 20 5b c3 cc cc cc cc cc cc cc cc cc cc
0x00007ffa1a15f8cc:   cc cc cc cc 48 83 ec 28 ba b9 00 00 00 48 8d 0d
0x00007ffa1a15f8dc:   d0 6c 36 00 e8 3b d8 ce ff e8 76 86 0d 00 33 c0
0x00007ffa1a15f8ec:   48 83 c4 28 c3 cc cc cc cc cc cc cc cc cc cc cc
0x00007ffa1a15f8fc:   cc cc cc cc 48 8b 42 70 48 39 41 70 75 22 48 8b
0x00007ffa1a15f90c:   82 88 00 00 00 48 39 81 88 00 00 00 75 12 0f b6
0x00007ffa1a15f91c:   82 90 00 00 00 38 81 90 00 00 00 75 03 b0 01 c3
0x00007ffa1a15f92c:   32 c0 c3 cc 48 8b 42 70 48 39 41 70 0f 94 c0 c3
0x00007ffa1a15f93c:   cc cc cc cc 48 8b 42 70 48 39 41 70 75 30 48 8b
0x00007ffa1a15f94c:   81 88 00 00 00 4c 8b 82 88 00 00 00 4c 2b c0 0f
0x00007ffa1a15f95c:   1f 44 00 00 0f b6 10 42 0f b6 0c 00 2b d1 75 07
0x00007ffa1a15f96c:   48 ff c0 85 c9 75 ed 85 d2 75 03 b0 01 c3 32 c0
0x00007ffa1a15f97c:   c3 cc cc cc 48 8b 42 70 48 39 41 70 75 32 48 8b 


Stack slot to memory mapping:
stack at sp + 0 slots: 0x000001dda31fe3b8 points into unknown readable memory: 00 04 00 00 00 00 00 00
stack at sp + 1 slots: 0x000001dd9f504060 points into unknown readable memory: 00 7e 45 1a fa 7f 00 00
stack at sp + 2 slots: 0x000001dd9b657c00 points into unknown readable memory: b8 e2 3f 65 08 00 00 00
stack at sp + 3 slots: 0x0 is NULL
stack at sp + 4 slots: 0x000001dda31fe428 points into unknown readable memory: 00 00 00 00 00 00 00 00
stack at sp + 5 slots: 0x00007ffa19dcf23f jvm.dll
stack at sp + 6 slots: 0x000001dda31fe380 points into unknown readable memory: 00 00 00 00 00 00 00 00
stack at sp + 7 slots: 0x000001dda1a0fe68 points into unknown readable memory: 00 04 00 00 00 00 00 00


---------------  P R O C E S S  ---------------

Threads class SMR info:
_java_thread_list=0x000001dd9cc34a60, length=13, elements={
0x000001ddf6feb000, 0x000001dd9ad5d800, 0x000001dd9ad5e800, 0x000001dd9b601000,
0x000001dd9b604000, 0x000001dd9b605800, 0x000001dd9b606800, 0x000001dd9b60d000,
0x000001dd9b60e000, 0x000001dd9b74f000, 0x000001dd9b755000, 0x000001dd9e86f800,
0x000001dd9eeb7800
}

Java Threads: ( => current thread )
  0x000001ddf6feb000 JavaThread "main" [_thread_in_native, id=1440, stack(0x0000000864700000,0x0000000864800000)]
  0x000001dd9ad5d800 JavaThread "Reference Handler" daemon [_thread_blocked, id=27052, stack(0x0000000864e00000,0x0000000864f00000)]
  0x000001dd9ad5e800 JavaThread "Finalizer" daemon [_thread_blocked, id=27124, stack(0x0000000864f00000,0x0000000865000000)]
  0x000001dd9b601000 JavaThread "Signal Dispatcher" daemon [_thread_blocked, id=33336, stack(0x0000000865000000,0x0000000865100000)]
  0x000001dd9b604000 JavaThread "Attach Listener" daemon [_thread_blocked, id=35300, stack(0x0000000865100000,0x0000000865200000)]
  0x000001dd9b605800 JavaThread "Service Thread" daemon [_thread_blocked, id=34496, stack(0x0000000865200000,0x0000000865300000)]
=>0x000001dd9b606800 JavaThread "C2 CompilerThread0" daemon [_thread_in_native, id=26124, stack(0x0000000865300000,0x0000000865400000)]
  0x000001dd9b60d000 JavaThread "C1 CompilerThread0" daemon [_thread_blocked, id=26532, stack(0x0000000865400000,0x0000000865500000)]
  0x000001dd9b60e000 JavaThread "Sweeper thread" daemon [_thread_blocked, id=28908, stack(0x0000000865500000,0x0000000865600000)]
  0x000001dd9b74f000 JavaThread "Notification Thread" daemon [_thread_blocked, id=29524, stack(0x0000000865600000,0x0000000865700000)]
  0x000001dd9b755000 JavaThread "Common-Cleaner" daemon [_thread_blocked, id=8396, stack(0x0000000865800000,0x0000000865900000)]
  0x000001dd9e86f800 JavaThread "C2 CompilerThread1" daemon [_thread_blocked, id=34864, stack(0x0000000865900000,0x0000000865a00000)]
  0x000001dd9eeb7800 JavaThread "C2 CompilerThread2" daemon [_thread_blocked, id=35196, stack(0x0000000866500000,0x0000000866600000)]

Other Threads:
  0x000001dd9ad5a000 VMThread "VM Thread" [stack: 0x0000000864d00000,0x0000000864e00000] [id=2572]
  0x000001dd9b750000 WatcherThread [stack: 0x0000000865700000,0x0000000865800000] [id=35112]
  0x000001ddf7052800 GCTaskThread "GC Thread#0" [stack: 0x0000000864800000,0x0000000864900000] [id=10220]
  0x000001dd9c827000 GCTaskThread "GC Thread#1" [stack: 0x0000000865b00000,0x0000000865c00000] [id=35204]
  0x000001dd9c3fd800 GCTaskThread "GC Thread#2" [stack: 0x0000000865c00000,0x0000000865d00000] [id=35076]
  0x000001dd9c3fe000 GCTaskThread "GC Thread#3" [stack: 0x0000000865d00000,0x0000000865e00000] [id=30888]
  0x000001dd9c400000 GCTaskThread "GC Thread#4" [stack: 0x0000000865e00000,0x0000000865f00000] [id=20312]
  0x000001dd9c3fe800 GCTaskThread "GC Thread#5" [stack: 0x0000000865f00000,0x0000000866000000] [id=1956]
  0x000001ddf7073800 ConcurrentGCThread "G1 Main Marker" [stack: 0x0000000864900000,0x0000000864a00000] [id=35244]
  0x000001ddf7075000 ConcurrentGCThread "G1 Conc#0" [stack: 0x0000000864a00000,0x0000000864b00000] [id=35320]
  0x000001dd9c3ff800 ConcurrentGCThread "G1 Conc#1" [stack: 0x0000000866000000,0x0000000866100000] [id=30620]
  0x000001dd9ac3d800 ConcurrentGCThread "G1 Refine#0" [stack: 0x0000000864b00000,0x0000000864c00000] [id=28668]
  0x000001dd9cbf9800 ConcurrentGCThread "G1 Refine#1" [stack: 0x0000000865a00000,0x0000000865b00000] [id=31708]
  0x000001dd9ce84000 ConcurrentGCThread "G1 Refine#2" [stack: 0x0000000866100000,0x0000000866200000] [id=35572]
  0x000001dd9be45000 ConcurrentGCThread "G1 Refine#3" [stack: 0x0000000866200000,0x0000000866300000] [id=35468]
  0x000001dd9cfbc800 ConcurrentGCThread "G1 Refine#4" [stack: 0x0000000866300000,0x0000000866400000] [id=35128]
  0x000001dd9e015800 ConcurrentGCThread "G1 Refine#5" [stack: 0x0000000866400000,0x0000000866500000] [id=34316]
  0x000001dda1aa8000 ConcurrentGCThread "G1 Refine#6" [stack: 0x0000000866600000,0x0000000866700000] [id=26508]
  0x000001dd9ac3e800 ConcurrentGCThread "G1 Young RemSet Sampling" [stack: 0x0000000864c00000,0x0000000864d00000] [id=23800]

Threads with active compile tasks:
C2 CompilerThread0    17152 10251   !   4       com.google.inject.spi.InjectionPoint::getInjectionPoints (495 bytes)

VM state:not at safepoint (normal execution)

VM Mutex/Monitor currently owned by a thread: None

Heap address: 0x0000000701c00000, size: 4068 MB, Compressed Oops mode: Zero based, Oop shift amount: 3
Narrow klass base: 0x0000000800000000, Narrow klass shift: 3
Compressed class space size: 1073741824 Address: 0x0000000800b30000

Heap:
 garbage-first heap   total 221184K, used 126700K [0x0000000701c00000, 0x0000000800000000)
  region size 1024K, 36 young (36864K), 9 survivors (9216K)
 Metaspace       used 36614K, capacity 37511K, committed 37552K, reserved 1083392K
  class space    used 4007K, capacity 4319K, committed 4352K, reserved 1048576K
Heap Regions: E=young(eden), S=young(survivor), O=old, HS=humongous(starts), HC=humongous(continues), CS=collection set, F=free, OA=open archive, CA=closed archive, TAMS=top-at-mark-start (previous, next)
|   0|0x0000000701c00000, 0x0000000701d00000, 0x0000000701d00000|100%| O|  |TAMS 0x0000000701d00000, 0x0000000701c00000| Untracked 
|   1|0x0000000701d00000, 0x0000000701e00000, 0x0000000701e00000|100%| O|  |TAMS 0x0000000701e00000, 0x0000000701d00000| Untracked 
|   2|0x0000000701e00000, 0x0000000701f00000, 0x0000000701f00000|100%| O|  |TAMS 0x0000000701f00000, 0x0000000701e00000| Untracked 
|   3|0x0000000701f00000, 0x0000000701f1ba00, 0x0000000702000000| 10%| O|  |TAMS 0x0000000701f1ba00, 0x0000000701f00000| Untracked 
|   4|0x0000000702000000, 0x0000000702100000, 0x0000000702100000|100%| O|  |TAMS 0x0000000702100000, 0x0000000702000000| Untracked 
|   5|0x0000000702100000, 0x0000000702200000, 0x0000000702200000|100%| O|  |TAMS 0x0000000702200000, 0x0000000702100000| Untracked 
|   6|0x0000000702200000, 0x0000000702300000, 0x0000000702300000|100%| O|  |TAMS 0x0000000702300000, 0x0000000702200000| Untracked 
|   7|0x0000000702300000, 0x0000000702400000, 0x0000000702400000|100%| O|  |TAMS 0x0000000702400000, 0x0000000702300000| Untracked 
|   8|0x0000000702400000, 0x0000000702500000, 0x0000000702500000|100%| O|  |TAMS 0x0000000702500000, 0x0000000702400000| Untracked 
|   9|0x0000000702500000, 0x0000000702600000, 0x0000000702600000|100%| O|  |TAMS 0x0000000702600000, 0x0000000702500000| Untracked 
|  10|0x0000000702600000, 0x0000000702700000, 0x0000000702700000|100%| O|  |TAMS 0x0000000702700000, 0x0000000702600000| Untracked 
|  11|0x0000000702700000, 0x0000000702800000, 0x0000000702800000|100%| O|  |TAMS 0x0000000702800000, 0x0000000702700000| Untracked 
|  12|0x0000000702800000, 0x0000000702900000, 0x0000000702900000|100%| O|  |TAMS 0x0000000702900000, 0x0000000702800000| Untracked 
|  13|0x0000000702900000, 0x0000000702a00000, 0x0000000702a00000|100%| O|  |TAMS 0x0000000702a00000, 0x0000000702900000| Untracked 
|  14|0x0000000702a00000, 0x0000000702b00000, 0x0000000702b00000|100%| O|  |TAMS 0x0000000702b00000, 0x0000000702a00000| Untracked 
|  15|0x0000000702b00000, 0x0000000702c00000, 0x0000000702c00000|100%| O|  |TAMS 0x0000000702c00000, 0x0000000702b00000| Untracked 
|  16|0x0000000702c00000, 0x0000000702d00000, 0x0000000702d00000|100%| O|  |TAMS 0x0000000702d00000, 0x0000000702c00000| Untracked 
|  17|0x0000000702d00000, 0x0000000702e00000, 0x0000000702e00000|100%| O|  |TAMS 0x0000000702e00000, 0x0000000702d00000| Untracked 
|  18|0x0000000702e00000, 0x0000000702f00000, 0x0000000702f00000|100%| O|  |TAMS 0x0000000702f00000, 0x0000000702e00000| Untracked 
|  19|0x0000000702f00000, 0x0000000703000000, 0x0000000703000000|100%| O|  |TAMS 0x0000000703000000, 0x0000000702f00000| Untracked 
|  20|0x0000000703000000, 0x0000000703100000, 0x0000000703100000|100%| O|  |TAMS 0x0000000703100000, 0x0000000703000000| Untracked 
|  21|0x0000000703100000, 0x0000000703200000, 0x0000000703200000|100%| O|  |TAMS 0x0000000703200000, 0x0000000703100000| Untracked 
|  22|0x0000000703200000, 0x0000000703300000, 0x0000000703300000|100%| O|  |TAMS 0x0000000703300000, 0x0000000703200000| Untracked 
|  23|0x0000000703300000, 0x0000000703400000, 0x0000000703400000|100%| O|  |TAMS 0x0000000703400000, 0x0000000703300000| Untracked 
|  24|0x0000000703400000, 0x0000000703500000, 0x0000000703500000|100%| O|  |TAMS 0x0000000703500000, 0x0000000703400000| Untracked 
|  25|0x0000000703500000, 0x0000000703600000, 0x0000000703600000|100%| O|  |TAMS 0x0000000703600000, 0x0000000703500000| Untracked 
|  26|0x0000000703600000, 0x0000000703700000, 0x0000000703700000|100%| O|  |TAMS 0x0000000703700000, 0x0000000703600000| Untracked 
|  27|0x0000000703700000, 0x0000000703800000, 0x0000000703800000|100%| O|  |TAMS 0x0000000703800000, 0x0000000703700000| Untracked 
|  28|0x0000000703800000, 0x0000000703900000, 0x0000000703900000|100%| O|  |TAMS 0x0000000703900000, 0x0000000703800000| Untracked 
|  29|0x0000000703900000, 0x0000000703a00000, 0x0000000703a00000|100%| O|  |TAMS 0x0000000703a00000, 0x0000000703900000| Untracked 
|  30|0x0000000703a00000, 0x0000000703b00000, 0x0000000703b00000|100%| O|  |TAMS 0x0000000703b00000, 0x0000000703a00000| Untracked 
|  31|0x0000000703b00000, 0x0000000703c00000, 0x0000000703c00000|100%| O|  |TAMS 0x0000000703c00000, 0x0000000703b00000| Untracked 
|  32|0x0000000703c00000, 0x0000000703d00000, 0x0000000703d00000|100%| O|  |TAMS 0x0000000703d00000, 0x0000000703c00000| Untracked 
|  33|0x0000000703d00000, 0x0000000703e00000, 0x0000000703e00000|100%| O|  |TAMS 0x0000000703e00000, 0x0000000703d00000| Untracked 
|  34|0x0000000703e00000, 0x0000000703f00000, 0x0000000703f00000|100%| O|  |TAMS 0x0000000703f00000, 0x0000000703e00000| Untracked 
|  35|0x0000000703f00000, 0x0000000704000000, 0x0000000704000000|100%| O|  |TAMS 0x0000000704000000, 0x0000000703f00000| Untracked 
|  36|0x0000000704000000, 0x0000000704100000, 0x0000000704100000|100%| O|  |TAMS 0x0000000704100000, 0x0000000704000000| Untracked 
|  37|0x0000000704100000, 0x0000000704200000, 0x0000000704200000|100%| O|  |TAMS 0x0000000704200000, 0x0000000704100000| Untracked 
|  38|0x0000000704200000, 0x0000000704300000, 0x0000000704300000|100%| O|  |TAMS 0x0000000704300000, 0x0000000704200000| Untracked 
|  39|0x0000000704300000, 0x0000000704400000, 0x0000000704400000|100%| O|  |TAMS 0x0000000704400000, 0x0000000704300000| Untracked 
|  40|0x0000000704400000, 0x0000000704500000, 0x0000000704500000|100%| O|  |TAMS 0x0000000704500000, 0x0000000704400000| Untracked 
|  41|0x0000000704500000, 0x0000000704600000, 0x0000000704600000|100%| O|  |TAMS 0x0000000704600000, 0x0000000704500000| Untracked 
|  42|0x0000000704600000, 0x0000000704700000, 0x0000000704700000|100%| O|  |TAMS 0x0000000704700000, 0x0000000704600000| Untracked 
|  43|0x0000000704700000, 0x0000000704800000, 0x0000000704800000|100%| O|  |TAMS 0x0000000704800000, 0x0000000704700000| Untracked 
|  44|0x0000000704800000, 0x0000000704900000, 0x0000000704900000|100%| O|  |TAMS 0x0000000704900000, 0x0000000704800000| Untracked 
|  45|0x0000000704900000, 0x0000000704a00000, 0x0000000704a00000|100%| O|  |TAMS 0x0000000704a00000, 0x0000000704900000| Untracked 
|  46|0x0000000704a00000, 0x0000000704b00000, 0x0000000704b00000|100%| O|  |TAMS 0x0000000704b00000, 0x0000000704a00000| Untracked 
|  47|0x0000000704b00000, 0x0000000704c00000, 0x0000000704c00000|100%| O|  |TAMS 0x0000000704c00000, 0x0000000704b00000| Untracked 
|  48|0x0000000704c00000, 0x0000000704d00000, 0x0000000704d00000|100%| O|  |TAMS 0x0000000704d00000, 0x0000000704c00000| Untracked 
|  49|0x0000000704d00000, 0x0000000704e00000, 0x0000000704e00000|100%| O|  |TAMS 0x0000000704e00000, 0x0000000704d00000| Untracked 
|  50|0x0000000704e00000, 0x0000000704f00000, 0x0000000704f00000|100%| O|  |TAMS 0x0000000704f00000, 0x0000000704e00000| Untracked 
|  51|0x0000000704f00000, 0x0000000705000000, 0x0000000705000000|100%| O|  |TAMS 0x0000000705000000, 0x0000000704f00000| Untracked 
|  52|0x0000000705000000, 0x0000000705100000, 0x0000000705100000|100%| O|  |TAMS 0x0000000705100000, 0x0000000705000000| Untracked 
|  53|0x0000000705100000, 0x0000000705200000, 0x0000000705200000|100%| O|  |TAMS 0x0000000705200000, 0x0000000705100000| Untracked 
|  54|0x0000000705200000, 0x0000000705300000, 0x0000000705300000|100%| O|  |TAMS 0x0000000705300000, 0x0000000705200000| Untracked 
|  55|0x0000000705300000, 0x0000000705400000, 0x0000000705400000|100%| O|  |TAMS 0x0000000705400000, 0x0000000705300000| Untracked 
|  56|0x0000000705400000, 0x0000000705500000, 0x0000000705500000|100%| O|  |TAMS 0x0000000705500000, 0x0000000705400000| Untracked 
|  57|0x0000000705500000, 0x0000000705600000, 0x0000000705600000|100%| O|  |TAMS 0x0000000705600000, 0x0000000705500000| Untracked 
|  58|0x0000000705600000, 0x0000000705700000, 0x0000000705700000|100%| O|  |TAMS 0x0000000705700000, 0x0000000705600000| Untracked 
|  59|0x0000000705700000, 0x0000000705800000, 0x0000000705800000|100%| O|  |TAMS 0x0000000705800000, 0x0000000705700000| Untracked 
|  60|0x0000000705800000, 0x0000000705900000, 0x0000000705900000|100%| O|  |TAMS 0x0000000705900000, 0x0000000705800000| Untracked 
|  61|0x0000000705900000, 0x0000000705a00000, 0x0000000705a00000|100%| O|  |TAMS 0x0000000705a00000, 0x0000000705900000| Untracked 
|  62|0x0000000705a00000, 0x0000000705b00000, 0x0000000705b00000|100%| O|  |TAMS 0x0000000705b00000, 0x0000000705a00000| Untracked 
|  63|0x0000000705b00000, 0x0000000705c00000, 0x0000000705c00000|100%| O|  |TAMS 0x0000000705c00000, 0x0000000705b00000| Untracked 
|  64|0x0000000705c00000, 0x0000000705d00000, 0x0000000705d00000|100%| O|  |TAMS 0x0000000705d00000, 0x0000000705c00000| Untracked 
|  65|0x0000000705d00000, 0x0000000705e00000, 0x0000000705e00000|100%| O|  |TAMS 0x0000000705e00000, 0x0000000705d00000| Untracked 
|  66|0x0000000705e00000, 0x0000000705f00000, 0x0000000705f00000|100%| O|  |TAMS 0x0000000705f00000, 0x0000000705e00000| Untracked 
|  67|0x0000000705f00000, 0x0000000706000000, 0x0000000706000000|100%| O|  |TAMS 0x0000000706000000, 0x0000000705f00000| Untracked 
|  68|0x0000000706000000, 0x0000000706100000, 0x0000000706100000|100%| O|  |TAMS 0x0000000706100000, 0x0000000706000000| Untracked 
|  69|0x0000000706100000, 0x0000000706200000, 0x0000000706200000|100%| O|  |TAMS 0x0000000706200000, 0x0000000706100000| Untracked 
|  70|0x0000000706200000, 0x0000000706300000, 0x0000000706300000|100%| O|  |TAMS 0x0000000706300000, 0x0000000706200000| Untracked 
|  71|0x0000000706300000, 0x0000000706400000, 0x0000000706400000|100%| O|  |TAMS 0x0000000706400000, 0x0000000706300000| Untracked 
|  72|0x0000000706400000, 0x0000000706500000, 0x0000000706500000|100%| O|  |TAMS 0x0000000706500000, 0x0000000706400000| Untracked 
|  73|0x0000000706500000, 0x0000000706600000, 0x0000000706600000|100%| O|  |TAMS 0x0000000706600000, 0x0000000706500000| Untracked 
|  74|0x0000000706600000, 0x0000000706700000, 0x0000000706700000|100%| O|  |TAMS 0x0000000706700000, 0x0000000706600000| Untracked 
|  75|0x0000000706700000, 0x0000000706800000, 0x0000000706800000|100%| O|  |TAMS 0x0000000706800000, 0x0000000706700000| Untracked 
|  76|0x0000000706800000, 0x00000007068c6a00, 0x0000000706900000| 77%| O|  |TAMS 0x0000000706800000, 0x0000000706800000| Untracked 
|  77|0x0000000706900000, 0x0000000706900000, 0x0000000706a00000|  0%| F|  |TAMS 0x0000000706900000, 0x0000000706900000| Untracked 
|  78|0x0000000706a00000, 0x0000000706b00000, 0x0000000706b00000|100%| O|  |TAMS 0x0000000706b00000, 0x0000000706a00000| Untracked 
|  79|0x0000000706b00000, 0x0000000706c00000, 0x0000000706c00000|100%| O|  |TAMS 0x0000000706c00000, 0x0000000706b00000| Untracked 
|  80|0x0000000706c00000, 0x0000000706d00000, 0x0000000706d00000|100%| O|  |TAMS 0x0000000706d00000, 0x0000000706c00000| Untracked 
|  81|0x0000000706d00000, 0x0000000706e00000, 0x0000000706e00000|100%| O|  |TAMS 0x0000000706e00000, 0x0000000706d00000| Untracked 
|  82|0x0000000706e00000, 0x0000000706f00000, 0x0000000706f00000|100%| O|  |TAMS 0x0000000706f00000, 0x0000000706e00000| Untracked 
|  83|0x0000000706f00000, 0x0000000707000000, 0x0000000707000000|100%| O|  |TAMS 0x0000000707000000, 0x0000000706f00000| Untracked 
|  84|0x0000000707000000, 0x0000000707100000, 0x0000000707100000|100%| O|  |TAMS 0x0000000707100000, 0x0000000707000000| Untracked 
|  85|0x0000000707100000, 0x0000000707200000, 0x0000000707200000|100%| O|  |TAMS 0x0000000707200000, 0x0000000707100000| Untracked 
|  86|0x0000000707200000, 0x0000000707300000, 0x0000000707300000|100%| O|  |TAMS 0x0000000707300000, 0x0000000707200000| Untracked 
|  87|0x0000000707300000, 0x0000000707400000, 0x0000000707400000|100%| O|  |TAMS 0x0000000707355a00, 0x0000000707300000| Untracked 
|  88|0x0000000707400000, 0x0000000707500000, 0x0000000707500000|100%|HS|  |TAMS 0x0000000707500000, 0x0000000707400000| Complete 
|  89|0x0000000707500000, 0x0000000707600000, 0x0000000707600000|100%|HC|  |TAMS 0x0000000707600000, 0x0000000707500000| Complete 
|  90|0x0000000707600000, 0x0000000707700000, 0x0000000707700000|100%|HC|  |TAMS 0x0000000707700000, 0x0000000707600000| Complete 
|  91|0x0000000707700000, 0x0000000707700000, 0x0000000707800000|  0%| F|  |TAMS 0x0000000707700000, 0x0000000707700000| Untracked 
|  92|0x0000000707800000, 0x0000000707800000, 0x0000000707900000|  0%| F|  |TAMS 0x0000000707800000, 0x0000000707800000| Untracked 
|  93|0x0000000707900000, 0x0000000707900000, 0x0000000707a00000|  0%| F|  |TAMS 0x0000000707900000, 0x0000000707900000| Untracked 
|  94|0x0000000707a00000, 0x0000000707a00000, 0x0000000707b00000|  0%| F|  |TAMS 0x0000000707a00000, 0x0000000707a00000| Untracked 
|  95|0x0000000707b00000, 0x0000000707b00000, 0x0000000707c00000|  0%| F|  |TAMS 0x0000000707b00000, 0x0000000707b00000| Untracked 
|  96|0x0000000707c00000, 0x0000000707c00000, 0x0000000707d00000|  0%| F|  |TAMS 0x0000000707c00000, 0x0000000707c00000| Untracked 
|  97|0x0000000707d00000, 0x0000000707d00000, 0x0000000707e00000|  0%| F|  |TAMS 0x0000000707d00000, 0x0000000707d00000| Untracked 
|  98|0x0000000707e00000, 0x0000000707e00000, 0x0000000707f00000|  0%| F|  |TAMS 0x0000000707e00000, 0x0000000707e00000| Untracked 
|  99|0x0000000707f00000, 0x0000000707f00000, 0x0000000708000000|  0%| F|  |TAMS 0x0000000707f00000, 0x0000000707f00000| Untracked 
| 100|0x0000000708000000, 0x0000000708000000, 0x0000000708100000|  0%| F|  |TAMS 0x0000000708000000, 0x0000000708000000| Untracked 
| 101|0x0000000708100000, 0x0000000708100000, 0x0000000708200000|  0%| F|  |TAMS 0x0000000708100000, 0x0000000708100000| Untracked 
| 102|0x0000000708200000, 0x0000000708200000, 0x0000000708300000|  0%| F|  |TAMS 0x0000000708200000, 0x0000000708200000| Untracked 
| 103|0x0000000708300000, 0x0000000708300000, 0x0000000708400000|  0%| F|  |TAMS 0x0000000708300000, 0x0000000708300000| Untracked 
| 104|0x0000000708400000, 0x0000000708400000, 0x0000000708500000|  0%| F|  |TAMS 0x0000000708400000, 0x0000000708400000| Untracked 
| 105|0x0000000708500000, 0x0000000708500000, 0x0000000708600000|  0%| F|  |TAMS 0x0000000708500000, 0x0000000708500000| Untracked 
| 106|0x0000000708600000, 0x0000000708600000, 0x0000000708700000|  0%| F|  |TAMS 0x0000000708600000, 0x0000000708600000| Untracked 
| 107|0x0000000708700000, 0x0000000708700000, 0x0000000708800000|  0%| F|  |TAMS 0x0000000708700000, 0x0000000708700000| Untracked 
| 108|0x0000000708800000, 0x0000000708800000, 0x0000000708900000|  0%| F|  |TAMS 0x0000000708800000, 0x0000000708800000| Untracked 
| 109|0x0000000708900000, 0x0000000708900000, 0x0000000708a00000|  0%| F|  |TAMS 0x0000000708900000, 0x0000000708900000| Untracked 
| 110|0x0000000708a00000, 0x0000000708a00000, 0x0000000708b00000|  0%| F|  |TAMS 0x0000000708a00000, 0x0000000708a00000| Untracked 
| 111|0x0000000708b00000, 0x0000000708b00000, 0x0000000708c00000|  0%| F|  |TAMS 0x0000000708b00000, 0x0000000708b00000| Untracked 
| 112|0x0000000708c00000, 0x0000000708c00000, 0x0000000708d00000|  0%| F|  |TAMS 0x0000000708c00000, 0x0000000708c00000| Untracked 
| 113|0x0000000708d00000, 0x0000000708d00000, 0x0000000708e00000|  0%| F|  |TAMS 0x0000000708d00000, 0x0000000708d00000| Untracked 
| 114|0x0000000708e00000, 0x0000000708e00000, 0x0000000708f00000|  0%| F|  |TAMS 0x0000000708e00000, 0x0000000708e00000| Untracked 
| 115|0x0000000708f00000, 0x0000000708f00000, 0x0000000709000000|  0%| F|  |TAMS 0x0000000708f00000, 0x0000000708f00000| Untracked 
| 116|0x0000000709000000, 0x0000000709000000, 0x0000000709100000|  0%| F|  |TAMS 0x0000000709000000, 0x0000000709000000| Untracked 
| 117|0x0000000709100000, 0x0000000709100000, 0x0000000709200000|  0%| F|  |TAMS 0x0000000709100000, 0x0000000709100000| Untracked 
| 118|0x0000000709200000, 0x0000000709200000, 0x0000000709300000|  0%| F|  |TAMS 0x0000000709200000, 0x0000000709200000| Untracked 
| 119|0x0000000709300000, 0x0000000709300000, 0x0000000709400000|  0%| F|  |TAMS 0x0000000709300000, 0x0000000709300000| Untracked 
| 120|0x0000000709400000, 0x0000000709400000, 0x0000000709500000|  0%| F|  |TAMS 0x0000000709400000, 0x0000000709400000| Untracked 
| 121|0x0000000709500000, 0x0000000709500000, 0x0000000709600000|  0%| F|  |TAMS 0x0000000709500000, 0x0000000709500000| Untracked 
| 122|0x0000000709600000, 0x00000007096d8e20, 0x0000000709700000| 84%| S|CS|TAMS 0x0000000709600000, 0x0000000709600000| Complete 
| 123|0x0000000709700000, 0x0000000709800000, 0x0000000709800000|100%| S|CS|TAMS 0x0000000709700000, 0x0000000709700000| Complete 
| 124|0x0000000709800000, 0x0000000709900000, 0x0000000709900000|100%| S|CS|TAMS 0x0000000709800000, 0x0000000709800000| Complete 
| 125|0x0000000709900000, 0x0000000709a00000, 0x0000000709a00000|100%| S|CS|TAMS 0x0000000709900000, 0x0000000709900000| Complete 
| 126|0x0000000709a00000, 0x0000000709b00000, 0x0000000709b00000|100%| S|CS|TAMS 0x0000000709a00000, 0x0000000709a00000| Complete 
| 127|0x0000000709b00000, 0x0000000709c00000, 0x0000000709c00000|100%| S|CS|TAMS 0x0000000709b00000, 0x0000000709b00000| Complete 
| 128|0x0000000709c00000, 0x0000000709d00000, 0x0000000709d00000|100%| S|CS|TAMS 0x0000000709c00000, 0x0000000709c00000| Complete 
| 129|0x0000000709d00000, 0x0000000709e00000, 0x0000000709e00000|100%| S|CS|TAMS 0x0000000709d00000, 0x0000000709d00000| Complete 
| 130|0x0000000709e00000, 0x0000000709f00000, 0x0000000709f00000|100%| S|CS|TAMS 0x0000000709e00000, 0x0000000709e00000| Complete 
| 131|0x0000000709f00000, 0x0000000709f00000, 0x000000070a000000|  0%| F|  |TAMS 0x0000000709f00000, 0x0000000709f00000| Untracked 
| 132|0x000000070a000000, 0x000000070a000000, 0x000000070a100000|  0%| F|  |TAMS 0x000000070a000000, 0x000000070a000000| Untracked 
| 133|0x000000070a100000, 0x000000070a100000, 0x000000070a200000|  0%| F|  |TAMS 0x000000070a100000, 0x000000070a100000| Untracked 
| 134|0x000000070a200000, 0x000000070a200000, 0x000000070a300000|  0%| F|  |TAMS 0x000000070a200000, 0x000000070a200000| Untracked 
| 135|0x000000070a300000, 0x000000070a300000, 0x000000070a400000|  0%| F|  |TAMS 0x000000070a300000, 0x000000070a300000| Untracked 
| 136|0x000000070a400000, 0x000000070a400000, 0x000000070a500000|  0%| F|  |TAMS 0x000000070a400000, 0x000000070a400000| Untracked 
| 137|0x000000070a500000, 0x000000070a500000, 0x000000070a600000|  0%| F|  |TAMS 0x000000070a500000, 0x000000070a500000| Untracked 
| 138|0x000000070a600000, 0x000000070a600000, 0x000000070a700000|  0%| F|  |TAMS 0x000000070a600000, 0x000000070a600000| Untracked 
| 139|0x000000070a700000, 0x000000070a700000, 0x000000070a800000|  0%| F|  |TAMS 0x000000070a700000, 0x000000070a700000| Untracked 
| 140|0x000000070a800000, 0x000000070a800000, 0x000000070a900000|  0%| F|  |TAMS 0x000000070a800000, 0x000000070a800000| Untracked 
| 141|0x000000070a900000, 0x000000070a900000, 0x000000070aa00000|  0%| F|  |TAMS 0x000000070a900000, 0x000000070a900000| Untracked 
| 142|0x000000070aa00000, 0x000000070aa00000, 0x000000070ab00000|  0%| F|  |TAMS 0x000000070aa00000, 0x000000070aa00000| Untracked 
| 143|0x000000070ab00000, 0x000000070ab00000, 0x000000070ac00000|  0%| F|  |TAMS 0x000000070ab00000, 0x000000070ab00000| Untracked 
| 144|0x000000070ac00000, 0x000000070ac00000, 0x000000070ad00000|  0%| F|  |TAMS 0x000000070ac00000, 0x000000070ac00000| Untracked 
| 145|0x000000070ad00000, 0x000000070ad00000, 0x000000070ae00000|  0%| F|  |TAMS 0x000000070ad00000, 0x000000070ad00000| Untracked 
| 146|0x000000070ae00000, 0x000000070ae00000, 0x000000070af00000|  0%| F|  |TAMS 0x000000070ae00000, 0x000000070ae00000| Untracked 
| 147|0x000000070af00000, 0x000000070af00000, 0x000000070b000000|  0%| F|  |TAMS 0x000000070af00000, 0x000000070af00000| Untracked 
| 148|0x000000070b000000, 0x000000070b000000, 0x000000070b100000|  0%| F|  |TAMS 0x000000070b000000, 0x000000070b000000| Untracked 
| 149|0x000000070b100000, 0x000000070b100000, 0x000000070b200000|  0%| F|  |TAMS 0x000000070b100000, 0x000000070b100000| Untracked 
| 150|0x000000070b200000, 0x000000070b200000, 0x000000070b300000|  0%| F|  |TAMS 0x000000070b200000, 0x000000070b200000| Untracked 
| 151|0x000000070b300000, 0x000000070b300000, 0x000000070b400000|  0%| F|  |TAMS 0x000000070b300000, 0x000000070b300000| Untracked 
| 152|0x000000070b400000, 0x000000070b400000, 0x000000070b500000|  0%| F|  |TAMS 0x000000070b400000, 0x000000070b400000| Untracked 
| 153|0x000000070b500000, 0x000000070b500000, 0x000000070b600000|  0%| F|  |TAMS 0x000000070b500000, 0x000000070b500000| Untracked 
| 154|0x000000070b600000, 0x000000070b600000, 0x000000070b700000|  0%| F|  |TAMS 0x000000070b600000, 0x000000070b600000| Untracked 
| 155|0x000000070b700000, 0x000000070b700000, 0x000000070b800000|  0%| F|  |TAMS 0x000000070b700000, 0x000000070b700000| Untracked 
| 156|0x000000070b800000, 0x000000070b800000, 0x000000070b900000|  0%| F|  |TAMS 0x000000070b800000, 0x000000070b800000| Untracked 
| 157|0x000000070b900000, 0x000000070b900000, 0x000000070ba00000|  0%| F|  |TAMS 0x000000070b900000, 0x000000070b900000| Untracked 
| 158|0x000000070ba00000, 0x000000070ba00000, 0x000000070bb00000|  0%| F|  |TAMS 0x000000070ba00000, 0x000000070ba00000| Untracked 
| 159|0x000000070bb00000, 0x000000070bb00000, 0x000000070bc00000|  0%| F|  |TAMS 0x000000070bb00000, 0x000000070bb00000| Untracked 
| 160|0x000000070bc00000, 0x000000070bc00000, 0x000000070bd00000|  0%| F|  |TAMS 0x000000070bc00000, 0x000000070bc00000| Untracked 
| 161|0x000000070bd00000, 0x000000070bd00000, 0x000000070be00000|  0%| F|  |TAMS 0x000000070bd00000, 0x000000070bd00000| Untracked 
| 162|0x000000070be00000, 0x000000070be00000, 0x000000070bf00000|  0%| F|  |TAMS 0x000000070be00000, 0x000000070be00000| Untracked 
| 163|0x000000070bf00000, 0x000000070bf00000, 0x000000070c000000|  0%| F|  |TAMS 0x000000070bf00000, 0x000000070bf00000| Untracked 
| 164|0x000000070c000000, 0x000000070c000000, 0x000000070c100000|  0%| F|  |TAMS 0x000000070c000000, 0x000000070c000000| Untracked 
| 165|0x000000070c100000, 0x000000070c100000, 0x000000070c200000|  0%| F|  |TAMS 0x000000070c100000, 0x000000070c100000| Untracked 
| 166|0x000000070c200000, 0x000000070c200000, 0x000000070c300000|  0%| F|  |TAMS 0x000000070c200000, 0x000000070c200000| Untracked 
| 167|0x000000070c300000, 0x000000070c300000, 0x000000070c400000|  0%| F|  |TAMS 0x000000070c300000, 0x000000070c300000| Untracked 
| 168|0x000000070c400000, 0x000000070c400000, 0x000000070c500000|  0%| F|  |TAMS 0x000000070c400000, 0x000000070c400000| Untracked 
| 169|0x000000070c500000, 0x000000070c500000, 0x000000070c600000|  0%| F|  |TAMS 0x000000070c500000, 0x000000070c500000| Untracked 
| 170|0x000000070c600000, 0x000000070c600000, 0x000000070c700000|  0%| F|  |TAMS 0x000000070c600000, 0x000000070c600000| Untracked 
| 171|0x000000070c700000, 0x000000070c700000, 0x000000070c800000|  0%| F|  |TAMS 0x000000070c700000, 0x000000070c700000| Untracked 
| 172|0x000000070c800000, 0x000000070c800000, 0x000000070c900000|  0%| F|  |TAMS 0x000000070c800000, 0x000000070c800000| Untracked 
| 173|0x000000070c900000, 0x000000070c900000, 0x000000070ca00000|  0%| F|  |TAMS 0x000000070c900000, 0x000000070c900000| Untracked 
| 174|0x000000070ca00000, 0x000000070ca00000, 0x000000070cb00000|  0%| F|  |TAMS 0x000000070ca00000, 0x000000070ca00000| Untracked 
| 175|0x000000070cb00000, 0x000000070cb00000, 0x000000070cc00000|  0%| F|  |TAMS 0x000000070cb00000, 0x000000070cb00000| Untracked 
| 176|0x000000070cc00000, 0x000000070cc00000, 0x000000070cd00000|  0%| F|  |TAMS 0x000000070cc00000, 0x000000070cc00000| Untracked 
| 177|0x000000070cd00000, 0x000000070cd00000, 0x000000070ce00000|  0%| F|  |TAMS 0x000000070cd00000, 0x000000070cd00000| Untracked 
| 178|0x000000070ce00000, 0x000000070ce00000, 0x000000070cf00000|  0%| F|  |TAMS 0x000000070ce00000, 0x000000070ce00000| Untracked 
| 179|0x000000070cf00000, 0x000000070cf00000, 0x000000070d000000|  0%| F|  |TAMS 0x000000070cf00000, 0x000000070cf00000| Untracked 
| 180|0x000000070d000000, 0x000000070d000000, 0x000000070d100000|  0%| F|  |TAMS 0x000000070d000000, 0x000000070d000000| Untracked 
| 181|0x000000070d100000, 0x000000070d100000, 0x000000070d200000|  0%| F|  |TAMS 0x000000070d100000, 0x000000070d100000| Untracked 
| 182|0x000000070d200000, 0x000000070d200000, 0x000000070d300000|  0%| F|  |TAMS 0x000000070d200000, 0x000000070d200000| Untracked 
| 183|0x000000070d300000, 0x000000070d300000, 0x000000070d400000|  0%| F|  |TAMS 0x000000070d300000, 0x000000070d300000| Untracked 
| 184|0x000000070d400000, 0x000000070d400000, 0x000000070d500000|  0%| F|  |TAMS 0x000000070d400000, 0x000000070d400000| Untracked 
| 185|0x000000070d500000, 0x000000070d500000, 0x000000070d600000|  0%| F|  |TAMS 0x000000070d500000, 0x000000070d500000| Untracked 
| 186|0x000000070d600000, 0x000000070d600000, 0x000000070d700000|  0%| F|  |TAMS 0x000000070d600000, 0x000000070d600000| Untracked 
| 187|0x000000070d700000, 0x000000070d700000, 0x000000070d800000|  0%| F|  |TAMS 0x000000070d700000, 0x000000070d700000| Untracked 
| 188|0x000000070d800000, 0x000000070d800000, 0x000000070d900000|  0%| F|  |TAMS 0x000000070d800000, 0x000000070d800000| Untracked 
| 189|0x000000070d900000, 0x000000070da00000, 0x000000070da00000|100%| E|  |TAMS 0x000000070d900000, 0x000000070d900000| Complete 
| 190|0x000000070da00000, 0x000000070db00000, 0x000000070db00000|100%| E|CS|TAMS 0x000000070da00000, 0x000000070da00000| Complete 
| 191|0x000000070db00000, 0x000000070dc00000, 0x000000070dc00000|100%| E|CS|TAMS 0x000000070db00000, 0x000000070db00000| Complete 
| 192|0x000000070dc00000, 0x000000070dd00000, 0x000000070dd00000|100%| E|CS|TAMS 0x000000070dc00000, 0x000000070dc00000| Complete 
| 193|0x000000070dd00000, 0x000000070de00000, 0x000000070de00000|100%| E|CS|TAMS 0x000000070dd00000, 0x000000070dd00000| Complete 
| 194|0x000000070de00000, 0x000000070df00000, 0x000000070df00000|100%| E|CS|TAMS 0x000000070de00000, 0x000000070de00000| Complete 
| 195|0x000000070df00000, 0x000000070e000000, 0x000000070e000000|100%| E|CS|TAMS 0x000000070df00000, 0x000000070df00000| Complete 
| 196|0x000000070e000000, 0x000000070e100000, 0x000000070e100000|100%| E|CS|TAMS 0x000000070e000000, 0x000000070e000000| Complete 
| 197|0x000000070e100000, 0x000000070e200000, 0x000000070e200000|100%| E|CS|TAMS 0x000000070e100000, 0x000000070e100000| Complete 
| 198|0x000000070e200000, 0x000000070e300000, 0x000000070e300000|100%| E|CS|TAMS 0x000000070e200000, 0x000000070e200000| Complete 
| 199|0x000000070e300000, 0x000000070e400000, 0x000000070e400000|100%| E|CS|TAMS 0x000000070e300000, 0x000000070e300000| Complete 
| 200|0x000000070e400000, 0x000000070e500000, 0x000000070e500000|100%| E|CS|TAMS 0x000000070e400000, 0x000000070e400000| Complete 
| 201|0x000000070e500000, 0x000000070e600000, 0x000000070e600000|100%| E|CS|TAMS 0x000000070e500000, 0x000000070e500000| Complete 
| 202|0x000000070e600000, 0x000000070e700000, 0x000000070e700000|100%| E|CS|TAMS 0x000000070e600000, 0x000000070e600000| Complete 
| 203|0x000000070e700000, 0x000000070e800000, 0x000000070e800000|100%| E|CS|TAMS 0x000000070e700000, 0x000000070e700000| Complete 
| 204|0x000000070e800000, 0x000000070e900000, 0x000000070e900000|100%| E|CS|TAMS 0x000000070e800000, 0x000000070e800000| Complete 
| 205|0x000000070e900000, 0x000000070ea00000, 0x000000070ea00000|100%| E|CS|TAMS 0x000000070e900000, 0x000000070e900000| Complete 
| 206|0x000000070ea00000, 0x000000070eb00000, 0x000000070eb00000|100%| E|CS|TAMS 0x000000070ea00000, 0x000000070ea00000| Complete 
| 207|0x000000070eb00000, 0x000000070ec00000, 0x000000070ec00000|100%| E|CS|TAMS 0x000000070eb00000, 0x000000070eb00000| Complete 
| 208|0x000000070ec00000, 0x000000070ed00000, 0x000000070ed00000|100%| E|CS|TAMS 0x000000070ec00000, 0x000000070ec00000| Complete 
| 209|0x000000070ed00000, 0x000000070ee00000, 0x000000070ee00000|100%| E|CS|TAMS 0x000000070ed00000, 0x000000070ed00000| Complete 
| 210|0x000000070ee00000, 0x000000070ef00000, 0x000000070ef00000|100%| E|CS|TAMS 0x000000070ee00000, 0x000000070ee00000| Complete 
| 211|0x000000070ef00000, 0x000000070f000000, 0x000000070f000000|100%| E|CS|TAMS 0x000000070ef00000, 0x000000070ef00000| Complete 
| 212|0x000000070f000000, 0x000000070f100000, 0x000000070f100000|100%| E|CS|TAMS 0x000000070f000000, 0x000000070f000000| Complete 
| 213|0x000000070f100000, 0x000000070f200000, 0x000000070f200000|100%| E|CS|TAMS 0x000000070f100000, 0x000000070f100000| Complete 
| 214|0x000000070f200000, 0x000000070f300000, 0x000000070f300000|100%| E|CS|TAMS 0x000000070f200000, 0x000000070f200000| Complete 
| 255|0x0000000711b00000, 0x0000000711c00000, 0x0000000711c00000|100%| E|CS|TAMS 0x0000000711b00000, 0x0000000711b00000| Complete 

Card table byte_map: [0x000001dd8f800000,0x000001dd90000000] _byte_map_base: 0x000001dd8bff2000

Marking Bits (Prev, Next): (CMBitMap*) 0x000001ddf7052f78, (CMBitMap*) 0x000001ddf7052fb8
 Prev Bits: [0x000001dd90800000, 0x000001dd94790000)
 Next Bits: [0x000001dd94790000, 0x000001dd98720000)

Polling page: 0x000001ddf5180000

Metaspace:

Usage:
  Non-class:     32.41 MB capacity,    31.84 MB ( 98%) used,   498.66 KB (  2%) free+waste,    86.44 KB ( <1%) overhead. 
      Class:      4.22 MB capacity,     3.91 MB ( 93%) used,   275.45 KB (  6%) free+waste,    36.13 KB ( <1%) overhead. 
       Both:     36.63 MB capacity,    35.76 MB ( 98%) used,   774.12 KB (  2%) free+waste,   122.56 KB ( <1%) overhead. 

Virtual space:
  Non-class space:       34.00 MB reserved,      32.42 MB ( 95%) committed 
      Class space:        1.00 GB reserved,       4.25 MB ( <1%) committed 
             Both:        1.03 GB reserved,      36.67 MB (  3%) committed 

Chunk freelists:
   Non-Class:  8.00 KB
       Class:  1.00 KB
        Both:  9.00 KB

MaxMetaspaceSize: 17179869184.00 GB
CompressedClassSpaceSize: 1.00 GB

CodeHeap 'non-profiled nmethods': size=120000Kb used=7048Kb max_used=7048Kb free=112951Kb
 bounds [0x000001dd87ad0000, 0x000001dd881c0000, 0x000001dd8f000000]
CodeHeap 'profiled nmethods': size=120000Kb used=19806Kb max_used=21115Kb free=100193Kb
 bounds [0x000001dd805a0000, 0x000001dd81a50000, 0x000001dd87ad0000]
CodeHeap 'non-nmethods': size=5760Kb used=1256Kb max_used=1359Kb free=4503Kb
 bounds [0x000001dd80000000, 0x000001dd80270000, 0x000001dd805a0000]
 total_blobs=14742 nmethods=8048 adapters=435
 compilation: enabled
              stopped_count=0, restarted_count=0
 full_count=0

Compilation events (20 events):
Event: 17.012 Thread 0x000001dd9b60d000 10312       3       org.codehaus.plexus.components.io.resources.PlexusIoFileResource::setLastModified (10 bytes)
Event: 17.012 Thread 0x000001dd9b60d000 nmethod 10312 0x000001dd81513410 code [0x000001dd815135c0, 0x000001dd81513728]
Event: 17.023 Thread 0x000001dd9eeb7800 10313       4       java.io.File::isDirectory (43 bytes)
Event: 17.027 Thread 0x000001dd9eeb7800 nmethod 10313 0x000001dd881b0b90 code [0x000001dd881b0d80, 0x000001dd881b1198]
Event: 17.042 Thread 0x000001dd9b60d000 10314       3       org.codehaus.plexus.components.io.resources.PlexusIoFileResource::setFile (50 bytes)
Event: 17.043 Thread 0x000001dd9b60d000 nmethod 10314 0x000001dd81506190 code [0x000001dd815064e0, 0x000001dd815077b8]
Event: 17.043 Thread 0x000001dd9b60d000 10319       3       java.io.File::lastModified (33 bytes)
Event: 17.043 Thread 0x000001dd9b60d000 nmethod 10319 0x000001dd81704710 code [0x000001dd81704940, 0x000001dd81705128]
Event: 17.043 Thread 0x000001dd9b60d000 10316       3       org.codehaus.plexus.components.io.resources.PlexusIoFileResource::setSize (1 bytes)
Event: 17.043 Thread 0x000001dd9b60d000 nmethod 10316 0x000001dd8150f790 code [0x000001dd8150f920, 0x000001dd8150fa38]
Event: 17.043 Thread 0x000001dd9b60d000 10317       3       org.codehaus.plexus.components.io.resources.PlexusIoFileResource::setFile (1 bytes)
Event: 17.043 Thread 0x000001dd9b60d000 nmethod 10317 0x000001dd81543c90 code [0x000001dd81543e20, 0x000001dd81543f38]
Event: 17.043 Thread 0x000001dd9b60d000 10318       3       org.codehaus.plexus.components.io.resources.PlexusIoFileResource::setDirectory (1 bytes)
Event: 17.043 Thread 0x000001dd9b60d000 nmethod 10318 0x000001dd81632010 code [0x000001dd816321a0, 0x000001dd816322b8]
Event: 17.043 Thread 0x000001dd9b60d000 10320       3       java.io.File::setLastModified (51 bytes)
Event: 17.044 Thread 0x000001dd9b60d000 nmethod 10320 0x000001dd816bb790 code [0x000001dd816bb9e0, 0x000001dd816bc2f8]
Event: 17.044 Thread 0x000001dd9b60d000 10321       3       org.codehaus.plexus.components.io.resources.AbstractPlexusIoResourceCollection::isSelected (39 bytes)
Event: 17.044 Thread 0x000001dd9b60d000 nmethod 10321 0x000001dd81861a90 code [0x000001dd81861c40, 0x000001dd81862048]
Event: 17.069 Thread 0x000001dd9eeb7800 10322       4       java.io.File::isFile (43 bytes)
Event: 17.073 Thread 0x000001dd9eeb7800 nmethod 10322 0x000001dd881b1810 code [0x000001dd881b1a00, 0x000001dd881b1e18]

GC Heap History (20 events):
Event: 11.333 GC heap before
{Heap before GC invocations=10 (full 0):
 garbage-first heap   total 153600K, used 79982K [0x0000000701c00000, 0x0000000800000000)
  region size 1024K, 12 young (12288K), 7 survivors (7168K)
 Metaspace       used 31780K, capacity 32485K, committed 32816K, reserved 1079296K
  class space    used 3584K, capacity 3857K, committed 3968K, reserved 1048576K
}
Event: 11.342 GC heap after
{Heap after GC invocations=11 (full 0):
 garbage-first heap   total 184320K, used 78419K [0x0000000701c00000, 0x0000000800000000)
  region size 1024K, 2 young (2048K), 2 survivors (2048K)
 Metaspace       used 31780K, capacity 32485K, committed 32816K, reserved 1079296K
  class space    used 3584K, capacity 3857K, committed 3968K, reserved 1048576K
}
Event: 12.027 GC heap before
{Heap before GC invocations=12 (full 0):
 garbage-first heap   total 184320K, used 136787K [0x0000000701c00000, 0x0000000800000000)
  region size 1024K, 57 young (58368K), 2 survivors (2048K)
 Metaspace       used 33523K, capacity 34249K, committed 34480K, reserved 1079296K
  class space    used 3774K, capacity 4056K, committed 4096K, reserved 1048576K
}
Event: 12.041 GC heap after
{Heap after GC invocations=13 (full 0):
 garbage-first heap   total 184320K, used 84466K [0x0000000701c00000, 0x0000000800000000)
  region size 1024K, 7 young (7168K), 7 survivors (7168K)
 Metaspace       used 33523K, capacity 34249K, committed 34480K, reserved 1079296K
  class space    used 3774K, capacity 4056K, committed 4096K, reserved 1048576K
}
Event: 12.873 GC heap before
{Heap before GC invocations=13 (full 0):
 garbage-first heap   total 184320K, used 138738K [0x0000000701c00000, 0x0000000800000000)
  region size 1024K, 60 young (61440K), 7 survivors (7168K)
 Metaspace       used 34763K, capacity 35496K, committed 35632K, reserved 1081344K
  class space    used 3832K, capacity 4123K, committed 4224K, reserved 1048576K
}
Event: 12.886 GC heap after
{Heap after GC invocations=14 (full 0):
 garbage-first heap   total 184320K, used 87176K [0x0000000701c00000, 0x0000000800000000)
  region size 1024K, 3 young (3072K), 3 survivors (3072K)
 Metaspace       used 34763K, capacity 35496K, committed 35632K, reserved 1081344K
  class space    used 3832K, capacity 4123K, committed 4224K, reserved 1048576K
}
Event: 13.562 GC heap before
{Heap before GC invocations=14 (full 0):
 garbage-first heap   total 184320K, used 142472K [0x0000000701c00000, 0x0000000800000000)
  region size 1024K, 57 young (58368K), 3 survivors (3072K)
 Metaspace       used 35035K, capacity 35847K, committed 36144K, reserved 1081344K
  class space    used 3839K, capacity 4134K, committed 4224K, reserved 1048576K
}
Event: 13.571 GC heap after
{Heap after GC invocations=15 (full 0):
 garbage-first heap   total 184320K, used 88687K [0x0000000701c00000, 0x0000000800000000)
  region size 1024K, 5 young (5120K), 5 survivors (5120K)
 Metaspace       used 35035K, capacity 35847K, committed 36144K, reserved 1081344K
  class space    used 3839K, capacity 4134K, committed 4224K, reserved 1048576K
}
Event: 14.135 GC heap before
{Heap before GC invocations=16 (full 0):
 garbage-first heap   total 184320K, used 145007K [0x0000000701c00000, 0x0000000800000000)
  region size 1024K, 60 young (61440K), 5 survivors (5120K)
 Metaspace       used 35160K, capacity 35913K, committed 36144K, reserved 1081344K
  class space    used 3839K, capacity 4134K, committed 4224K, reserved 1048576K
}
Event: 14.144 GC heap after
{Heap after GC invocations=17 (full 0):
 garbage-first heap   total 184320K, used 90130K [0x0000000701c00000, 0x0000000800000000)
  region size 1024K, 6 young (6144K), 6 survivors (6144K)
 Metaspace       used 35160K, capacity 35913K, committed 36144K, reserved 1081344K
  class space    used 3839K, capacity 4134K, committed 4224K, reserved 1048576K
}
Event: 14.643 GC heap before
{Heap before GC invocations=17 (full 0):
 garbage-first heap   total 184320K, used 148498K [0x0000000701c00000, 0x0000000800000000)
  region size 1024K, 63 young (64512K), 6 survivors (6144K)
 Metaspace       used 35272K, capacity 36060K, committed 36400K, reserved 1081344K
  class space    used 3842K, capacity 4139K, committed 4224K, reserved 1048576K
}
Event: 14.655 GC heap after
{Heap after GC invocations=18 (full 0):
 garbage-first heap   total 184320K, used 91857K [0x0000000701c00000, 0x0000000800000000)
  region size 1024K, 5 young (5120K), 5 survivors (5120K)
 Metaspace       used 35272K, capacity 36060K, committed 36400K, reserved 1081344K
  class space    used 3842K, capacity 4139K, committed 4224K, reserved 1048576K
}
Event: 14.898 GC heap before
{Heap before GC invocations=19 (full 0):
 garbage-first heap   total 184320K, used 117457K [0x0000000701c00000, 0x0000000800000000)
  region size 1024K, 31 young (31744K), 5 survivors (5120K)
 Metaspace       used 35290K, capacity 36060K, committed 36400K, reserved 1081344K
  class space    used 3842K, capacity 4139K, committed 4224K, reserved 1048576K
}
Event: 14.907 GC heap after
{Heap after GC invocations=20 (full 0):
 garbage-first heap   total 184320K, used 92613K [0x0000000701c00000, 0x0000000800000000)
  region size 1024K, 4 young (4096K), 4 survivors (4096K)
 Metaspace       used 35290K, capacity 36060K, committed 36400K, reserved 1081344K
  class space    used 3842K, capacity 4139K, committed 4224K, reserved 1048576K
}
Event: 15.486 GC heap before
{Heap before GC invocations=21 (full 0):
 garbage-first heap   total 184320K, used 156101K [0x0000000701c00000, 0x0000000800000000)
  region size 1024K, 63 young (64512K), 4 survivors (4096K)
 Metaspace       used 35322K, capacity 36061K, committed 36400K, reserved 1081344K
  class space    used 3842K, capacity 4139K, committed 4224K, reserved 1048576K
}
Event: 15.497 GC heap after
{Heap after GC invocations=22 (full 0):
 garbage-first heap   total 184320K, used 95664K [0x0000000701c00000, 0x0000000800000000)
  region size 1024K, 6 young (6144K), 6 survivors (6144K)
 Metaspace       used 35322K, capacity 36061K, committed 36400K, reserved 1081344K
  class space    used 3842K, capacity 4139K, committed 4224K, reserved 1048576K
}
Event: 15.989 GC heap before
{Heap before GC invocations=22 (full 0):
 garbage-first heap   total 184320K, used 155056K [0x0000000701c00000, 0x0000000800000000)
  region size 1024K, 64 young (65536K), 6 survivors (6144K)
 Metaspace       used 35356K, capacity 36126K, committed 36400K, reserved 1081344K
  class space    used 3842K, capacity 4139K, committed 4224K, reserved 1048576K
}
Event: 15.998 GC heap after
{Heap after GC invocations=23 (full 0):
 garbage-first heap   total 221184K, used 97152K [0x0000000701c00000, 0x0000000800000000)
  region size 1024K, 6 young (6144K), 6 survivors (6144K)
 Metaspace       used 35356K, capacity 36126K, committed 36400K, reserved 1081344K
  class space    used 3842K, capacity 4139K, committed 4224K, reserved 1048576K
}
Event: 16.843 GC heap before
{Heap before GC invocations=24 (full 0):
 garbage-first heap   total 221184K, used 184192K [0x0000000701c00000, 0x0000000800000000)
  region size 1024K, 91 young (93184K), 6 survivors (6144K)
 Metaspace       used 36604K, capacity 37447K, committed 37552K, reserved 1083392K
  class space    used 4007K, capacity 4319K, committed 4352K, reserved 1048576K
}
Event: 16.854 GC heap after
{Heap after GC invocations=25 (full 0):
 garbage-first heap   total 221184K, used 100076K [0x0000000701c00000, 0x0000000800000000)
  region size 1024K, 9 young (9216K), 9 survivors (9216K)
 Metaspace       used 36604K, capacity 37447K, committed 37552K, reserved 1083392K
  class space    used 4007K, capacity 4319K, committed 4352K, reserved 1048576K
}

Deoptimization events (20 events):
Event: 16.732 Thread 0x000001ddf6feb000 DEOPT PACKING pc=0x000001dd807581b2 sp=0x00000008647fcd40
Event: 16.732 Thread 0x000001ddf6feb000 DEOPT UNPACKING pc=0x000001dd8004964e sp=0x00000008647fc1d8 mode 0
Event: 16.736 Thread 0x000001ddf6feb000 DEOPT PACKING pc=0x000001dd807581b2 sp=0x00000008647fcda0
Event: 16.736 Thread 0x000001ddf6feb000 DEOPT UNPACKING pc=0x000001dd8004964e sp=0x00000008647fc238 mode 0
Event: 16.752 Thread 0x000001ddf6feb000 Uncommon trap: trap_request=0xffffff45 fr.pc=0x000001dd87b0256c relative=0x00000000000002cc
Event: 16.752 Thread 0x000001ddf6feb000 Uncommon trap: reason=unstable_if action=reinterpret pc=0x000001dd87b0256c method=java.lang.StringLatin1.lastIndexOf([BI[BII)I @ 86 c2
Event: 16.752 Thread 0x000001ddf6feb000 DEOPT PACKING pc=0x000001dd87b0256c sp=0x00000008647fcda0
Event: 16.752 Thread 0x000001ddf6feb000 DEOPT UNPACKING pc=0x000001dd8004912f sp=0x00000008647fcc58 mode 2
Event: 16.754 Thread 0x000001ddf6feb000 Uncommon trap: trap_request=0xffffff45 fr.pc=0x000001dd87e832f0 relative=0x0000000000000130
Event: 16.754 Thread 0x000001ddf6feb000 Uncommon trap: reason=unstable_if action=reinterpret pc=0x000001dd87e832f0 method=java.lang.StringLatin1.lastIndexOf([BI[BII)I @ 86 c2
Event: 16.754 Thread 0x000001ddf6feb000 DEOPT PACKING pc=0x000001dd87e832f0 sp=0x00000008647fccd0
Event: 16.754 Thread 0x000001ddf6feb000 DEOPT UNPACKING pc=0x000001dd8004912f sp=0x00000008647fcc50 mode 2
Event: 16.798 Thread 0x000001ddf6feb000 Uncommon trap: trap_request=0xffffff45 fr.pc=0x000001dd8818bbe0 relative=0x0000000000000800
Event: 16.798 Thread 0x000001ddf6feb000 Uncommon trap: reason=unstable_if action=reinterpret pc=0x000001dd8818bbe0 method=org.apache.maven.model.Dependency.clone()Lorg/apache/maven/model/Dependency; @ 76 c2
Event: 16.798 Thread 0x000001ddf6feb000 DEOPT PACKING pc=0x000001dd8818bbe0 sp=0x00000008647fd700
Event: 16.798 Thread 0x000001ddf6feb000 DEOPT UNPACKING pc=0x000001dd8004912f sp=0x00000008647fd700 mode 2
Event: 16.948 Thread 0x000001ddf6feb000 Uncommon trap: trap_request=0xffffff45 fr.pc=0x000001dd87d96108 relative=0x00000000000014a8
Event: 16.948 Thread 0x000001ddf6feb000 Uncommon trap: reason=unstable_if action=reinterpret pc=0x000001dd87d96108 method=java.io.WinNTFileSystem.resolve(Ljava/lang/String;Ljava/lang/String;)Ljava/lang/String; @ 19 c2
Event: 16.948 Thread 0x000001ddf6feb000 DEOPT PACKING pc=0x000001dd87d96108 sp=0x00000008647fd760
Event: 16.948 Thread 0x000001ddf6feb000 DEOPT UNPACKING pc=0x000001dd8004912f sp=0x00000008647fd6a8 mode 2

Classes unloaded (0 events):
No events

Classes redefined (0 events):
No events

Internal exceptions (20 events):
Event: 16.418 Thread 0x000001ddf6feb000 Exception <a 'sun/nio/fs/WindowsException'{0x000000070c5fd630}> (0x000000070c5fd630) 
thrown [./open/src/hotspot/share/prims/jni.cpp, line 599]
Event: 16.433 Thread 0x000001ddf6feb000 Exception <a 'sun/nio/fs/WindowsException'{0x000000070c284c18}> (0x000000070c284c18) 
thrown [./open/src/hotspot/share/prims/jni.cpp, line 599]
Event: 16.435 Thread 0x000001ddf6feb000 Exception <a 'sun/nio/fs/WindowsException'{0x000000070c28e588}> (0x000000070c28e588) 
thrown [./open/src/hotspot/share/prims/jni.cpp, line 599]
Event: 16.437 Thread 0x000001ddf6feb000 Exception <a 'sun/nio/fs/WindowsException'{0x000000070c2b4ca0}> (0x000000070c2b4ca0) 
thrown [./open/src/hotspot/share/prims/jni.cpp, line 599]
Event: 16.439 Thread 0x000001ddf6feb000 Exception <a 'sun/nio/fs/WindowsException'{0x000000070c2e0e70}> (0x000000070c2e0e70) 
thrown [./open/src/hotspot/share/prims/jni.cpp, line 599]
Event: 16.441 Thread 0x000001ddf6feb000 Exception <a 'sun/nio/fs/WindowsException'{0x000000070c2efd00}> (0x000000070c2efd00) 
thrown [./open/src/hotspot/share/prims/jni.cpp, line 599]
Event: 16.445 Thread 0x000001ddf6feb000 Exception <a 'sun/nio/fs/WindowsException'{0x000000070c1c0f58}> (0x000000070c1c0f58) 
thrown [./open/src/hotspot/share/prims/jni.cpp, line 599]
Event: 16.447 Thread 0x000001ddf6feb000 Exception <a 'sun/nio/fs/WindowsException'{0x000000070c1d37a0}> (0x000000070c1d37a0) 
thrown [./open/src/hotspot/share/prims/jni.cpp, line 599]
Event: 16.449 Thread 0x000001ddf6feb000 Exception <a 'sun/nio/fs/WindowsException'{0x000000070c1f6960}> (0x000000070c1f6960) 
thrown [./open/src/hotspot/share/prims/jni.cpp, line 599]
Event: 16.451 Thread 0x000001ddf6feb000 Exception <a 'sun/nio/fs/WindowsException'{0x000000070c00f168}> (0x000000070c00f168) 
thrown [./open/src/hotspot/share/prims/jni.cpp, line 599]
Event: 16.452 Thread 0x000001ddf6feb000 Exception <a 'sun/nio/fs/WindowsException'{0x000000070c017f00}> (0x000000070c017f00) 
thrown [./open/src/hotspot/share/prims/jni.cpp, line 599]
Event: 16.454 Thread 0x000001ddf6feb000 Exception <a 'sun/nio/fs/WindowsException'{0x000000070c0306d0}> (0x000000070c0306d0) 
thrown [./open/src/hotspot/share/prims/jni.cpp, line 599]
Event: 16.467 Thread 0x000001ddf6feb000 Exception <a 'sun/nio/fs/WindowsException'{0x000000070bf84c88}> (0x000000070bf84c88) 
thrown [./open/src/hotspot/share/prims/jni.cpp, line 599]
Event: 16.470 Thread 0x000001ddf6feb000 Exception <a 'sun/nio/fs/WindowsException'{0x000000070bfa7ba0}> (0x000000070bfa7ba0) 
thrown [./open/src/hotspot/share/prims/jni.cpp, line 599]
Event: 16.473 Thread 0x000001ddf6feb000 Exception <a 'sun/nio/fs/WindowsException'{0x000000070be79660}> (0x000000070be79660) 
thrown [./open/src/hotspot/share/prims/jni.cpp, line 599]
Event: 16.475 Thread 0x000001ddf6feb000 Exception <a 'sun/nio/fs/WindowsException'{0x000000070beb8e90}> (0x000000070beb8e90) 
thrown [./open/src/hotspot/share/prims/jni.cpp, line 599]
Event: 16.477 Thread 0x000001ddf6feb000 Exception <a 'sun/nio/fs/WindowsException'{0x000000070bef09d0}> (0x000000070bef09d0) 
thrown [./open/src/hotspot/share/prims/jni.cpp, line 599]
Event: 16.485 Thread 0x000001ddf6feb000 Exception <a 'sun/nio/fs/WindowsException'{0x000000070bdaa790}> (0x000000070bdaa790) 
thrown [./open/src/hotspot/share/prims/jni.cpp, line 599]
Event: 16.486 Thread 0x000001ddf6feb000 Exception <a 'sun/nio/fs/WindowsException'{0x000000070bdb30e0}> (0x000000070bdb30e0) 
thrown [./open/src/hotspot/share/prims/jni.cpp, line 599]
Event: 16.488 Thread 0x000001ddf6feb000 Exception <a 'sun/nio/fs/WindowsException'{0x000000070bdd0f68}> (0x000000070bdd0f68) 
thrown [./open/src/hotspot/share/prims/jni.cpp, line 599]

Events (20 events):
Event: 16.499 loading class java/util/WeakHashMap$HashIterator done
Event: 16.499 loading class java/util/WeakHashMap$KeyIterator done
Event: 16.590 Executing VM operation: ICBufferFull
Event: 16.590 Executing VM operation: ICBufferFull done
Event: 16.683 loading class java/lang/IllegalAccessError
Event: 16.683 loading class java/lang/IllegalAccessError done
Event: 16.766 Executing VM operation: HandshakeAllThreads
Event: 16.766 Executing VM operation: HandshakeAllThreads done
Event: 16.768 loading class java/util/zip/GZIPInputStream
Event: 16.768 loading class java/util/zip/GZIPInputStream done
Event: 16.786 Executing VM operation: ICBufferFull
Event: 16.786 Executing VM operation: ICBufferFull done
Event: 16.791 loading class java/util/zip/CRC32
Event: 16.791 loading class java/util/zip/Checksum
Event: 16.791 loading class java/util/zip/Checksum done
Event: 16.791 loading class java/util/zip/CRC32 done
Event: 16.791 loading class java/util/zip/Checksum$1
Event: 16.791 loading class java/util/zip/Checksum$1 done
Event: 16.843 Executing VM operation: G1CollectForAllocation
Event: 16.854 Executing VM operation: G1CollectForAllocation done


Dynamic libraries:
0x00007ff7a8490000 - 0x00007ff7a849d000 	C:\jdk-14.0.1\bin\java.exe
0x00007ffa5f820000 - 0x00007ffa5fa10000 	C:\Windows\SYSTEM32\ntdll.dll
0x00007ffa5e890000 - 0x00007ffa5e942000 	C:\Windows\System32\KERNEL32.DLL
0x00007ffa5cd70000 - 0x00007ffa5d015000 	C:\Windows\System32\KERNELBASE.dll
0x00007ffa5c7a0000 - 0x00007ffa5c89a000 	C:\Windows\System32\ucrtbase.dll
0x00007ffa1b880000 - 0x00007ffa1b898000 	C:\jdk-14.0.1\bin\jli.dll
0x00007ffa1b860000 - 0x00007ffa1b875000 	C:\jdk-14.0.1\bin\VCRUNTIME140.dll
0x00007ffa5eb50000 - 0x00007ffa5ece4000 	C:\Windows\System32\USER32.dll
0x00007ffa5d0c0000 - 0x00007ffa5d0e1000 	C:\Windows\System32\win32u.dll
0x00007ffa5bbc0000 - 0x00007ffa5be44000 	C:\Windows\WinSxS\amd64_microsoft.windows.common-controls_6595b64144ccf1df_6.0.18362.1198_none_9e820b57e45ad92f\COMCTL32.dll
0x00007ffa5db20000 - 0x00007ffa5db46000 	C:\Windows\System32\GDI32.dll
0x00007ffa5c8a0000 - 0x00007ffa5ca36000 	C:\Windows\System32\gdi32full.dll
0x00007ffa5dd00000 - 0x00007ffa5dd9e000 	C:\Windows\System32\msvcrt.dll
0x00007ffa5d020000 - 0x00007ffa5d0be000 	C:\Windows\System32\msvcp_win.dll
0x00007ffa5ed00000 - 0x00007ffa5f035000 	C:\Windows\System32\combase.dll
0x00007ffa5d8d0000 - 0x00007ffa5d9f0000 	C:\Windows\System32\RPCRT4.dll
0x00007ffa5ccf0000 - 0x00007ffa5cd70000 	C:\Windows\System32\bcryptPrimitives.dll
0x00007ffa5f520000 - 0x00007ffa5f54e000 	C:\Windows\System32\IMM32.DLL
0x00007ffa1b760000 - 0x00007ffa1b7fb000 	C:\jdk-14.0.1\bin\msvcp140.dll
0x00007ffa19c40000 - 0x00007ffa1a75e000 	C:\jdk-14.0.1\bin\server\jvm.dll
0x00007ffa5dda0000 - 0x00007ffa5de43000 	C:\Windows\System32\ADVAPI32.dll
0x00007ffa5f600000 - 0x00007ffa5f697000 	C:\Windows\System32\sechost.dll
0x00007ffa5ecf0000 - 0x00007ffa5ecf8000 	C:\Windows\System32\PSAPI.DLL
0x00007ffa19c30000 - 0x00007ffa19c39000 	C:\Windows\SYSTEM32\WSOCK32.dll
0x00007ffa59b40000 - 0x00007ffa59b64000 	C:\Windows\SYSTEM32\WINMM.dll
0x00007ffa59a20000 - 0x00007ffa59a2a000 	C:\Windows\SYSTEM32\VERSION.dll
0x00007ffa5f040000 - 0x00007ffa5f0af000 	C:\Windows\System32\WS2_32.dll
0x00007ffa59ac0000 - 0x00007ffa59aed000 	C:\Windows\SYSTEM32\winmmbase.dll
0x00007ffa5d880000 - 0x00007ffa5d8ca000 	C:\Windows\System32\cfgmgr32.dll
0x00007ffa5c730000 - 0x00007ffa5c741000 	C:\Windows\System32\kernel.appcore.dll
0x00007ffa19be0000 - 0x00007ffa19bea000 	C:\jdk-14.0.1\bin\jimage.dll
0x00007ffa5c120000 - 0x00007ffa5c314000 	C:\Windows\SYSTEM32\DBGHELP.DLL
0x00007ffa5bf40000 - 0x00007ffa5bf6a000 	C:\Windows\SYSTEM32\dbgcore.DLL
0x00007ffa19370000 - 0x00007ffa19395000 	C:\jdk-14.0.1\bin\java.dll
0x00007ffa19350000 - 0x00007ffa19366000 	C:\jdk-14.0.1\bin\zip.dll
0x00007ffa5e0e0000 - 0x00007ffa5e7c7000 	C:\Windows\System32\SHELL32.dll
0x00007ffa5da60000 - 0x00007ffa5db09000 	C:\Windows\System32\shcore.dll
0x00007ffa5d0f0000 - 0x00007ffa5d871000 	C:\Windows\System32\windows.storage.dll
0x00007ffa5c770000 - 0x00007ffa5c793000 	C:\Windows\System32\profapi.dll
0x00007ffa5c6e0000 - 0x00007ffa5c72a000 	C:\Windows\System32\powrprof.dll
0x00007ffa5c6d0000 - 0x00007ffa5c6e0000 	C:\Windows\System32\UMPDC.dll
0x00007ffa5e830000 - 0x00007ffa5e882000 	C:\Windows\System32\shlwapi.dll
0x00007ffa5ca70000 - 0x00007ffa5ca87000 	C:\Windows\System32\cryptsp.dll
0x00007ffa166b0000 - 0x00007ffa166c9000 	C:\jdk-14.0.1\bin\net.dll
0x00007ffa53a10000 - 0x00007ffa53b00000 	C:\Windows\SYSTEM32\WINHTTP.dll
0x00007ffa5b830000 - 0x00007ffa5b897000 	C:\Windows\system32\mswsock.dll
0x00007ffa16690000 - 0x00007ffa166a2000 	C:\jdk-14.0.1\bin\nio.dll
0x00007ffa42f40000 - 0x00007ffa42f50000 	C:\jdk-14.0.1\bin\verify.dll
0x00007ffa360f0000 - 0x00007ffa360fe000 	C:\jdk-14.0.1\bin\sunmscapi.dll
0x00007ffa5cba0000 - 0x00007ffa5cce9000 	C:\Windows\System32\CRYPT32.dll
0x00007ffa5c750000 - 0x00007ffa5c762000 	C:\Windows\System32\MSASN1.dll
0x00007ffa5bb90000 - 0x00007ffa5bbb6000 	C:\Windows\SYSTEM32\ncrypt.dll
0x00007ffa5ca40000 - 0x00007ffa5ca66000 	C:\Windows\System32\bcrypt.dll
0x00007ffa5bb50000 - 0x00007ffa5bb8b000 	C:\Windows\SYSTEM32\NTASN1.dll
0x00007ffa13210000 - 0x00007ffa13235000 	C:\jdk-14.0.1\bin\sunec.dll
0x00007ffa5b410000 - 0x00007ffa5b443000 	C:\Windows\system32\rsaenh.dll
0x00007ffa5c5f0000 - 0x00007ffa5c615000 	C:\Windows\SYSTEM32\USERENV.dll
0x00007ffa5ba50000 - 0x00007ffa5ba5c000 	C:\Windows\SYSTEM32\CRYPTBASE.dll
0x00007ffa5b5b0000 - 0x00007ffa5b5ea000 	C:\Windows\SYSTEM32\IPHLPAPI.DLL
0x00007ffa5db10000 - 0x00007ffa5db18000 	C:\Windows\System32\NSI.dll
0x00007ffa53710000 - 0x00007ffa53726000 	C:\Windows\SYSTEM32\dhcpcsvc6.DLL
0x00007ffa54b00000 - 0x00007ffa54b1c000 	C:\Windows\SYSTEM32\dhcpcsvc.DLL
0x00007ffa5b5f0000 - 0x00007ffa5b6bb000 	C:\Windows\SYSTEM32\DNSAPI.dll
0x00007ffa550a0000 - 0x00007ffa550aa000 	C:\Windows\System32\rasadhlp.dll
0x00007ffa56150000 - 0x00007ffa561c7000 	C:\Windows\System32\fwpuclnt.dll

dbghelp: loaded successfully - version: 4.0.5 - missing functions: none
symbol engine: initialized successfully - sym options: 0x614 - pdb path: .;C:\jdk-14.0.1\bin;C:\Windows\SYSTEM32;C:\Windows\WinSxS\amd64_microsoft.windows.common-controls_6595b64144ccf1df_6.0.18362.1198_none_9e820b57e45ad92f;C:\jdk-14.0.1\bin\server

VM Arguments:
jvm_args: -Dclassworlds.conf=C:\apache-maven-3.3.9\bin\..\bin\m2.conf -Dmaven.home=C:\apache-maven-3.3.9\bin\.. -Dmaven.multiModuleProjectDirectory=c:\dependencies\nova\components 
java_command: org.codehaus.plexus.classworlds.launcher.Launcher clean install
java_class_path (initial): C:\apache-maven-3.3.9\bin\..\boot\plexus-classworlds-2.5.2.jar
Launcher Type: SUN_STANDARD

[Global flags]
     intx CICompilerCount                          = 4                                         {product} {ergonomic}
     uint ConcGCThreads                            = 2                                         {product} {ergonomic}
     uint G1ConcRefinementThreads                  = 8                                         {product} {ergonomic}
   size_t G1HeapRegionSize                         = 1048576                                   {product} {ergonomic}
    uintx GCDrainStackTargetSize                   = 64                                        {product} {ergonomic}
   size_t InitialHeapSize                          = 268435456                                 {product} {ergonomic}
   size_t MarkStackSize                            = 4194304                                   {product} {ergonomic}
   size_t MaxHeapSize                              = 4265607168                                {product} {ergonomic}
   size_t MaxNewSize                               = 2558525440                                {product} {ergonomic}
   size_t MinHeapDeltaBytes                        = 1048576                                   {product} {ergonomic}
   size_t MinHeapSize                              = 8388608                                   {product} {ergonomic}
    uintx NonNMethodCodeHeapSize                   = 5839372                                {pd product} {ergonomic}
    uintx NonProfiledCodeHeapSize                  = 122909434                              {pd product} {ergonomic}
    uintx ProfiledCodeHeapSize                     = 122909434                              {pd product} {ergonomic}
    uintx ReservedCodeCacheSize                    = 251658240                              {pd product} {ergonomic}
     bool SegmentedCodeCache                       = true                                      {product} {ergonomic}
   size_t SoftMaxHeapSize                          = 4265607168                             {manageable} {ergonomic}
     bool UseCompressedClassPointers               = true                                 {lp64_product} {ergonomic}
     bool UseCompressedOops                        = true                                 {lp64_product} {ergonomic}
     bool UseG1GC                                  = true                                      {product} {ergonomic}
     bool UseLargePagesIndividualAllocation        = false                                  {pd product} {ergonomic}

Logging:
Log output configuration:
 #0: stdout all=warning uptime,level,tags
 #1: stderr all=off uptime,level,tags

Environment Variables:
JAVA_HOME=C:\jdk-14.0.1
PATH=C:/jdk-14.0.1/bin/server;C:/jdk-14.0.1/bin;C:\Program Files (x86)\Razer\ChromaBroadcast\bin;z:\Program Files\Razer\ChromaBroadcast\bin;C:\Windows\system32;C:\Windows;C:\Windows\System32\Wbem;C:\Windows\System32\WindowsPowerShell\v1.0\;C:\Windows\System32\OpenSSH\;C:\Program Files (x86)\NVIDIA Corporation\PhysX\Common;C:\Program Files\NVIDIA Corporation\NVIDIA NvDLISR;C:\Program Files\Microsoft SQL Server\Client SDK\ODBC\170\Tools\Binn\;C:\jdk-14.0.1\bin;z:\Program Files\Git\cmd;C:\Users\bbonn\AppData\Local\Microsoft\WindowsApps;C:\Users\bbonn\.dotnet\tools;Z:\Program Files\PuTTY\;C:\Program Files (x86)\Microsoft SQL Server\150\Tools\Binn\;C:\Program Files\Microsoft SQL Server\150\Tools\Binn\;C:\Program Files\Microsoft SQL Server\150\DTS\Binn\;C:\Program Files (x86)\Microsoft SQL Server\150\DTS\Binn\;Z:\Program Files\dotnet\;C:\Program Files\Microsoft SQL Server\130\Tools\Binn\;C:\evolve\tools;C:\apache-maven-3.3.9\bin;Z:\Program Files\nodejs\;C:\Program Files\Microsoft SQL Server\Client SDK\ODBC\130\Tools\Binn\;C:\Program Files (x86)\Microsoft SQL Server\130\Tools\Binn\;C:\Program Files\Microsoft SQL Server\130\DTS\Binn\;C:\Users\Andrew\AppData\Local\Microsoft\WindowsApps;;z:\Programs Files\Microsoft VS Code\bin;C:\Users\Andrew\AppData\Roaming\npm;C:\Windows\system32;
USERNAME=Andrew
OS=Windows_NT
PROCESSOR_IDENTIFIER=Intel64 Family 6 Model 158 Stepping 9, GenuineIntel



---------------  S Y S T E M  ---------------

OS: Windows 10 , 64 bit Build 18362 (10.0.18362.1110)
OS uptime: 1 days 16:55 hours

CPU:total 8 (initial active 8) (4 cores per cpu, 2 threads per core) family 6 model 158 stepping 9, cmov, cx8, fxsr, mmx, sse, sse2, sse3, ssse3, sse4.1, sse4.2, popcnt, avx, avx2, aes, clmul, erms, 3dnowpref, lzcnt, ht, tsc, tscinvbit, bmi1, bmi2, adx, fma

Memory: 4k page, system-wide physical 16271M (4351M free)
TotalPageFile size 31230M (AvailPageFile size 5252M)
current process WorkingSet (physical memory assigned to process): 424M, peak: 424M
current process commit charge ("private bytes"): 459M, peak: 459M

vm_info: OpenJDK 64-Bit Server VM (14.0.1+7) for windows-amd64 JRE (14.0.1+7), built on Mar  5 2020 10:30:04 by "mach5one" with MS VC++ 15.9 (VS2017)

END.
