#
# A fatal error has been detected by the Java Runtime Environment:
#
#  Internal Error (./open/src/hotspot/share/opto/postaloc.cpp:650), pid=25756, tid=20852
#  guarantee(def != NULL) failed: no disconnected nodes at this point
#
# JRE version: OpenJDK Runtime Environment (14.0.1+7) (build 14.0.1+7)
# Java VM: OpenJDK 64-Bit Server VM (14.0.1+7, mixed mode, sharing, tiered, compressed oops, g1 gc, windows-amd64)
# No core dump will be written. Minidumps are not enabled by default on client versions of Windows
#
# If you would like to submit a bug report, please visit:
#   https://bugreport.java.com/bugreport/crash.jsp
#

---------------  S U M M A R Y ------------

Command Line: -Dclassworlds.conf=C:\apache-maven-3.3.9\bin\..\bin\m2.conf -Dmaven.home=C:\apache-maven-3.3.9\bin\.. -Dmaven.multiModuleProjectDirectory=c:\dependencies\nova\components org.codehaus.plexus.classworlds.launcher.Launcher clean install

Host: Intel(R) Core(TM) i7-7700HQ CPU @ 2.80GHz, 8 cores, 15G,  Windows 10 , 64 bit Build 18362 (10.0.18362.1350)
Time: Sat May  8 00:55:23 2021 Coordinated Universal Time elapsed time: 4 seconds (0d 0h 0m 4s)

---------------  T H R E A D  ---------------

Current thread (0x000001f3d3f34800):  JavaThread "C2 CompilerThread1" daemon [_thread_in_native, id=20852, stack(0x0000002ce8e00000,0x0000002ce8f00000)]


Current CompileTask:
C2:   4997 5500   !   4       java.nio.file.FileTreeWalker::visit (204 bytes)

Stack: [0x0000002ce8e00000,0x0000002ce8f00000]
Native frames: (J=compiled Java code, j=interpreted, Vv=VM code, C=native code)
V  [jvm.dll+0x5f840a]
V  [jvm.dll+0x741e4a]
V  [jvm.dll+0x7435ff]
V  [jvm.dll+0x743bf7]
V  [jvm.dll+0x20d20c]
V  [jvm.dll+0x621a6e]
V  [jvm.dll+0x18cecc]
V  [jvm.dll+0x1e5efa]
V  [jvm.dll+0x1e50b8]
V  [jvm.dll+0x1779cc]
V  [jvm.dll+0x1f4105]
V  [jvm.dll+0x1f22eb]
V  [jvm.dll+0x706a9d]
V  [jvm.dll+0x6ff8ba]
V  [jvm.dll+0x5f72c6]
C  [ucrtbase.dll+0x210b2]
C  [KERNEL32.DLL+0x17c24]
C  [ntdll.dll+0x6d721]


---------------  P R O C E S S  ---------------

Threads class SMR info:
_java_thread_list=0x000001f3d3ed5e70, length=13, elements={
0x000001f3aa82d000, 0x000001f3d050a800, 0x000001f3d050c000, 0x000001f3d0dad800,
0x000001f3d0db1000, 0x000001f3d0db2800, 0x000001f3d0db6000, 0x000001f3d0db7000,
0x000001f3d0dbc000, 0x000001f3d0f01000, 0x000001f3d0f08000, 0x000001f3d3f34800,
0x000001f3d1621000
}

Java Threads: ( => current thread )
  0x000001f3aa82d000 JavaThread "main" [_thread_in_native, id=24892, stack(0x0000002ce7c00000,0x0000002ce7d00000)]
  0x000001f3d050a800 JavaThread "Reference Handler" daemon [_thread_blocked, id=7244, stack(0x0000002ce8300000,0x0000002ce8400000)]
  0x000001f3d050c000 JavaThread "Finalizer" daemon [_thread_blocked, id=5760, stack(0x0000002ce8400000,0x0000002ce8500000)]
  0x000001f3d0dad800 JavaThread "Signal Dispatcher" daemon [_thread_blocked, id=2944, stack(0x0000002ce8500000,0x0000002ce8600000)]
  0x000001f3d0db1000 JavaThread "Attach Listener" daemon [_thread_blocked, id=25988, stack(0x0000002ce8600000,0x0000002ce8700000)]
  0x000001f3d0db2800 JavaThread "Service Thread" daemon [_thread_blocked, id=11788, stack(0x0000002ce8700000,0x0000002ce8800000)]
  0x000001f3d0db6000 JavaThread "C2 CompilerThread0" daemon [_thread_in_native, id=19732, stack(0x0000002ce8800000,0x0000002ce8900000)]
  0x000001f3d0db7000 JavaThread "C1 CompilerThread0" daemon [_thread_blocked, id=920, stack(0x0000002ce8900000,0x0000002ce8a00000)]
  0x000001f3d0dbc000 JavaThread "Sweeper thread" daemon [_thread_blocked, id=8776, stack(0x0000002ce8a00000,0x0000002ce8b00000)]
  0x000001f3d0f01000 JavaThread "Notification Thread" daemon [_thread_blocked, id=23240, stack(0x0000002ce8b00000,0x0000002ce8c00000)]
  0x000001f3d0f08000 JavaThread "Common-Cleaner" daemon [_thread_blocked, id=16280, stack(0x0000002ce8d00000,0x0000002ce8e00000)]
=>0x000001f3d3f34800 JavaThread "C2 CompilerThread1" daemon [_thread_in_native, id=20852, stack(0x0000002ce8e00000,0x0000002ce8f00000)]
  0x000001f3d1621000 JavaThread "C2 CompilerThread2" daemon [_thread_in_native, id=1628, stack(0x0000002ce9500000,0x0000002ce9600000)]

Other Threads:
  0x000001f3d0508800 VMThread "VM Thread" [stack: 0x0000002ce8200000,0x0000002ce8300000] [id=1032]
  0x000001f3d0f01800 WatcherThread [stack: 0x0000002ce8c00000,0x0000002ce8d00000] [id=1776]
  0x000001f3aa893800 GCTaskThread "GC Thread#0" [stack: 0x0000002ce7d00000,0x0000002ce7e00000] [id=18324]
  0x000001f3d17eb800 GCTaskThread "GC Thread#1" [stack: 0x0000002ce9000000,0x0000002ce9100000] [id=25888]
  0x000001f3d1e0a800 GCTaskThread "GC Thread#2" [stack: 0x0000002ce9100000,0x0000002ce9200000] [id=10440]
  0x000001f3d1e2c800 GCTaskThread "GC Thread#3" [stack: 0x0000002ce9200000,0x0000002ce9300000] [id=25712]
  0x000001f3d14bd800 GCTaskThread "GC Thread#4" [stack: 0x0000002ce9300000,0x0000002ce9400000] [id=9308]
  0x000001f3d17a6000 GCTaskThread "GC Thread#5" [stack: 0x0000002ce9400000,0x0000002ce9500000] [id=16688]
  0x000001f3aa8b5000 ConcurrentGCThread "G1 Main Marker" [stack: 0x0000002ce7e00000,0x0000002ce7f00000] [id=18196]
  0x000001f3aa8b7000 ConcurrentGCThread "G1 Conc#0" [stack: 0x0000002ce7f00000,0x0000002ce8000000] [id=12944]
  0x000001f3d3172000 ConcurrentGCThread "G1 Conc#1" [stack: 0x0000002ce8f00000,0x0000002ce9000000] [id=22304]
  0x000001f3d03f9000 ConcurrentGCThread "G1 Refine#0" [stack: 0x0000002ce8000000,0x0000002ce8100000] [id=8632]
  0x000001f3d6630000 ConcurrentGCThread "G1 Refine#1" [stack: 0x0000002ce9600000,0x0000002ce9700000] [id=21172]
  0x000001f3d6ab4800 ConcurrentGCThread "G1 Refine#2" [stack: 0x0000002ce9700000,0x0000002ce9800000] [id=24496]
  0x000001f3d6aa3800 ConcurrentGCThread "G1 Refine#3" [stack: 0x0000002ce9800000,0x0000002ce9900000] [id=15992]
  0x000001f3d3974800 ConcurrentGCThread "G1 Refine#4" [stack: 0x0000002ce9900000,0x0000002ce9a00000] [id=4292]
  0x000001f3d03fa000 ConcurrentGCThread "G1 Young RemSet Sampling" [stack: 0x0000002ce8100000,0x0000002ce8200000] [id=22860]

Threads with active compile tasks:
C2 CompilerThread0     5012 5508       4       jdk.nio.zipfs.ZipFileSystem$Entry::readCEN (248 bytes)
C2 CompilerThread1     5012 5500   !   4       java.nio.file.FileTreeWalker::visit (204 bytes)
C2 CompilerThread2     5012 5509   !   4       jdk.nio.zipfs.ZipUtils::dosToJavaTime (159 bytes)

VM state:not at safepoint (normal execution)

VM Mutex/Monitor currently owned by a thread: None

Heap address: 0x0000000701c00000, size: 4068 MB, Compressed Oops mode: Zero based, Oop shift amount: 3
Narrow klass base: 0x0000000800000000, Narrow klass shift: 3
Compressed class space size: 1073741824 Address: 0x0000000800b30000

Heap:
 garbage-first heap   total 154624K, used 70579K [0x0000000701c00000, 0x0000000800000000)
  region size 1024K, 31 young (31744K), 12 survivors (12288K)
 Metaspace       used 30549K, capacity 31151K, committed 31280K, reserved 1077248K
  class space    used 3506K, capacity 3703K, committed 3712K, reserved 1048576K
Heap Regions: E=young(eden), S=young(survivor), O=old, HS=humongous(starts), HC=humongous(continues), CS=collection set, F=free, OA=open archive, CA=closed archive, TAMS=top-at-mark-start (previous, next)
|   0|0x0000000701c00000, 0x0000000701d00000, 0x0000000701d00000|100%| O|  |TAMS 0x0000000701d00000, 0x0000000701c00000| Untracked 
|   1|0x0000000701d00000, 0x0000000701e00000, 0x0000000701e00000|100%| O|  |TAMS 0x0000000701e00000, 0x0000000701d00000| Untracked 
|   2|0x0000000701e00000, 0x0000000701f00000, 0x0000000701f00000|100%| O|  |TAMS 0x0000000701f00000, 0x0000000701e00000| Untracked 
|   3|0x0000000701f00000, 0x0000000701f41c00, 0x0000000702000000| 25%| O|  |TAMS 0x0000000701f41c00, 0x0000000701f00000| Untracked 
|   4|0x0000000702000000, 0x0000000702100000, 0x0000000702100000|100%| O|  |TAMS 0x0000000702000000, 0x0000000702000000| Untracked 
|   5|0x0000000702100000, 0x0000000702200000, 0x0000000702200000|100%| O|  |TAMS 0x0000000702100000, 0x0000000702100000| Untracked 
|   6|0x0000000702200000, 0x0000000702300000, 0x0000000702300000|100%| O|  |TAMS 0x0000000702200000, 0x0000000702200000| Untracked 
|   7|0x0000000702300000, 0x0000000702400000, 0x0000000702400000|100%| O|  |TAMS 0x0000000702300000, 0x0000000702300000| Untracked 
|   8|0x0000000702400000, 0x0000000702500000, 0x0000000702500000|100%| O|  |TAMS 0x0000000702400000, 0x0000000702400000| Untracked 
|   9|0x0000000702500000, 0x0000000702600000, 0x0000000702600000|100%| O|  |TAMS 0x0000000702500000, 0x0000000702500000| Untracked 
|  10|0x0000000702600000, 0x0000000702700000, 0x0000000702700000|100%| O|  |TAMS 0x0000000702600000, 0x0000000702600000| Untracked 
|  11|0x0000000702700000, 0x0000000702800000, 0x0000000702800000|100%| O|  |TAMS 0x0000000702700000, 0x0000000702700000| Untracked 
|  12|0x0000000702800000, 0x0000000702900000, 0x0000000702900000|100%| O|  |TAMS 0x0000000702800000, 0x0000000702800000| Untracked 
|  13|0x0000000702900000, 0x0000000702900000, 0x0000000702a00000|  0%| F|  |TAMS 0x0000000702900000, 0x0000000702900000| Untracked 
|  14|0x0000000702a00000, 0x0000000702b00000, 0x0000000702b00000|100%| O|  |TAMS 0x0000000702a00000, 0x0000000702a00000| Untracked 
|  15|0x0000000702b00000, 0x0000000702c00000, 0x0000000702c00000|100%| O|  |TAMS 0x0000000702b00000, 0x0000000702b00000| Untracked 
|  16|0x0000000702c00000, 0x0000000702d00000, 0x0000000702d00000|100%| O|  |TAMS 0x0000000702c00000, 0x0000000702c00000| Untracked 
|  17|0x0000000702d00000, 0x0000000702e00000, 0x0000000702e00000|100%| O|  |TAMS 0x0000000702d00000, 0x0000000702d00000| Untracked 
|  18|0x0000000702e00000, 0x0000000702f00000, 0x0000000702f00000|100%| O|  |TAMS 0x0000000702e00000, 0x0000000702e00000| Untracked 
|  19|0x0000000702f00000, 0x0000000703000000, 0x0000000703000000|100%| O|  |TAMS 0x0000000702f00000, 0x0000000702f00000| Untracked 
|  20|0x0000000703000000, 0x0000000703100000, 0x0000000703100000|100%| O|  |TAMS 0x0000000703000000, 0x0000000703000000| Untracked 
|  21|0x0000000703100000, 0x0000000703200000, 0x0000000703200000|100%| O|  |TAMS 0x0000000703100000, 0x0000000703100000| Untracked 
|  22|0x0000000703200000, 0x0000000703300000, 0x0000000703300000|100%| O|  |TAMS 0x0000000703200000, 0x0000000703200000| Untracked 
|  23|0x0000000703300000, 0x0000000703400000, 0x0000000703400000|100%| O|  |TAMS 0x0000000703300000, 0x0000000703300000| Untracked 
|  24|0x0000000703400000, 0x0000000703500000, 0x0000000703500000|100%| O|  |TAMS 0x0000000703400000, 0x0000000703400000| Untracked 
|  25|0x0000000703500000, 0x0000000703600000, 0x0000000703600000|100%| O|  |TAMS 0x0000000703500000, 0x0000000703500000| Untracked 
|  26|0x0000000703600000, 0x0000000703700000, 0x0000000703700000|100%| O|  |TAMS 0x0000000703600000, 0x0000000703600000| Untracked 
|  27|0x0000000703700000, 0x0000000703800000, 0x0000000703800000|100%| O|  |TAMS 0x0000000703700000, 0x0000000703700000| Untracked 
|  28|0x0000000703800000, 0x0000000703900000, 0x0000000703900000|100%| O|  |TAMS 0x0000000703800000, 0x0000000703800000| Untracked 
|  29|0x0000000703900000, 0x0000000703a00000, 0x0000000703a00000|100%| O|  |TAMS 0x0000000703900000, 0x0000000703900000| Untracked 
|  30|0x0000000703a00000, 0x0000000703b00000, 0x0000000703b00000|100%| O|  |TAMS 0x0000000703a00000, 0x0000000703a00000| Untracked 
|  31|0x0000000703b00000, 0x0000000703c00000, 0x0000000703c00000|100%| O|  |TAMS 0x0000000703b00000, 0x0000000703b00000| Untracked 
|  32|0x0000000703c00000, 0x0000000703d00000, 0x0000000703d00000|100%| O|  |TAMS 0x0000000703c00000, 0x0000000703c00000| Untracked 
|  33|0x0000000703d00000, 0x0000000703e00000, 0x0000000703e00000|100%| O|  |TAMS 0x0000000703d00000, 0x0000000703d00000| Untracked 
|  34|0x0000000703e00000, 0x0000000703f00000, 0x0000000703f00000|100%| O|  |TAMS 0x0000000703e00000, 0x0000000703e00000| Untracked 
|  35|0x0000000703f00000, 0x0000000704000000, 0x0000000704000000|100%| O|  |TAMS 0x0000000703f00000, 0x0000000703f00000| Untracked 
|  36|0x0000000704000000, 0x0000000704100000, 0x0000000704100000|100%| O|  |TAMS 0x0000000704000000, 0x0000000704000000| Untracked 
|  37|0x0000000704100000, 0x0000000704200000, 0x0000000704200000|100%| O|  |TAMS 0x0000000704100000, 0x0000000704100000| Untracked 
|  38|0x0000000704200000, 0x0000000704300000, 0x0000000704300000|100%| O|  |TAMS 0x0000000704200000, 0x0000000704200000| Untracked 
|  39|0x0000000704300000, 0x00000007043ab200, 0x0000000704400000| 66%| O|  |TAMS 0x0000000704300000, 0x0000000704300000| Untracked 
|  40|0x0000000704400000, 0x0000000704400000, 0x0000000704500000|  0%| F|  |TAMS 0x0000000704400000, 0x0000000704400000| Untracked 
|  41|0x0000000704500000, 0x0000000704500000, 0x0000000704600000|  0%| F|  |TAMS 0x0000000704500000, 0x0000000704500000| Untracked 
|  42|0x0000000704600000, 0x0000000704600000, 0x0000000704700000|  0%| F|  |TAMS 0x0000000704600000, 0x0000000704600000| Untracked 
|  43|0x0000000704700000, 0x0000000704700000, 0x0000000704800000|  0%| F|  |TAMS 0x0000000704700000, 0x0000000704700000| Untracked 
|  44|0x0000000704800000, 0x0000000704800000, 0x0000000704900000|  0%| F|  |TAMS 0x0000000704800000, 0x0000000704800000| Untracked 
|  45|0x0000000704900000, 0x0000000704900000, 0x0000000704a00000|  0%| F|  |TAMS 0x0000000704900000, 0x0000000704900000| Untracked 
|  46|0x0000000704a00000, 0x0000000704a00000, 0x0000000704b00000|  0%| F|  |TAMS 0x0000000704a00000, 0x0000000704a00000| Untracked 
|  47|0x0000000704b00000, 0x0000000704b00000, 0x0000000704c00000|  0%| F|  |TAMS 0x0000000704b00000, 0x0000000704b00000| Untracked 
|  48|0x0000000704c00000, 0x0000000704d00000, 0x0000000704d00000|100%| S|CS|TAMS 0x0000000704c00000, 0x0000000704c00000| Complete 
|  49|0x0000000704d00000, 0x0000000704e00000, 0x0000000704e00000|100%| S|CS|TAMS 0x0000000704d00000, 0x0000000704d00000| Complete 
|  50|0x0000000704e00000, 0x0000000704f00000, 0x0000000704f00000|100%| S|CS|TAMS 0x0000000704e00000, 0x0000000704e00000| Complete 
|  51|0x0000000704f00000, 0x0000000704f00000, 0x0000000705000000|  0%| F|  |TAMS 0x0000000704f00000, 0x0000000704f00000| Untracked 
|  52|0x0000000705000000, 0x0000000705000000, 0x0000000705100000|  0%| F|  |TAMS 0x0000000705000000, 0x0000000705000000| Untracked 
|  53|0x0000000705100000, 0x0000000705100000, 0x0000000705200000|  0%| F|  |TAMS 0x0000000705100000, 0x0000000705100000| Untracked 
|  54|0x0000000705200000, 0x0000000705200000, 0x0000000705300000|  0%| F|  |TAMS 0x0000000705200000, 0x0000000705200000| Untracked 
|  55|0x0000000705300000, 0x0000000705300000, 0x0000000705400000|  0%| F|  |TAMS 0x0000000705300000, 0x0000000705300000| Untracked 
|  56|0x0000000705400000, 0x0000000705400000, 0x0000000705500000|  0%| F|  |TAMS 0x0000000705400000, 0x0000000705400000| Untracked 
|  57|0x0000000705500000, 0x0000000705500000, 0x0000000705600000|  0%| F|  |TAMS 0x0000000705500000, 0x0000000705500000| Untracked 
|  58|0x0000000705600000, 0x0000000705600000, 0x0000000705700000|  0%| F|  |TAMS 0x0000000705600000, 0x0000000705600000| Untracked 
|  59|0x0000000705700000, 0x0000000705700000, 0x0000000705800000|  0%| F|  |TAMS 0x0000000705700000, 0x0000000705700000| Untracked 
|  60|0x0000000705800000, 0x0000000705800000, 0x0000000705900000|  0%| F|  |TAMS 0x0000000705800000, 0x0000000705800000| Untracked 
|  61|0x0000000705900000, 0x0000000705900000, 0x0000000705a00000|  0%| F|  |TAMS 0x0000000705900000, 0x0000000705900000| Untracked 
|  62|0x0000000705a00000, 0x0000000705a00000, 0x0000000705b00000|  0%| F|  |TAMS 0x0000000705a00000, 0x0000000705a00000| Untracked 
|  63|0x0000000705b00000, 0x0000000705c00000, 0x0000000705c00000|100%| S|CS|TAMS 0x0000000705b00000, 0x0000000705b00000| Complete 
|  64|0x0000000705c00000, 0x0000000705d00000, 0x0000000705d00000|100%| S|CS|TAMS 0x0000000705c00000, 0x0000000705c00000| Complete 
|  65|0x0000000705d00000, 0x0000000705e00000, 0x0000000705e00000|100%| S|CS|TAMS 0x0000000705d00000, 0x0000000705d00000| Complete 
|  66|0x0000000705e00000, 0x0000000705f00000, 0x0000000705f00000|100%| S|CS|TAMS 0x0000000705e00000, 0x0000000705e00000| Complete 
|  67|0x0000000705f00000, 0x0000000706000000, 0x0000000706000000|100%| S|CS|TAMS 0x0000000705f00000, 0x0000000705f00000| Complete 
|  68|0x0000000706000000, 0x0000000706100000, 0x0000000706100000|100%| S|CS|TAMS 0x0000000706000000, 0x0000000706000000| Complete 
|  69|0x0000000706100000, 0x0000000706200000, 0x0000000706200000|100%| S|CS|TAMS 0x0000000706100000, 0x0000000706100000| Complete 
|  70|0x0000000706200000, 0x0000000706300000, 0x0000000706300000|100%| S|CS|TAMS 0x0000000706200000, 0x0000000706200000| Complete 
|  71|0x0000000706300000, 0x0000000706400000, 0x0000000706400000|100%| S|CS|TAMS 0x0000000706300000, 0x0000000706300000| Complete 
|  72|0x0000000706400000, 0x0000000706400000, 0x0000000706500000|  0%| F|  |TAMS 0x0000000706400000, 0x0000000706400000| Untracked 
|  73|0x0000000706500000, 0x0000000706500000, 0x0000000706600000|  0%| F|  |TAMS 0x0000000706500000, 0x0000000706500000| Untracked 
|  74|0x0000000706600000, 0x0000000706600000, 0x0000000706700000|  0%| F|  |TAMS 0x0000000706600000, 0x0000000706600000| Untracked 
|  75|0x0000000706700000, 0x0000000706700000, 0x0000000706800000|  0%| F|  |TAMS 0x0000000706700000, 0x0000000706700000| Untracked 
|  76|0x0000000706800000, 0x0000000706800000, 0x0000000706900000|  0%| F|  |TAMS 0x0000000706800000, 0x0000000706800000| Untracked 
|  77|0x0000000706900000, 0x0000000706900000, 0x0000000706a00000|  0%| F|  |TAMS 0x0000000706900000, 0x0000000706900000| Untracked 
|  78|0x0000000706a00000, 0x0000000706a00000, 0x0000000706b00000|  0%| F|  |TAMS 0x0000000706a00000, 0x0000000706a00000| Untracked 
|  79|0x0000000706b00000, 0x0000000706b00000, 0x0000000706c00000|  0%| F|  |TAMS 0x0000000706b00000, 0x0000000706b00000| Untracked 
|  80|0x0000000706c00000, 0x0000000706c00000, 0x0000000706d00000|  0%| F|  |TAMS 0x0000000706c00000, 0x0000000706c00000| Untracked 
|  81|0x0000000706d00000, 0x0000000706d00000, 0x0000000706e00000|  0%| F|  |TAMS 0x0000000706d00000, 0x0000000706d00000| Untracked 
|  82|0x0000000706e00000, 0x0000000706e00000, 0x0000000706f00000|  0%| F|  |TAMS 0x0000000706e00000, 0x0000000706e00000| Untracked 
|  83|0x0000000706f00000, 0x0000000706f00000, 0x0000000707000000|  0%| F|  |TAMS 0x0000000706f00000, 0x0000000706f00000| Untracked 
|  84|0x0000000707000000, 0x0000000707000000, 0x0000000707100000|  0%| F|  |TAMS 0x0000000707000000, 0x0000000707000000| Untracked 
|  85|0x0000000707100000, 0x0000000707100000, 0x0000000707200000|  0%| F|  |TAMS 0x0000000707100000, 0x0000000707100000| Untracked 
|  86|0x0000000707200000, 0x0000000707200000, 0x0000000707300000|  0%| F|  |TAMS 0x0000000707200000, 0x0000000707200000| Untracked 
|  87|0x0000000707300000, 0x0000000707300000, 0x0000000707400000|  0%| F|  |TAMS 0x0000000707300000, 0x0000000707300000| Untracked 
|  88|0x0000000707400000, 0x0000000707400000, 0x0000000707500000|  0%| F|  |TAMS 0x0000000707400000, 0x0000000707400000| Untracked 
|  89|0x0000000707500000, 0x0000000707500000, 0x0000000707600000|  0%| F|  |TAMS 0x0000000707500000, 0x0000000707500000| Untracked 
|  90|0x0000000707600000, 0x0000000707600000, 0x0000000707700000|  0%| F|  |TAMS 0x0000000707600000, 0x0000000707600000| Untracked 
|  91|0x0000000707700000, 0x0000000707700000, 0x0000000707800000|  0%| F|  |TAMS 0x0000000707700000, 0x0000000707700000| Untracked 
|  92|0x0000000707800000, 0x0000000707800000, 0x0000000707900000|  0%| F|  |TAMS 0x0000000707800000, 0x0000000707800000| Untracked 
|  93|0x0000000707900000, 0x0000000707900000, 0x0000000707a00000|  0%| F|  |TAMS 0x0000000707900000, 0x0000000707900000| Untracked 
|  94|0x0000000707a00000, 0x0000000707a00000, 0x0000000707b00000|  0%| F|  |TAMS 0x0000000707a00000, 0x0000000707a00000| Untracked 
|  95|0x0000000707b00000, 0x0000000707b00000, 0x0000000707c00000|  0%| F|  |TAMS 0x0000000707b00000, 0x0000000707b00000| Untracked 
|  96|0x0000000707c00000, 0x0000000707c00000, 0x0000000707d00000|  0%| F|  |TAMS 0x0000000707c00000, 0x0000000707c00000| Untracked 
|  97|0x0000000707d00000, 0x0000000707d00000, 0x0000000707e00000|  0%| F|  |TAMS 0x0000000707d00000, 0x0000000707d00000| Untracked 
|  98|0x0000000707e00000, 0x0000000707e00000, 0x0000000707f00000|  0%| F|  |TAMS 0x0000000707e00000, 0x0000000707e00000| Untracked 
|  99|0x0000000707f00000, 0x0000000707f00000, 0x0000000708000000|  0%| F|  |TAMS 0x0000000707f00000, 0x0000000707f00000| Untracked 
| 100|0x0000000708000000, 0x0000000708000000, 0x0000000708100000|  0%| F|  |TAMS 0x0000000708000000, 0x0000000708000000| Untracked 
| 101|0x0000000708100000, 0x0000000708100000, 0x0000000708200000|  0%| F|  |TAMS 0x0000000708100000, 0x0000000708100000| Untracked 
| 102|0x0000000708200000, 0x0000000708200000, 0x0000000708300000|  0%| F|  |TAMS 0x0000000708200000, 0x0000000708200000| Untracked 
| 103|0x0000000708300000, 0x0000000708300000, 0x0000000708400000|  0%| F|  |TAMS 0x0000000708300000, 0x0000000708300000| Untracked 
| 104|0x0000000708400000, 0x0000000708400000, 0x0000000708500000|  0%| F|  |TAMS 0x0000000708400000, 0x0000000708400000| Untracked 
| 105|0x0000000708500000, 0x0000000708500000, 0x0000000708600000|  0%| F|  |TAMS 0x0000000708500000, 0x0000000708500000| Untracked 
| 106|0x0000000708600000, 0x0000000708600000, 0x0000000708700000|  0%| F|  |TAMS 0x0000000708600000, 0x0000000708600000| Untracked 
| 107|0x0000000708700000, 0x0000000708700000, 0x0000000708800000|  0%| F|  |TAMS 0x0000000708700000, 0x0000000708700000| Untracked 
| 108|0x0000000708800000, 0x0000000708800000, 0x0000000708900000|  0%| F|  |TAMS 0x0000000708800000, 0x0000000708800000| Untracked 
| 109|0x0000000708900000, 0x0000000708900000, 0x0000000708a00000|  0%| F|  |TAMS 0x0000000708900000, 0x0000000708900000| Untracked 
| 110|0x0000000708a00000, 0x0000000708a00000, 0x0000000708b00000|  0%| F|  |TAMS 0x0000000708a00000, 0x0000000708a00000| Untracked 
| 111|0x0000000708b00000, 0x0000000708b00000, 0x0000000708c00000|  0%| F|  |TAMS 0x0000000708b00000, 0x0000000708b00000| Untracked 
| 112|0x0000000708c00000, 0x0000000708c00000, 0x0000000708d00000|  0%| F|  |TAMS 0x0000000708c00000, 0x0000000708c00000| Untracked 
| 113|0x0000000708d00000, 0x0000000708d00000, 0x0000000708e00000|  0%| F|  |TAMS 0x0000000708d00000, 0x0000000708d00000| Untracked 
| 114|0x0000000708e00000, 0x0000000708e00000, 0x0000000708f00000|  0%| F|  |TAMS 0x0000000708e00000, 0x0000000708e00000| Untracked 
| 115|0x0000000708f00000, 0x0000000708f00000, 0x0000000709000000|  0%| F|  |TAMS 0x0000000708f00000, 0x0000000708f00000| Untracked 
| 116|0x0000000709000000, 0x0000000709000000, 0x0000000709100000|  0%| F|  |TAMS 0x0000000709000000, 0x0000000709000000| Untracked 
| 117|0x0000000709100000, 0x0000000709100000, 0x0000000709200000|  0%| F|  |TAMS 0x0000000709100000, 0x0000000709100000| Untracked 
| 118|0x0000000709200000, 0x0000000709200000, 0x0000000709300000|  0%| F|  |TAMS 0x0000000709200000, 0x0000000709200000| Untracked 
| 119|0x0000000709300000, 0x0000000709300000, 0x0000000709400000|  0%| F|  |TAMS 0x0000000709300000, 0x0000000709300000| Untracked 
| 120|0x0000000709400000, 0x0000000709400000, 0x0000000709500000|  0%| F|  |TAMS 0x0000000709400000, 0x0000000709400000| Untracked 
| 121|0x0000000709500000, 0x0000000709500000, 0x0000000709600000|  0%| F|  |TAMS 0x0000000709500000, 0x0000000709500000| Untracked 
| 122|0x0000000709600000, 0x0000000709600000, 0x0000000709700000|  0%| F|  |TAMS 0x0000000709600000, 0x0000000709600000| Untracked 
| 123|0x0000000709700000, 0x0000000709700000, 0x0000000709800000|  0%| F|  |TAMS 0x0000000709700000, 0x0000000709700000| Untracked 
| 124|0x0000000709800000, 0x0000000709800000, 0x0000000709900000|  0%| F|  |TAMS 0x0000000709800000, 0x0000000709800000| Untracked 
| 125|0x0000000709900000, 0x0000000709900000, 0x0000000709a00000|  0%| F|  |TAMS 0x0000000709900000, 0x0000000709900000| Untracked 
| 126|0x0000000709a00000, 0x0000000709a00000, 0x0000000709b00000|  0%| F|  |TAMS 0x0000000709a00000, 0x0000000709a00000| Untracked 
| 127|0x0000000709b00000, 0x0000000709b00000, 0x0000000709c00000|  0%| F|  |TAMS 0x0000000709b00000, 0x0000000709b00000| Untracked 
| 128|0x0000000709c00000, 0x0000000709c00000, 0x0000000709d00000|  0%| F|  |TAMS 0x0000000709c00000, 0x0000000709c00000| Untracked 
| 129|0x0000000709d00000, 0x0000000709d00000, 0x0000000709e00000|  0%| F|  |TAMS 0x0000000709d00000, 0x0000000709d00000| Untracked 
| 130|0x0000000709e00000, 0x0000000709e812c0, 0x0000000709f00000| 50%| E|  |TAMS 0x0000000709e00000, 0x0000000709e00000| Complete 
| 131|0x0000000709f00000, 0x000000070a000000, 0x000000070a000000|100%| E|CS|TAMS 0x0000000709f00000, 0x0000000709f00000| Complete 
| 132|0x000000070a000000, 0x000000070a100000, 0x000000070a100000|100%| E|CS|TAMS 0x000000070a000000, 0x000000070a000000| Complete 
| 133|0x000000070a100000, 0x000000070a200000, 0x000000070a200000|100%| E|CS|TAMS 0x000000070a100000, 0x000000070a100000| Complete 
| 134|0x000000070a200000, 0x000000070a300000, 0x000000070a300000|100%| E|CS|TAMS 0x000000070a200000, 0x000000070a200000| Complete 
| 135|0x000000070a300000, 0x000000070a400000, 0x000000070a400000|100%| E|CS|TAMS 0x000000070a300000, 0x000000070a300000| Complete 
| 136|0x000000070a400000, 0x000000070a500000, 0x000000070a500000|100%| E|CS|TAMS 0x000000070a400000, 0x000000070a400000| Complete 
| 137|0x000000070a500000, 0x000000070a600000, 0x000000070a600000|100%| E|CS|TAMS 0x000000070a500000, 0x000000070a500000| Complete 
| 138|0x000000070a600000, 0x000000070a700000, 0x000000070a700000|100%| E|CS|TAMS 0x000000070a600000, 0x000000070a600000| Complete 
| 139|0x000000070a700000, 0x000000070a800000, 0x000000070a800000|100%| E|CS|TAMS 0x000000070a700000, 0x000000070a700000| Complete 
| 140|0x000000070a800000, 0x000000070a900000, 0x000000070a900000|100%| E|CS|TAMS 0x000000070a800000, 0x000000070a800000| Complete 
| 150|0x000000070b200000, 0x000000070b300000, 0x000000070b300000|100%| E|CS|TAMS 0x000000070b200000, 0x000000070b200000| Complete 
| 151|0x000000070b300000, 0x000000070b400000, 0x000000070b400000|100%| E|CS|TAMS 0x000000070b300000, 0x000000070b300000| Complete 
| 152|0x000000070b400000, 0x000000070b500000, 0x000000070b500000|100%| E|CS|TAMS 0x000000070b400000, 0x000000070b400000| Complete 
| 153|0x000000070b500000, 0x000000070b600000, 0x000000070b600000|100%| E|CS|TAMS 0x000000070b500000, 0x000000070b500000| Complete 
| 154|0x000000070b600000, 0x000000070b700000, 0x000000070b700000|100%| E|CS|TAMS 0x000000070b600000, 0x000000070b600000| Complete 
| 155|0x000000070b700000, 0x000000070b800000, 0x000000070b800000|100%| E|CS|TAMS 0x000000070b700000, 0x000000070b700000| Complete 
| 156|0x000000070b800000, 0x000000070b900000, 0x000000070b900000|100%| E|CS|TAMS 0x000000070b800000, 0x000000070b800000| Complete 
| 157|0x000000070b900000, 0x000000070ba00000, 0x000000070ba00000|100%| E|CS|TAMS 0x000000070b900000, 0x000000070b900000| Complete 
| 255|0x0000000711b00000, 0x0000000711c00000, 0x0000000711c00000|100%| E|CS|TAMS 0x0000000711b00000, 0x0000000711b00000| Complete 
|4067|0x00000007fff00000, 0x0000000800000000, 0x0000000800000000|100%| O|  |TAMS 0x00000007fff00000, 0x00000007fff00000| Untracked 

Card table byte_map: [0x000001f3c4a70000,0x000001f3c5270000] _byte_map_base: 0x000001f3c1262000

Marking Bits (Prev, Next): (CMBitMap*) 0x000001f3aa894768, (CMBitMap*) 0x000001f3aa894728
 Prev Bits: [0x000001f3c9a00000, 0x000001f3cd990000)
 Next Bits: [0x000001f3c5a70000, 0x000001f3c9a00000)

Polling page: 0x000001f3aa6f0000

Metaspace:

Usage:
  Non-class:     26.80 MB capacity,    26.41 MB ( 99%) used,   351.80 KB (  1%) free+waste,    52.56 KB ( <1%) overhead. 
      Class:      3.62 MB capacity,     3.42 MB ( 95%) used,   173.35 KB (  5%) free+waste,    23.38 KB ( <1%) overhead. 
       Both:     30.42 MB capacity,    29.83 MB ( 98%) used,   525.15 KB (  2%) free+waste,    75.94 KB ( <1%) overhead. 

Virtual space:
  Non-class space:       28.00 MB reserved,      26.92 MB ( 96%) committed 
      Class space:        1.00 GB reserved,       3.63 MB ( <1%) committed 
             Both:        1.03 GB reserved,      30.55 MB (  3%) committed 

Chunk freelists:
   Non-Class:  56.00 KB
       Class:  9.00 KB
        Both:  65.00 KB

MaxMetaspaceSize: 17179869184.00 GB
CompressedClassSpaceSize: 1.00 GB

CodeHeap 'non-profiled nmethods': size=120000Kb used=3469Kb max_used=3469Kb free=116530Kb
 bounds [0x000001f3bc2c0000, 0x000001f3bc630000, 0x000001f3c37f0000]
CodeHeap 'profiled nmethods': size=120000Kb used=11409Kb max_used=11409Kb free=108590Kb
 bounds [0x000001f3b4d90000, 0x000001f3b58c0000, 0x000001f3bc2c0000]
CodeHeap 'non-nmethods': size=5760Kb used=1246Kb max_used=1309Kb free=4513Kb
 bounds [0x000001f3b47f0000, 0x000001f3b4a60000, 0x000001f3b4d90000]
 total_blobs=8016 nmethods=4803 adapters=430
 compilation: enabled
              stopped_count=0, restarted_count=0
 full_count=0

Compilation events (20 events):
Event: 4.989 Thread 0x000001f3d0db6000 nmethod 5541 0x000001f3bc61bc90 code [0x000001f3bc61be20, 0x000001f3bc61c058]
Event: 4.989 Thread 0x000001f3d0db6000 5540       4       jdk.nio.zipfs.ZipCoder$UTF8::toString (49 bytes)
Event: 4.989 Thread 0x000001f3d0db7000 5550       1       sun.nio.fs.WindowsNativeDispatcher$Account::domain (5 bytes)
Event: 4.989 Thread 0x000001f3d0db7000 nmethod 5550 0x000001f3bc61c190 code [0x000001f3bc61c320, 0x000001f3bc61c3f8]
Event: 4.989 Thread 0x000001f3d0db7000 5551       1       sun.nio.fs.WindowsNativeDispatcher$Account::name (5 bytes)
Event: 4.989 Thread 0x000001f3d0db7000 nmethod 5551 0x000001f3bc61c490 code [0x000001f3bc61c620, 0x000001f3bc61c6f8]
Event: 4.989 Thread 0x000001f3d0db7000 5553   !   3       sun.nio.fs.WindowsAclFileAttributeView::getFileSecurity (92 bytes)
Event: 4.990 Thread 0x000001f3d0db7000 nmethod 5553 0x000001f3b58b3810 code [0x000001f3b58b3ac0, 0x000001f3b58b45d8]
Event: 4.990 Thread 0x000001f3d0db7000 5552       1       sun.nio.fs.WindowsNativeDispatcher$Account::use (5 bytes)
Event: 4.990 Thread 0x000001f3d0db7000 nmethod 5552 0x000001f3bc61c790 code [0x000001f3bc61c920, 0x000001f3bc61c9f8]
Event: 4.990 Thread 0x000001f3d0db7000 5554       1       sun.nio.fs.WindowsNativeDispatcher$VolumeInformation::volumeName (5 bytes)
Event: 4.990 Thread 0x000001f3d0db7000 nmethod 5554 0x000001f3bc61ca90 code [0x000001f3bc61cc20, 0x000001f3bc61ccf8]
Event: 4.990 Thread 0x000001f3d0db7000 5555       3       jdk.nio.zipfs.ZipCoder$UTF8::getBytes (40 bytes)
Event: 4.991 Thread 0x000001f3d0db7000 nmethod 5555 0x000001f3b58b4b90 code [0x000001f3b58b4de0, 0x000001f3b58b5758]
Event: 4.991 Thread 0x000001f3d0db7000 5556       3       jdk.nio.zipfs.ZipFileSystem$EntryInputStream::close (20 bytes)
Event: 4.991 Thread 0x000001f3d0db7000 nmethod 5556 0x000001f3b4f12210 code [0x000001f3b4f123c0, 0x000001f3b4f125e8]
Event: 4.993 Thread 0x000001f3d0db6000 nmethod 5540 0x000001f3bc61cd90 code [0x000001f3bc61cf60, 0x000001f3bc61d328]
Event: 4.993 Thread 0x000001f3d0db6000 5508       4       jdk.nio.zipfs.ZipFileSystem$Entry::readCEN (248 bytes)
Event: 4.995 Thread 0x000001f3d1621000 nmethod 5506 0x000001f3bc61d510 code [0x000001f3bc61d9c0, 0x000001f3bc61fd68]
Event: 4.995 Thread 0x000001f3d1621000 5509   !   4       jdk.nio.zipfs.ZipUtils::dosToJavaTime (159 bytes)

GC Heap History (14 events):
Event: 0.373 GC heap before
{Heap before GC invocations=0 (full 0):
 garbage-first heap   total 262144K, used 23552K [0x0000000701c00000, 0x0000000800000000)
  region size 1024K, 23 young (23552K), 0 survivors (0K)
 Metaspace       used 4742K, capacity 7515K, committed 7552K, reserved 1056768K
  class space    used 602K, capacity 892K, committed 896K, reserved 1048576K
}
Event: 0.376 GC heap after
{Heap after GC invocations=1 (full 0):
 garbage-first heap   total 262144K, used 3531K [0x0000000701c00000, 0x0000000800000000)
  region size 1024K, 3 young (3072K), 3 survivors (3072K)
 Metaspace       used 4742K, capacity 7515K, committed 7552K, reserved 1056768K
  class space    used 602K, capacity 892K, committed 896K, reserved 1048576K
}
Event: 0.821 GC heap before
{Heap before GC invocations=1 (full 0):
 garbage-first heap   total 262144K, used 35275K [0x0000000701c00000, 0x0000000800000000)
  region size 1024K, 34 young (34816K), 3 survivors (3072K)
 Metaspace       used 10509K, capacity 12602K, committed 12928K, reserved 1060864K
  class space    used 1319K, capacity 1593K, committed 1664K, reserved 1048576K
}
Event: 0.825 GC heap after
{Heap after GC invocations=2 (full 0):
 garbage-first heap   total 262144K, used 5668K [0x0000000701c00000, 0x0000000800000000)
  region size 1024K, 3 young (3072K), 3 survivors (3072K)
 Metaspace       used 10509K, capacity 12602K, committed 12928K, reserved 1060864K
  class space    used 1319K, capacity 1593K, committed 1664K, reserved 1048576K
}
Event: 2.211 GC heap before
{Heap before GC invocations=2 (full 0):
 garbage-first heap   total 262144K, used 101924K [0x0000000701c00000, 0x0000000800000000)
  region size 1024K, 98 young (100352K), 3 survivors (3072K)
 Metaspace       used 20694K, capacity 21119K, committed 21296K, reserved 1069056K
  class space    used 2435K, capacity 2568K, committed 2688K, reserved 1048576K
}
Event: 2.218 GC heap after
{Heap after GC invocations=3 (full 0):
 garbage-first heap   total 262144K, used 11515K [0x0000000701c00000, 0x0000000800000000)
  region size 1024K, 8 young (8192K), 8 survivors (8192K)
 Metaspace       used 20694K, capacity 21119K, committed 21296K, reserved 1069056K
  class space    used 2435K, capacity 2568K, committed 2688K, reserved 1048576K
}
Event: 2.452 GC heap before
{Heap before GC invocations=4 (full 0):
 garbage-first heap   total 45056K, used 35067K [0x0000000701c00000, 0x0000000800000000)
  region size 1024K, 31 young (31744K), 8 survivors (8192K)
 Metaspace       used 21055K, capacity 21483K, committed 21808K, reserved 1069056K
  class space    used 2453K, capacity 2604K, committed 2688K, reserved 1048576K
}
Event: 2.461 GC heap after
{Heap after GC invocations=5 (full 0):
 garbage-first heap   total 46080K, used 12891K [0x0000000701c00000, 0x0000000800000000)
  region size 1024K, 2 young (2048K), 2 survivors (2048K)
 Metaspace       used 21055K, capacity 21483K, committed 21808K, reserved 1069056K
  class space    used 2453K, capacity 2604K, committed 2688K, reserved 1048576K
}
Event: 2.978 GC heap before
{Heap before GC invocations=5 (full 0):
 garbage-first heap   total 46080K, used 33371K [0x0000000701c00000, 0x0000000800000000)
  region size 1024K, 22 young (22528K), 2 survivors (2048K)
 Metaspace       used 21893K, capacity 22396K, committed 22704K, reserved 1069056K
  class space    used 2545K, capacity 2716K, committed 2816K, reserved 1048576K
}
Event: 2.982 GC heap after
{Heap after GC invocations=6 (full 0):
 garbage-first heap   total 154624K, used 13802K [0x0000000701c00000, 0x0000000800000000)
  region size 1024K, 3 young (3072K), 3 survivors (3072K)
 Metaspace       used 21893K, capacity 22396K, committed 22704K, reserved 1069056K
  class space    used 2545K, capacity 2716K, committed 2816K, reserved 1048576K
}
Event: 4.056 GC heap before
{Heap before GC invocations=6 (full 0):
 garbage-first heap   total 154624K, used 102890K [0x0000000701c00000, 0x0000000800000000)
  region size 1024K, 90 young (92160K), 3 survivors (3072K)
 Metaspace       used 29613K, capacity 30127K, committed 30256K, reserved 1075200K
  class space    used 3429K, capacity 3618K, committed 3712K, reserved 1048576K
}
Event: 4.065 GC heap after
{Heap after GC invocations=7 (full 0):
 garbage-first heap   total 154624K, used 25118K [0x0000000701c00000, 0x0000000800000000)
  region size 1024K, 12 young (12288K), 12 survivors (12288K)
 Metaspace       used 29613K, capacity 30127K, committed 30256K, reserved 1075200K
  class space    used 3429K, capacity 3618K, committed 3712K, reserved 1048576K
}
Event: 4.829 GC heap before
{Heap before GC invocations=7 (full 0):
 garbage-first heap   total 154624K, used 106014K [0x0000000701c00000, 0x0000000800000000)
  region size 1024K, 90 young (92160K), 12 survivors (12288K)
 Metaspace       used 30515K, capacity 31087K, committed 31280K, reserved 1077248K
  class space    used 3506K, capacity 3703K, committed 3712K, reserved 1048576K
}
Event: 4.852 GC heap after
{Heap after GC invocations=8 (full 0):
 garbage-first heap   total 154624K, used 52147K [0x0000000701c00000, 0x0000000800000000)
  region size 1024K, 12 young (12288K), 12 survivors (12288K)
 Metaspace       used 30515K, capacity 31087K, committed 31280K, reserved 1077248K
  class space    used 3506K, capacity 3703K, committed 3712K, reserved 1048576K
}

Deoptimization events (20 events):
Event: 4.977 Thread 0x000001f3aa82d000 DEOPT PACKING pc=0x000001f3b4f9ede2 sp=0x0000002ce7cfc430
Event: 4.977 Thread 0x000001f3aa82d000 DEOPT UNPACKING pc=0x000001f3b483964e sp=0x0000002ce7cfb8c0 mode 0
Event: 4.979 Thread 0x000001f3aa82d000 DEOPT PACKING pc=0x000001f3b4f9ede2 sp=0x0000002ce7cfc430
Event: 4.979 Thread 0x000001f3aa82d000 DEOPT UNPACKING pc=0x000001f3b483964e sp=0x0000002ce7cfb8c0 mode 0
Event: 4.979 Thread 0x000001f3aa82d000 DEOPT PACKING pc=0x000001f3b4f9ede2 sp=0x0000002ce7cfc430
Event: 4.979 Thread 0x000001f3aa82d000 DEOPT UNPACKING pc=0x000001f3b483964e sp=0x0000002ce7cfb8c0 mode 0
Event: 4.981 Thread 0x000001f3aa82d000 DEOPT PACKING pc=0x000001f3b4f9ede2 sp=0x0000002ce7cfc360
Event: 4.981 Thread 0x000001f3aa82d000 DEOPT UNPACKING pc=0x000001f3b483964e sp=0x0000002ce7cfb7f0 mode 0
Event: 4.981 Thread 0x000001f3aa82d000 DEOPT PACKING pc=0x000001f3b4f9ede2 sp=0x0000002ce7cfc360
Event: 4.982 Thread 0x000001f3aa82d000 DEOPT UNPACKING pc=0x000001f3b483964e sp=0x0000002ce7cfb7f0 mode 0
Event: 4.986 Thread 0x000001f3aa82d000 DEOPT PACKING pc=0x000001f3b4f9ede2 sp=0x0000002ce7cfc360
Event: 4.986 Thread 0x000001f3aa82d000 DEOPT UNPACKING pc=0x000001f3b483964e sp=0x0000002ce7cfb7f0 mode 0
Event: 4.993 Thread 0x000001f3aa82d000 Uncommon trap: trap_request=0xffffffbe fr.pc=0x000001f3bc61c024 relative=0x0000000000000204
Event: 4.993 Thread 0x000001f3aa82d000 Uncommon trap: reason=profile_predicate action=maybe_recompile pc=0x000001f3bc61c024 method=java.util.LinkedHashMap.valuesToArray([Ljava/lang/Object;)[Ljava/lang/Object; @ 12 c2
Event: 4.993 Thread 0x000001f3aa82d000 DEOPT PACKING pc=0x000001f3bc61c024 sp=0x0000002ce7cfc510
Event: 4.993 Thread 0x000001f3aa82d000 DEOPT UNPACKING pc=0x000001f3b483912f sp=0x0000002ce7cfc4c8 mode 2
Event: 4.995 Thread 0x000001f3aa82d000 Uncommon trap: trap_request=0xffffffbe fr.pc=0x000001f3bc61c024 relative=0x0000000000000204
Event: 4.995 Thread 0x000001f3aa82d000 Uncommon trap: reason=profile_predicate action=maybe_recompile pc=0x000001f3bc61c024 method=java.util.LinkedHashMap.valuesToArray([Ljava/lang/Object;)[Ljava/lang/Object; @ 12 c2
Event: 4.995 Thread 0x000001f3aa82d000 DEOPT PACKING pc=0x000001f3bc61c024 sp=0x0000002ce7cfc510
Event: 4.995 Thread 0x000001f3aa82d000 DEOPT UNPACKING pc=0x000001f3b483912f sp=0x0000002ce7cfc4c8 mode 2

Classes unloaded (0 events):
No events

Classes redefined (0 events):
No events

Internal exceptions (20 events):
Event: 1.625 Thread 0x000001f3aa82d000 Exception <a 'java/lang/NoSuchMethodError'{0x000000070cf1d118}: 'void java.lang.invoke.DirectMethodHandle$Holder.invokeStaticInit(java.lang.Object, java.lang.Object)'> (0x000000070cf1d118) 
thrown [./open/src/hotspot/share/interpreter/linkResolver.cpp, line 766]
Event: 1.626 Thread 0x000001f3aa82d000 Exception <a 'java/lang/NoSuchMethodError'{0x000000070cf22e80}: 'int java.lang.invoke.DirectMethodHandle$Holder.invokeStaticInit(java.lang.Object, java.lang.Object)'> (0x000000070cf22e80) 
thrown [./open/src/hotspot/share/interpreter/linkResolver.cpp, line 766]
Event: 1.745 Thread 0x000001f3aa82d000 Exception <a 'java/lang/NoSuchMethodError'{0x000000070c82ff70}: 'java.lang.Object java.lang.invoke.DirectMethodHandle$Holder.invokeStaticInit(java.lang.Object, java.lang.Object, int, int, int, int)'> (0x000000070c82ff70) 
thrown [./open/src/hotspot/share/interpreter/linkResolver.cpp, line 766]
Event: 2.138 Thread 0x000001f3aa82d000 Exception <a 'java/lang/NoSuchMethodError'{0x000000070bcac008}: 'void java.lang.invoke.DirectMethodHandle$Holder.invokeSpecial(java.lang.Object, java.lang.Object, java.lang.Object, java.lang.Object)'> (0x000000070bcac008) 
thrown [./open/src/hotspot/share/interpreter/linkResolver.cpp, line 766]
Event: 2.543 Thread 0x000001f3aa82d000 Implicit null exception at 0x000001f3bc44f6d1 to 0x000001f3bc451bfc
Event: 3.160 Thread 0x000001f3aa82d000 Implicit null exception at 0x000001f3bc45738b to 0x000001f3bc4595d8
Event: 3.654 Thread 0x000001f3aa82d000 Exception <a 'java/lang/NoSuchMethodError'{0x0000000707a3dab0}: 'java.lang.Object java.lang.invoke.DirectMethodHandle$Holder.invokeVirtual(java.lang.Object, java.lang.Object, java.lang.Object)'> (0x0000000707a3dab0) 
thrown [./open/src/hotspot/share/interpreter/linkResolver.cpp, line 766]
Event: 3.655 Thread 0x000001f3aa82d000 Exception <a 'java/lang/NoSuchMethodError'{0x0000000707a44870}: 'int java.lang.invoke.DirectMethodHandle$Holder.invokeInterface(java.lang.Object, java.lang.Object)'> (0x0000000707a44870) 
thrown [./open/src/hotspot/share/interpreter/linkResolver.cpp, line 766]
Event: 3.755 Thread 0x000001f3aa82d000 Exception <a 'sun/nio/fs/WindowsException'{0x00000007070f1278}> (0x00000007070f1278) 
thrown [./open/src/hotspot/share/prims/jni.cpp, line 599]
Event: 3.755 Thread 0x000001f3aa82d000 Exception <a 'sun/nio/fs/WindowsException'{0x00000007070f1aa0}> (0x00000007070f1aa0) 
thrown [./open/src/hotspot/share/prims/jni.cpp, line 599]
Event: 3.755 Thread 0x000001f3aa82d000 Exception <a 'sun/nio/fs/WindowsException'{0x00000007070f21a8}> (0x00000007070f21a8) 
thrown [./open/src/hotspot/share/prims/jni.cpp, line 599]
Event: 3.756 Thread 0x000001f3aa82d000 Exception <a 'sun/nio/fs/WindowsException'{0x00000007070f2888}> (0x00000007070f2888) 
thrown [./open/src/hotspot/share/prims/jni.cpp, line 599]
Event: 3.796 Thread 0x000001f3aa82d000 Exception <a 'sun/nio/fs/WindowsException'{0x0000000706946e70}> (0x0000000706946e70) 
thrown [./open/src/hotspot/share/prims/jni.cpp, line 599]
Event: 3.796 Thread 0x000001f3aa82d000 Exception <a 'sun/nio/fs/WindowsException'{0x00000007069470f8}> (0x00000007069470f8) 
thrown [./open/src/hotspot/share/prims/jni.cpp, line 599]
Event: 3.796 Thread 0x000001f3aa82d000 Exception <a 'sun/nio/fs/WindowsException'{0x0000000706948c48}> (0x0000000706948c48) 
thrown [./open/src/hotspot/share/prims/jni.cpp, line 599]
Event: 3.796 Thread 0x000001f3aa82d000 Exception <a 'sun/nio/fs/WindowsException'{0x0000000706948de0}> (0x0000000706948de0) 
thrown [./open/src/hotspot/share/prims/jni.cpp, line 599]
Event: 3.800 Thread 0x000001f3aa82d000 Exception <a 'java/lang/NoSuchMethodError'{0x00000007069593f0}: 'int java.lang.invoke.DirectMethodHandle$Holder.invokeVirtual(java.lang.Object, java.lang.Object, java.lang.Object)'> (0x00000007069593f0) 
thrown [./open/src/hotspot/share/interpreter/linkResolver.cpp, line 766]
Event: 3.888 Thread 0x000001f3aa82d000 Exception <a 'java/lang/NoSuchMethodError'{0x0000000706762b20}: 'int java.lang.invoke.DirectMethodHandle$Holder.invokeVirtual(java.lang.Object, java.lang.Object)'> (0x0000000706762b20) 
thrown [./open/src/hotspot/share/interpreter/linkResolver.cpp, line 766]
Event: 3.892 Thread 0x000001f3aa82d000 Exception <a 'java/lang/NoSuchMethodError'{0x000000070678f9d0}: 'java.lang.Object java.lang.invoke.Invokers$Holder.linkToTargetMethod(java.lang.Object, java.lang.Object, java.lang.Object, java.lang.Object, java.lang.Object, java.lang.Object)'> (0x000000070678f9d0) 
thrown [./open/src/hotspot/share/interpreter/linkResolver.cpp, line 766]
Event: 4.601 Thread 0x000001f3aa82d000 Implicit null exception at 0x000001f3bc4854ac to 0x000001f3bc48567a

Events (20 events):
Event: 4.613 loading class java/nio/file/FileTreeWalker done
Event: 4.613 loading class java/nio/file/ClosedDirectoryStreamException
Event: 4.613 loading class java/nio/file/ClosedDirectoryStreamException done
Event: 4.613 loading class java/nio/file/DirectoryIteratorException
Event: 4.613 loading class java/nio/file/DirectoryIteratorException done
Event: 4.613 loading class java/nio/file/FileTreeWalker$DirectoryNode
Event: 4.613 loading class java/nio/file/FileTreeWalker$DirectoryNode done
Event: 4.614 loading class java/nio/file/FileTreeWalker$Event
Event: 4.614 loading class java/nio/file/FileTreeWalker$Event done
Event: 4.614 loading class java/nio/file/FileTreeWalker$EventType
Event: 4.614 loading class java/nio/file/FileTreeWalker$EventType done
Event: 4.614 loading class java/nio/file/Files$3
Event: 4.614 loading class java/nio/file/Files$3 done
Event: 4.614 loading class java/nio/file/FileVisitResult
Event: 4.614 loading class java/nio/file/FileVisitResult done
Event: 4.706 loading class java/util/concurrent/locks/AbstractQueuedSynchronizer$Node
Event: 4.707 loading class java/util/concurrent/locks/AbstractQueuedSynchronizer$Node done
Event: 4.815 Loaded shared library C:\jdk-14.0.1\bin\nio.dll
Event: 4.829 Executing VM operation: G1CollectForAllocation
Event: 4.852 Executing VM operation: G1CollectForAllocation done


Dynamic libraries:
0x00007ff7897f0000 - 0x00007ff7897fd000 	C:\jdk-14.0.1\bin\java.exe
0x00007ffc6cce0000 - 0x00007ffc6ced0000 	C:\Windows\SYSTEM32\ntdll.dll
0x00007ffc6bb70000 - 0x00007ffc6bc22000 	C:\Windows\System32\KERNEL32.DLL
0x00007ffc69f90000 - 0x00007ffc6a235000 	C:\Windows\System32\KERNELBASE.dll
0x00007ffc69ca0000 - 0x00007ffc69d9a000 	C:\Windows\System32\ucrtbase.dll
0x00007ffc66db0000 - 0x00007ffc66dc8000 	C:\jdk-14.0.1\bin\jli.dll
0x00007ffc66d90000 - 0x00007ffc66da5000 	C:\jdk-14.0.1\bin\VCRUNTIME140.dll
0x00007ffc6c240000 - 0x00007ffc6c3d4000 	C:\Windows\System32\USER32.dll
0x00007ffc59af0000 - 0x00007ffc59d74000 	C:\Windows\WinSxS\amd64_microsoft.windows.common-controls_6595b64144ccf1df_6.0.18362.1440_none_9e7dbfb9e45e8e67\COMCTL32.dll
0x00007ffc6a240000 - 0x00007ffc6a261000 	C:\Windows\System32\win32u.dll
0x00007ffc6c740000 - 0x00007ffc6c766000 	C:\Windows\System32\GDI32.dll
0x00007ffc6ba20000 - 0x00007ffc6babe000 	C:\Windows\System32\msvcrt.dll
0x00007ffc6a3c0000 - 0x00007ffc6a558000 	C:\Windows\System32\gdi32full.dll
0x00007ffc6c8f0000 - 0x00007ffc6cc26000 	C:\Windows\System32\combase.dll
0x00007ffc6a320000 - 0x00007ffc6a3be000 	C:\Windows\System32\msvcp_win.dll
0x00007ffc6c7d0000 - 0x00007ffc6c8ef000 	C:\Windows\System32\RPCRT4.dll
0x00007ffc6a290000 - 0x00007ffc6a311000 	C:\Windows\System32\bcryptPrimitives.dll
0x00007ffc6c060000 - 0x00007ffc6c08e000 	C:\Windows\System32\IMM32.DLL
0x00007ffc5a670000 - 0x00007ffc5a70b000 	C:\jdk-14.0.1\bin\msvcp140.dll
0x00007ffbf8cd0000 - 0x00007ffbf97ee000 	C:\jdk-14.0.1\bin\server\jvm.dll
0x00007ffc6c540000 - 0x00007ffc6c5e3000 	C:\Windows\System32\ADVAPI32.dll
0x00007ffc6bac0000 - 0x00007ffc6bb57000 	C:\Windows\System32\sechost.dll
0x00007ffc6bb60000 - 0x00007ffc6bb68000 	C:\Windows\System32\PSAPI.DLL
0x00007ffc66e60000 - 0x00007ffc66e69000 	C:\Windows\SYSTEM32\WSOCK32.dll
0x00007ffc678b0000 - 0x00007ffc678d4000 	C:\Windows\SYSTEM32\WINMM.dll
0x00007ffc60d70000 - 0x00007ffc60d7a000 	C:\Windows\SYSTEM32\VERSION.dll
0x00007ffc6bd00000 - 0x00007ffc6bd6f000 	C:\Windows\System32\WS2_32.dll
0x00007ffc67880000 - 0x00007ffc678ad000 	C:\Windows\SYSTEM32\winmmbase.dll
0x00007ffc69c50000 - 0x00007ffc69c9a000 	C:\Windows\System32\cfgmgr32.dll
0x00007ffc69bc0000 - 0x00007ffc69bd1000 	C:\Windows\System32\kernel.appcore.dll
0x00007ffc66d50000 - 0x00007ffc66d5a000 	C:\jdk-14.0.1\bin\jimage.dll
0x00007ffc649d0000 - 0x00007ffc64bc4000 	C:\Windows\SYSTEM32\DBGHELP.DLL
0x00007ffc4d750000 - 0x00007ffc4d77a000 	C:\Windows\SYSTEM32\dbgcore.DLL
0x00007ffc63ed0000 - 0x00007ffc63ef5000 	C:\jdk-14.0.1\bin\java.dll
0x00007ffc63e70000 - 0x00007ffc63e86000 	C:\jdk-14.0.1\bin\zip.dll
0x00007ffc6ad90000 - 0x00007ffc6b478000 	C:\Windows\System32\SHELL32.dll
0x00007ffc6b480000 - 0x00007ffc6b527000 	C:\Windows\System32\shcore.dll
0x00007ffc6a610000 - 0x00007ffc6ad8b000 	C:\Windows\System32\windows.storage.dll
0x00007ffc69be0000 - 0x00007ffc69bfe000 	C:\Windows\System32\profapi.dll
0x00007ffc69c00000 - 0x00007ffc69c4a000 	C:\Windows\System32\powrprof.dll
0x00007ffc69b90000 - 0x00007ffc69ba0000 	C:\Windows\System32\UMPDC.dll
0x00007ffc6c770000 - 0x00007ffc6c7c2000 	C:\Windows\System32\shlwapi.dll
0x00007ffc6a270000 - 0x00007ffc6a287000 	C:\Windows\System32\cryptsp.dll
0x00007ffc5aa10000 - 0x00007ffc5aa29000 	C:\jdk-14.0.1\bin\net.dll
0x00007ffc60c30000 - 0x00007ffc60d2a000 	C:\Windows\SYSTEM32\WINHTTP.dll
0x00007ffc693d0000 - 0x00007ffc69437000 	C:\Windows\system32\mswsock.dll
0x00007ffc5a640000 - 0x00007ffc5a652000 	C:\jdk-14.0.1\bin\nio.dll
0x00007ffc63e60000 - 0x00007ffc63e70000 	C:\jdk-14.0.1\bin\verify.dll
0x00007ffc596c0000 - 0x00007ffc596ce000 	C:\jdk-14.0.1\bin\sunmscapi.dll
0x00007ffc69da0000 - 0x00007ffc69ef1000 	C:\Windows\System32\CRYPT32.dll
0x00007ffc69ba0000 - 0x00007ffc69bb2000 	C:\Windows\System32\MSASN1.dll
0x00007ffc696a0000 - 0x00007ffc696c6000 	C:\Windows\SYSTEM32\ncrypt.dll
0x00007ffc69f00000 - 0x00007ffc69f26000 	C:\Windows\System32\bcrypt.dll
0x00007ffc69660000 - 0x00007ffc6969b000 	C:\Windows\SYSTEM32\NTASN1.dll
0x00007ffc2f810000 - 0x00007ffc2f835000 	C:\jdk-14.0.1\bin\sunec.dll
0x00007ffc68f50000 - 0x00007ffc68f83000 	C:\Windows\system32\rsaenh.dll
0x00007ffc69ab0000 - 0x00007ffc69ad5000 	C:\Windows\SYSTEM32\USERENV.dll
0x00007ffc695a0000 - 0x00007ffc695ac000 	C:\Windows\SYSTEM32\CRYPTBASE.dll
0x00007ffc690e0000 - 0x00007ffc6911a000 	C:\Windows\SYSTEM32\IPHLPAPI.DLL
0x00007ffc6cc30000 - 0x00007ffc6cc38000 	C:\Windows\System32\NSI.dll
0x00007ffc61040000 - 0x00007ffc61056000 	C:\Windows\SYSTEM32\dhcpcsvc6.DLL
0x00007ffc625b0000 - 0x00007ffc625cc000 	C:\Windows\SYSTEM32\dhcpcsvc.DLL
0x00007ffc69120000 - 0x00007ffc691eb000 	C:\Windows\SYSTEM32\DNSAPI.dll
0x00007ffc62db0000 - 0x00007ffc62dba000 	C:\Windows\System32\rasadhlp.dll
0x00007ffc64f10000 - 0x00007ffc64f87000 	C:\Windows\System32\fwpuclnt.dll

dbghelp: loaded successfully - version: 4.0.5 - missing functions: none
symbol engine: initialized successfully - sym options: 0x614 - pdb path: .;C:\jdk-14.0.1\bin;C:\Windows\SYSTEM32;C:\Windows\WinSxS\amd64_microsoft.windows.common-controls_6595b64144ccf1df_6.0.18362.1440_none_9e7dbfb9e45e8e67;C:\jdk-14.0.1\bin\server

VM Arguments:
jvm_args: -Dclassworlds.conf=C:\apache-maven-3.3.9\bin\..\bin\m2.conf -Dmaven.home=C:\apache-maven-3.3.9\bin\.. -Dmaven.multiModuleProjectDirectory=c:\dependencies\nova\components 
java_command: org.codehaus.plexus.classworlds.launcher.Launcher clean install
java_class_path (initial): C:\apache-maven-3.3.9\bin\..\boot\plexus-classworlds-2.5.2.jar
Launcher Type: SUN_STANDARD

[Global flags]
     intx CICompilerCount                          = 4                                         {product} {ergonomic}
     uint ConcGCThreads                            = 2                                         {product} {ergonomic}
     uint G1ConcRefinementThreads                  = 8                                         {product} {ergonomic}
   size_t G1HeapRegionSize                         = 1048576                                   {product} {ergonomic}
    uintx GCDrainStackTargetSize                   = 64                                        {product} {ergonomic}
   size_t InitialHeapSize                          = 268435456                                 {product} {ergonomic}
   size_t MarkStackSize                            = 4194304                                   {product} {ergonomic}
   size_t MaxHeapSize                              = 4265607168                                {product} {ergonomic}
   size_t MaxNewSize                               = 2558525440                                {product} {ergonomic}
   size_t MinHeapDeltaBytes                        = 1048576                                   {product} {ergonomic}
   size_t MinHeapSize                              = 8388608                                   {product} {ergonomic}
    uintx NonNMethodCodeHeapSize                   = 5839372                                {pd product} {ergonomic}
    uintx NonProfiledCodeHeapSize                  = 122909434                              {pd product} {ergonomic}
    uintx ProfiledCodeHeapSize                     = 122909434                              {pd product} {ergonomic}
    uintx ReservedCodeCacheSize                    = 251658240                              {pd product} {ergonomic}
     bool SegmentedCodeCache                       = true                                      {product} {ergonomic}
   size_t SoftMaxHeapSize                          = 4265607168                             {manageable} {ergonomic}
     bool UseCompressedClassPointers               = true                                 {lp64_product} {ergonomic}
     bool UseCompressedOops                        = true                                 {lp64_product} {ergonomic}
     bool UseG1GC                                  = true                                      {product} {ergonomic}
     bool UseLargePagesIndividualAllocation        = false                                  {pd product} {ergonomic}

Logging:
Log output configuration:
 #0: stdout all=warning uptime,level,tags
 #1: stderr all=off uptime,level,tags

Environment Variables:
JAVA_HOME=C:\jdk-14.0.1
PATH=C:/jdk-14.0.1/bin/server;C:/jdk-14.0.1/bin;Z:\Program Files\ImageMagick-7.0.11-Q8;Z:\Program Files\dotnet\;C:\Program Files (x86)\dotnet\;C:\jdk-14.0.1\bin;C:\apache-maven-3.3.9\bin;Z:\Program Files\Git\bin;C:\evolve\tools;C:\Program Files\nodejs\;c:\windows;c:\windows\system32;c:\windows\system;Z:\Program Files\7-Zip;Z:\Programs\OpenSSL-Win64\bin;C:\Users\Andrew\AppData\Local\Microsoft\WindowsApps;z:\Programs Files\Microsoft VS Code\bin;C:\Users\Andrew\AppData\Roaming\npm;C:\Users\Andrew\AppData\Local\GitHubDesktop\bin;C:\Windows\system32;
USERNAME=Andrew
OS=Windows_NT
PROCESSOR_IDENTIFIER=Intel64 Family 6 Model 158 Stepping 9, GenuineIntel



---------------  S Y S T E M  ---------------

OS: Windows 10 , 64 bit Build 18362 (10.0.18362.1350)
OS uptime: 2 days 6:46 hours

CPU:total 8 (initial active 8) (4 cores per cpu, 2 threads per core) family 6 model 158 stepping 9, cmov, cx8, fxsr, mmx, sse, sse2, sse3, ssse3, sse4.1, sse4.2, popcnt, avx, avx2, aes, clmul, erms, 3dnowpref, lzcnt, ht, tsc, tscinvbit, bmi1, bmi2, adx, fma

Memory: 4k page, system-wide physical 16271M (6281M free)
TotalPageFile size 33679M (AvailPageFile size 15806M)
current process WorkingSet (physical memory assigned to process): 299M, peak: 302M
current process commit charge ("private bytes"): 348M, peak: 404M

vm_info: OpenJDK 64-Bit Server VM (14.0.1+7) for windows-amd64 JRE (14.0.1+7), built on Mar  5 2020 10:30:04 by "mach5one" with MS VC++ 15.9 (VS2017)

END.
